<?xml version="1.0" encoding="UTF-8"?>
<!-- Generated by org.testng.reporters.JUnitReportReporter -->
<testsuite hostname="radhey" failures="0" tests="1" name="RestAssured.RestAssured.TestGetMethod" time="2.397" errors="0" timestamp="2024-01-26T22:54:52 IST" skipped="0">
  <testcase classname="RestAssured.RestAssured.TestGetMethod" name="test02" time="2.397"/>
  <system-out/>
</testsuite> <!-- RestAssured.RestAssured.TestGetMethod -->
