<?xml version="1.0" encoding="UTF-8"?>
<!-- Generated by org.testng.reporters.JUnitReportReporter -->
<testsuite hostname="radhey" failures="0" tests="1" name="HTTP_Vlaidate.QuerPrams" time="3.493" errors="0" timestamp="2024-01-28T17:18:20 IST" skipped="0">
  <testcase classname="HTTP_Vlaidate.QuerPrams" name="Test01" time="3.493"/>
  <system-out/>
</testsuite> <!-- HTTP_Vlaidate.QuerPrams -->
