<?xml version="1.0" encoding="UTF-8"?>
<!-- Generated by org.testng.reporters.JUnitReportReporter -->
<testsuite hostname="radhey" failures="1" tests="2767" name="MTO.Standard_Sku" time="35.856" errors="0" timestamp="2024-04-09T18:12:28 IST" skipped="0">
  <testcase classname="MTO.Standard_Sku" name="create" time="0.012"/>
  <system-out/>
  <testcase classname="MTO.Standard_Sku" name="create" time="0.017"/>
  <system-out/>
  <testcase classname="MTO.Standard_Sku" name="create" time="0.016"/>
  <system-out/>
  <testcase classname="MTO.Standard_Sku" name="create" time="0.012"/>
  <system-out/>
  <testcase classname="MTO.Standard_Sku" name="create" time="0.014"/>
  <system-out/>
  <testcase classname="MTO.Standard_Sku" name="create" time="0.010"/>
  <system-out/>
  <testcase classname="MTO.Standard_Sku" name="create" time="0.012"/>
  <system-out/>
  <testcase classname="MTO.Standard_Sku" name="create" time="0.010"/>
  <system-out/>
  <testcase classname="MTO.Standard_Sku" name="create" time="0.013"/>
  <system-out/>
  <testcase classname="MTO.Standard_Sku" name="create" time="0.011"/>
  <system-out/>
  <testcase classname="MTO.Standard_Sku" name="create" time="0.012"/>
  <system-out/>
  <testcase classname="MTO.Standard_Sku" name="create" time="0.012"/>
  <system-out/>
  <testcase classname="MTO.Standard_Sku" name="create" time="0.010"/>
  <system-out/>
  <testcase classname="MTO.Standard_Sku" name="create" time="0.011"/>
  <system-out/>
  <testcase classname="MTO.Standard_Sku" name="create" time="0.011"/>
  <system-out/>
  <testcase classname="MTO.Standard_Sku" name="create" time="0.014"/>
  <system-out/>
  <testcase classname="MTO.Standard_Sku" name="create" time="0.011"/>
  <system-out/>
  <testcase classname="MTO.Standard_Sku" name="create" time="0.014"/>
  <system-out/>
  <testcase classname="MTO.Standard_Sku" name="create" time="0.012"/>
  <system-out/>
  <testcase classname="MTO.Standard_Sku" name="create" time="0.009"/>
  <system-out/>
  <testcase classname="MTO.Standard_Sku" name="create" time="0.010"/>
  <system-out/>
  <testcase classname="MTO.Standard_Sku" name="create" time="0.011"/>
  <system-out/>
  <testcase classname="MTO.Standard_Sku" name="create" time="0.011"/>
  <system-out/>
  <testcase classname="MTO.Standard_Sku" name="create" time="0.011"/>
  <system-out/>
  <testcase classname="MTO.Standard_Sku" name="create" time="0.010"/>
  <system-out/>
  <testcase classname="MTO.Standard_Sku" name="create" time="0.016"/>
  <system-out/>
  <testcase classname="MTO.Standard_Sku" name="create" time="0.010"/>
  <system-out/>
  <testcase classname="MTO.Standard_Sku" name="create" time="0.015"/>
  <system-out/>
  <testcase classname="MTO.Standard_Sku" name="create" time="0.010"/>
  <system-out/>
  <testcase classname="MTO.Standard_Sku" name="create" time="0.011"/>
  <system-out/>
  <testcase classname="MTO.Standard_Sku" name="create" time="0.015"/>
  <system-out/>
  <testcase classname="MTO.Standard_Sku" name="create" time="0.012"/>
  <system-out/>
  <testcase classname="MTO.Standard_Sku" name="create" time="0.017"/>
  <system-out/>
  <testcase classname="MTO.Standard_Sku" name="create" time="0.016"/>
  <system-out/>
  <testcase classname="MTO.Standard_Sku" name="create" time="0.013"/>
  <system-out/>
  <testcase classname="MTO.Standard_Sku" name="create" time="0.012"/>
  <system-out/>
  <testcase classname="MTO.Standard_Sku" name="create" time="0.010"/>
  <system-out/>
  <testcase classname="MTO.Standard_Sku" name="create" time="0.010"/>
  <system-out/>
  <testcase classname="MTO.Standard_Sku" name="create" time="0.015"/>
  <system-out/>
  <testcase classname="MTO.Standard_Sku" name="create" time="0.011"/>
  <system-out/>
  <testcase classname="MTO.Standard_Sku" name="create" time="0.011"/>
  <system-out/>
  <testcase classname="MTO.Standard_Sku" name="create" time="0.010"/>
  <system-out/>
  <testcase classname="MTO.Standard_Sku" name="create" time="0.011"/>
  <system-out/>
  <testcase classname="MTO.Standard_Sku" name="create" time="0.014"/>
  <system-out/>
  <testcase classname="MTO.Standard_Sku" name="create" time="0.011"/>
  <system-out/>
  <testcase classname="MTO.Standard_Sku" name="create" time="0.012"/>
  <system-out/>
  <testcase classname="MTO.Standard_Sku" name="create" time="0.014"/>
  <system-out/>
  <testcase classname="MTO.Standard_Sku" name="create" time="0.013"/>
  <system-out/>
  <testcase classname="MTO.Standard_Sku" name="create" time="0.013"/>
  <system-out/>
  <testcase classname="MTO.Standard_Sku" name="create" time="0.012"/>
  <system-out/>
  <testcase classname="MTO.Standard_Sku" name="create" time="0.010"/>
  <system-out/>
  <testcase classname="MTO.Standard_Sku" name="create" time="0.011"/>
  <system-out/>
  <testcase classname="MTO.Standard_Sku" name="create" time="0.011"/>
  <system-out/>
  <testcase classname="MTO.Standard_Sku" name="create" time="0.021"/>
  <system-out/>
  <testcase classname="MTO.Standard_Sku" name="create" time="0.012"/>
  <system-out/>
  <testcase classname="MTO.Standard_Sku" name="create" time="0.014"/>
  <system-out/>
  <testcase classname="MTO.Standard_Sku" name="create" time="0.010"/>
  <system-out/>
  <testcase classname="MTO.Standard_Sku" name="create" time="0.013"/>
  <system-out/>
  <testcase classname="MTO.Standard_Sku" name="create" time="0.010"/>
  <system-out/>
  <testcase classname="MTO.Standard_Sku" name="create" time="0.013"/>
  <system-out/>
  <testcase classname="MTO.Standard_Sku" name="create" time="0.012"/>
  <system-out/>
  <testcase classname="MTO.Standard_Sku" name="create" time="0.010"/>
  <system-out/>
  <testcase classname="MTO.Standard_Sku" name="create" time="0.012"/>
  <system-out/>
  <testcase classname="MTO.Standard_Sku" name="create" time="0.010"/>
  <system-out/>
  <testcase classname="MTO.Standard_Sku" name="create" time="0.013"/>
  <system-out/>
  <testcase classname="MTO.Standard_Sku" name="create" time="0.013"/>
  <system-out/>
  <testcase classname="MTO.Standard_Sku" name="create" time="0.020"/>
  <system-out/>
  <testcase classname="MTO.Standard_Sku" name="create" time="0.012"/>
  <system-out/>
  <testcase classname="MTO.Standard_Sku" name="create" time="0.011"/>
  <system-out/>
  <testcase classname="MTO.Standard_Sku" name="create" time="0.012"/>
  <system-out/>
  <testcase classname="MTO.Standard_Sku" name="create" time="0.011"/>
  <system-out/>
  <testcase classname="MTO.Standard_Sku" name="create" time="0.010"/>
  <system-out/>
  <testcase classname="MTO.Standard_Sku" name="create" time="0.010"/>
  <system-out/>
  <testcase classname="MTO.Standard_Sku" name="create" time="0.010"/>
  <system-out/>
  <testcase classname="MTO.Standard_Sku" name="create" time="0.010"/>
  <system-out/>
  <testcase classname="MTO.Standard_Sku" name="create" time="0.010"/>
  <system-out/>
  <testcase classname="MTO.Standard_Sku" name="create" time="0.012"/>
  <system-out/>
  <testcase classname="MTO.Standard_Sku" name="create" time="0.014"/>
  <system-out/>
  <testcase classname="MTO.Standard_Sku" name="create" time="0.017"/>
  <system-out/>
  <testcase classname="MTO.Standard_Sku" name="create" time="0.011"/>
  <system-out/>
  <testcase classname="MTO.Standard_Sku" name="create" time="0.011"/>
  <system-out/>
  <testcase classname="MTO.Standard_Sku" name="create" time="0.013"/>
  <system-out/>
  <testcase classname="MTO.Standard_Sku" name="create" time="0.011"/>
  <system-out/>
  <testcase classname="MTO.Standard_Sku" name="create" time="0.010"/>
  <system-out/>
  <testcase classname="MTO.Standard_Sku" name="create" time="0.011"/>
  <system-out/>
  <testcase classname="MTO.Standard_Sku" name="create" time="0.011"/>
  <system-out/>
  <testcase classname="MTO.Standard_Sku" name="create" time="0.011"/>
  <system-out/>
  <testcase classname="MTO.Standard_Sku" name="create" time="0.016"/>
  <system-out/>
  <testcase classname="MTO.Standard_Sku" name="create" time="0.012"/>
  <system-out/>
  <testcase classname="MTO.Standard_Sku" name="create" time="0.012"/>
  <system-out/>
  <testcase classname="MTO.Standard_Sku" name="create" time="0.012"/>
  <system-out/>
  <testcase classname="MTO.Standard_Sku" name="create" time="0.012"/>
  <system-out/>
  <testcase classname="MTO.Standard_Sku" name="create" time="0.012"/>
  <system-out/>
  <testcase classname="MTO.Standard_Sku" name="create" time="0.012"/>
  <system-out/>
  <testcase classname="MTO.Standard_Sku" name="create" time="0.009"/>
  <system-out/>
  <testcase classname="MTO.Standard_Sku" name="create" time="0.024"/>
  <system-out/>
  <testcase classname="MTO.Standard_Sku" name="create" time="0.010"/>
  <system-out/>
  <testcase classname="MTO.Standard_Sku" name="create" time="0.011"/>
  <system-out/>
  <testcase classname="MTO.Standard_Sku" name="create" time="0.012"/>
  <system-out/>
  <testcase classname="MTO.Standard_Sku" name="create" time="0.015"/>
  <system-out/>
  <testcase classname="MTO.Standard_Sku" name="create" time="0.012"/>
  <system-out/>
  <testcase classname="MTO.Standard_Sku" name="create" time="0.011"/>
  <system-out/>
  <testcase classname="MTO.Standard_Sku" name="create" time="0.012"/>
  <system-out/>
  <testcase classname="MTO.Standard_Sku" name="create" time="0.021"/>
  <system-out/>
  <testcase classname="MTO.Standard_Sku" name="create" time="0.011"/>
  <system-out/>
  <testcase classname="MTO.Standard_Sku" name="create" time="0.011"/>
  <system-out/>
  <testcase classname="MTO.Standard_Sku" name="create" time="0.010"/>
  <system-out/>
  <testcase classname="MTO.Standard_Sku" name="create" time="0.011"/>
  <system-out/>
  <testcase classname="MTO.Standard_Sku" name="create" time="0.012"/>
  <system-out/>
  <testcase classname="MTO.Standard_Sku" name="create" time="0.019"/>
  <system-out/>
  <testcase classname="MTO.Standard_Sku" name="create" time="0.012"/>
  <system-out/>
  <testcase classname="MTO.Standard_Sku" name="create" time="0.011"/>
  <system-out/>
  <testcase classname="MTO.Standard_Sku" name="create" time="0.011"/>
  <system-out/>
  <testcase classname="MTO.Standard_Sku" name="create" time="0.013"/>
  <system-out/>
  <testcase classname="MTO.Standard_Sku" name="create" time="0.012"/>
  <system-out/>
  <testcase classname="MTO.Standard_Sku" name="create" time="0.018"/>
  <system-out/>
  <testcase classname="MTO.Standard_Sku" name="create" time="0.010"/>
  <system-out/>
  <testcase classname="MTO.Standard_Sku" name="create" time="0.010"/>
  <system-out/>
  <testcase classname="MTO.Standard_Sku" name="create" time="0.011"/>
  <system-out/>
  <testcase classname="MTO.Standard_Sku" name="create" time="0.010"/>
  <system-out/>
  <testcase classname="MTO.Standard_Sku" name="create" time="0.027"/>
  <system-out/>
  <testcase classname="MTO.Standard_Sku" name="create" time="0.013"/>
  <system-out/>
  <testcase classname="MTO.Standard_Sku" name="create" time="0.012"/>
  <system-out/>
  <testcase classname="MTO.Standard_Sku" name="create" time="0.013"/>
  <system-out/>
  <testcase classname="MTO.Standard_Sku" name="create" time="0.011"/>
  <system-out/>
  <testcase classname="MTO.Standard_Sku" name="create" time="0.012"/>
  <system-out/>
  <testcase classname="MTO.Standard_Sku" name="create" time="0.011"/>
  <system-out/>
  <testcase classname="MTO.Standard_Sku" name="create" time="0.012"/>
  <system-out/>
  <testcase classname="MTO.Standard_Sku" name="create" time="0.010"/>
  <system-out/>
  <testcase classname="MTO.Standard_Sku" name="create" time="0.009"/>
  <system-out/>
  <testcase classname="MTO.Standard_Sku" name="create" time="0.011"/>
  <system-out/>
  <testcase classname="MTO.Standard_Sku" name="create" time="0.014"/>
  <system-out/>
  <testcase classname="MTO.Standard_Sku" name="create" time="0.012"/>
  <system-out/>
  <testcase classname="MTO.Standard_Sku" name="create" time="0.013"/>
  <system-out/>
  <testcase classname="MTO.Standard_Sku" name="create" time="0.009"/>
  <system-out/>
  <testcase classname="MTO.Standard_Sku" name="create" time="0.013"/>
  <system-out/>
  <testcase classname="MTO.Standard_Sku" name="create" time="0.014"/>
  <system-out/>
  <testcase classname="MTO.Standard_Sku" name="create" time="0.010"/>
  <system-out/>
  <testcase classname="MTO.Standard_Sku" name="create" time="0.011"/>
  <system-out/>
  <testcase classname="MTO.Standard_Sku" name="create" time="0.012"/>
  <system-out/>
  <testcase classname="MTO.Standard_Sku" name="create" time="0.011"/>
  <system-out/>
  <testcase classname="MTO.Standard_Sku" name="create" time="0.011"/>
  <system-out/>
  <testcase classname="MTO.Standard_Sku" name="create" time="0.012"/>
  <system-out/>
  <testcase classname="MTO.Standard_Sku" name="create" time="0.017"/>
  <system-out/>
  <testcase classname="MTO.Standard_Sku" name="create" time="0.011"/>
  <system-out/>
  <testcase classname="MTO.Standard_Sku" name="create" time="0.010"/>
  <system-out/>
  <testcase classname="MTO.Standard_Sku" name="create" time="0.014"/>
  <system-out/>
  <testcase classname="MTO.Standard_Sku" name="create" time="0.013"/>
  <system-out/>
  <testcase classname="MTO.Standard_Sku" name="create" time="0.012"/>
  <system-out/>
  <testcase classname="MTO.Standard_Sku" name="create" time="0.011"/>
  <system-out/>
  <testcase classname="MTO.Standard_Sku" name="create" time="0.010"/>
  <system-out/>
  <testcase classname="MTO.Standard_Sku" name="create" time="0.018"/>
  <system-out/>
  <testcase classname="MTO.Standard_Sku" name="create" time="0.011"/>
  <system-out/>
  <testcase classname="MTO.Standard_Sku" name="create" time="0.010"/>
  <system-out/>
  <testcase classname="MTO.Standard_Sku" name="create" time="0.010"/>
  <system-out/>
  <testcase classname="MTO.Standard_Sku" name="create" time="0.010"/>
  <system-out/>
  <testcase classname="MTO.Standard_Sku" name="create" time="0.011"/>
  <system-out/>
  <testcase classname="MTO.Standard_Sku" name="create" time="0.013"/>
  <system-out/>
  <testcase classname="MTO.Standard_Sku" name="create" time="0.011"/>
  <system-out/>
  <testcase classname="MTO.Standard_Sku" name="create" time="0.011"/>
  <system-out/>
  <testcase classname="MTO.Standard_Sku" name="create" time="0.012"/>
  <system-out/>
  <testcase classname="MTO.Standard_Sku" name="create" time="0.014"/>
  <system-out/>
  <testcase classname="MTO.Standard_Sku" name="create" time="0.013"/>
  <system-out/>
  <testcase classname="MTO.Standard_Sku" name="create" time="0.012"/>
  <system-out/>
  <testcase classname="MTO.Standard_Sku" name="create" time="0.011"/>
  <system-out/>
  <testcase classname="MTO.Standard_Sku" name="create" time="0.011"/>
  <system-out/>
  <testcase classname="MTO.Standard_Sku" name="create" time="0.011"/>
  <system-out/>
  <testcase classname="MTO.Standard_Sku" name="create" time="0.010"/>
  <system-out/>
  <testcase classname="MTO.Standard_Sku" name="create" time="0.009"/>
  <system-out/>
  <testcase classname="MTO.Standard_Sku" name="create" time="0.010"/>
  <system-out/>
  <testcase classname="MTO.Standard_Sku" name="create" time="0.010"/>
  <system-out/>
  <testcase classname="MTO.Standard_Sku" name="create" time="0.013"/>
  <system-out/>
  <testcase classname="MTO.Standard_Sku" name="create" time="0.012"/>
  <system-out/>
  <testcase classname="MTO.Standard_Sku" name="create" time="0.011"/>
  <system-out/>
  <testcase classname="MTO.Standard_Sku" name="create" time="0.010"/>
  <system-out/>
  <testcase classname="MTO.Standard_Sku" name="create" time="0.011"/>
  <system-out/>
  <testcase classname="MTO.Standard_Sku" name="create" time="0.011"/>
  <system-out/>
  <testcase classname="MTO.Standard_Sku" name="create" time="0.011"/>
  <system-out/>
  <testcase classname="MTO.Standard_Sku" name="create" time="0.012"/>
  <system-out/>
  <testcase classname="MTO.Standard_Sku" name="create" time="0.011"/>
  <system-out/>
  <testcase classname="MTO.Standard_Sku" name="create" time="0.012"/>
  <system-out/>
  <testcase classname="MTO.Standard_Sku" name="create" time="0.011"/>
  <system-out/>
  <testcase classname="MTO.Standard_Sku" name="create" time="0.012"/>
  <system-out/>
  <testcase classname="MTO.Standard_Sku" name="create" time="0.010"/>
  <system-out/>
  <testcase classname="MTO.Standard_Sku" name="create" time="0.011"/>
  <system-out/>
  <testcase classname="MTO.Standard_Sku" name="create" time="0.011"/>
  <system-out/>
  <testcase classname="MTO.Standard_Sku" name="create" time="0.022"/>
  <system-out/>
  <testcase classname="MTO.Standard_Sku" name="create" time="0.011"/>
  <system-out/>
  <testcase classname="MTO.Standard_Sku" name="create" time="0.014"/>
  <system-out/>
  <testcase classname="MTO.Standard_Sku" name="create" time="0.014"/>
  <system-out/>
  <testcase classname="MTO.Standard_Sku" name="create" time="0.012"/>
  <system-out/>
  <testcase classname="MTO.Standard_Sku" name="create" time="0.012"/>
  <system-out/>
  <testcase classname="MTO.Standard_Sku" name="create" time="0.010"/>
  <system-out/>
  <testcase classname="MTO.Standard_Sku" name="create" time="0.012"/>
  <system-out/>
  <testcase classname="MTO.Standard_Sku" name="create" time="0.011"/>
  <system-out/>
  <testcase classname="MTO.Standard_Sku" name="create" time="0.013"/>
  <system-out/>
  <testcase classname="MTO.Standard_Sku" name="create" time="0.011"/>
  <system-out/>
  <testcase classname="MTO.Standard_Sku" name="create" time="0.017"/>
  <system-out/>
  <testcase classname="MTO.Standard_Sku" name="create" time="0.011"/>
  <system-out/>
  <testcase classname="MTO.Standard_Sku" name="create" time="0.011"/>
  <system-out/>
  <testcase classname="MTO.Standard_Sku" name="create" time="0.011"/>
  <system-out/>
  <testcase classname="MTO.Standard_Sku" name="create" time="0.009"/>
  <system-out/>
  <testcase classname="MTO.Standard_Sku" name="create" time="0.013"/>
  <system-out/>
  <testcase classname="MTO.Standard_Sku" name="create" time="0.012"/>
  <system-out/>
  <testcase classname="MTO.Standard_Sku" name="create" time="0.011"/>
  <system-out/>
  <testcase classname="MTO.Standard_Sku" name="create" time="0.013"/>
  <system-out/>
  <testcase classname="MTO.Standard_Sku" name="create" time="0.010"/>
  <system-out/>
  <testcase classname="MTO.Standard_Sku" name="create" time="0.015"/>
  <system-out/>
  <testcase classname="MTO.Standard_Sku" name="create" time="0.013"/>
  <system-out/>
  <testcase classname="MTO.Standard_Sku" name="create" time="0.011"/>
  <system-out/>
  <testcase classname="MTO.Standard_Sku" name="create" time="0.010"/>
  <system-out/>
  <testcase classname="MTO.Standard_Sku" name="create" time="0.013"/>
  <system-out/>
  <testcase classname="MTO.Standard_Sku" name="create" time="0.010"/>
  <system-out/>
  <testcase classname="MTO.Standard_Sku" name="create" time="0.013"/>
  <system-out/>
  <testcase classname="MTO.Standard_Sku" name="create" time="0.009"/>
  <system-out/>
  <testcase classname="MTO.Standard_Sku" name="create" time="0.011"/>
  <system-out/>
  <testcase classname="MTO.Standard_Sku" name="create" time="0.011"/>
  <system-out/>
  <testcase classname="MTO.Standard_Sku" name="create" time="0.014"/>
  <system-out/>
  <testcase classname="MTO.Standard_Sku" name="create" time="0.030"/>
  <system-out/>
  <testcase classname="MTO.Standard_Sku" name="create" time="0.014"/>
  <system-out/>
  <testcase classname="MTO.Standard_Sku" name="create" time="0.011"/>
  <system-out/>
  <testcase classname="MTO.Standard_Sku" name="create" time="0.011"/>
  <system-out/>
  <testcase classname="MTO.Standard_Sku" name="create" time="0.010"/>
  <system-out/>
  <testcase classname="MTO.Standard_Sku" name="create" time="0.012"/>
  <system-out/>
  <testcase classname="MTO.Standard_Sku" name="create" time="0.013"/>
  <system-out/>
  <testcase classname="MTO.Standard_Sku" name="create" time="0.014"/>
  <system-out/>
  <testcase classname="MTO.Standard_Sku" name="create" time="0.014"/>
  <system-out/>
  <testcase classname="MTO.Standard_Sku" name="create" time="0.012"/>
  <system-out/>
  <testcase classname="MTO.Standard_Sku" name="create" time="0.010"/>
  <system-out/>
  <testcase classname="MTO.Standard_Sku" name="create" time="0.012"/>
  <system-out/>
  <testcase classname="MTO.Standard_Sku" name="create" time="0.010"/>
  <system-out/>
  <testcase classname="MTO.Standard_Sku" name="create" time="0.012"/>
  <system-out/>
  <testcase classname="MTO.Standard_Sku" name="create" time="0.016"/>
  <system-out/>
  <testcase classname="MTO.Standard_Sku" name="create" time="0.010"/>
  <system-out/>
  <testcase classname="MTO.Standard_Sku" name="create" time="0.010"/>
  <system-out/>
  <testcase classname="MTO.Standard_Sku" name="create" time="0.012"/>
  <system-out/>
  <testcase classname="MTO.Standard_Sku" name="create" time="0.010"/>
  <system-out/>
  <testcase classname="MTO.Standard_Sku" name="create" time="0.011"/>
  <system-out/>
  <testcase classname="MTO.Standard_Sku" name="create" time="0.012"/>
  <system-out/>
  <testcase classname="MTO.Standard_Sku" name="create" time="0.013"/>
  <system-out/>
  <testcase classname="MTO.Standard_Sku" name="create" time="0.010"/>
  <system-out/>
  <testcase classname="MTO.Standard_Sku" name="create" time="0.010"/>
  <system-out/>
  <testcase classname="MTO.Standard_Sku" name="create" time="0.014"/>
  <system-out/>
  <testcase classname="MTO.Standard_Sku" name="create" time="0.012"/>
  <system-out/>
  <testcase classname="MTO.Standard_Sku" name="create" time="0.012"/>
  <system-out/>
  <testcase classname="MTO.Standard_Sku" name="create" time="0.012"/>
  <system-out/>
  <testcase classname="MTO.Standard_Sku" name="create" time="0.010"/>
  <system-out/>
  <testcase classname="MTO.Standard_Sku" name="create" time="0.011"/>
  <system-out/>
  <testcase classname="MTO.Standard_Sku" name="create" time="0.010"/>
  <system-out/>
  <testcase classname="MTO.Standard_Sku" name="create" time="0.013"/>
  <system-out/>
  <testcase classname="MTO.Standard_Sku" name="create" time="0.010"/>
  <system-out/>
  <testcase classname="MTO.Standard_Sku" name="create" time="0.010"/>
  <system-out/>
  <testcase classname="MTO.Standard_Sku" name="create" time="0.011"/>
  <system-out/>
  <testcase classname="MTO.Standard_Sku" name="create" time="0.014"/>
  <system-out/>
  <testcase classname="MTO.Standard_Sku" name="create" time="0.010"/>
  <system-out/>
  <testcase classname="MTO.Standard_Sku" name="create" time="0.012"/>
  <system-out/>
  <testcase classname="MTO.Standard_Sku" name="create" time="0.009"/>
  <system-out/>
  <testcase classname="MTO.Standard_Sku" name="create" time="0.013"/>
  <system-out/>
  <testcase classname="MTO.Standard_Sku" name="create" time="0.015"/>
  <system-out/>
  <testcase classname="MTO.Standard_Sku" name="create" time="0.021"/>
  <system-out/>
  <testcase classname="MTO.Standard_Sku" name="create" time="0.011"/>
  <system-out/>
  <testcase classname="MTO.Standard_Sku" name="create" time="0.012"/>
  <system-out/>
  <testcase classname="MTO.Standard_Sku" name="create" time="0.014"/>
  <system-out/>
  <testcase classname="MTO.Standard_Sku" name="create" time="0.011"/>
  <system-out/>
  <testcase classname="MTO.Standard_Sku" name="create" time="0.014"/>
  <system-out/>
  <testcase classname="MTO.Standard_Sku" name="create" time="0.011"/>
  <system-out/>
  <testcase classname="MTO.Standard_Sku" name="create" time="0.011"/>
  <system-out/>
  <testcase classname="MTO.Standard_Sku" name="create" time="0.011"/>
  <system-out/>
  <testcase classname="MTO.Standard_Sku" name="create" time="0.012"/>
  <system-out/>
  <testcase classname="MTO.Standard_Sku" name="create" time="0.010"/>
  <system-out/>
  <testcase classname="MTO.Standard_Sku" name="create" time="0.015"/>
  <system-out/>
  <testcase classname="MTO.Standard_Sku" name="create" time="0.013"/>
  <system-out/>
  <testcase classname="MTO.Standard_Sku" name="create" time="0.013"/>
  <system-out/>
  <testcase classname="MTO.Standard_Sku" name="create" time="0.011"/>
  <system-out/>
  <testcase classname="MTO.Standard_Sku" name="create" time="0.010"/>
  <system-out/>
  <testcase classname="MTO.Standard_Sku" name="create" time="0.012"/>
  <system-out/>
  <testcase classname="MTO.Standard_Sku" name="create" time="0.011"/>
  <system-out/>
  <testcase classname="MTO.Standard_Sku" name="create" time="0.011"/>
  <system-out/>
  <testcase classname="MTO.Standard_Sku" name="create" time="0.014"/>
  <system-out/>
  <testcase classname="MTO.Standard_Sku" name="create" time="0.013"/>
  <system-out/>
  <testcase classname="MTO.Standard_Sku" name="create" time="0.012"/>
  <system-out/>
  <testcase classname="MTO.Standard_Sku" name="create" time="0.010"/>
  <system-out/>
  <testcase classname="MTO.Standard_Sku" name="create" time="0.011"/>
  <system-out/>
  <testcase classname="MTO.Standard_Sku" name="create" time="0.011"/>
  <system-out/>
  <testcase classname="MTO.Standard_Sku" name="create" time="0.012"/>
  <system-out/>
  <testcase classname="MTO.Standard_Sku" name="create" time="0.011"/>
  <system-out/>
  <testcase classname="MTO.Standard_Sku" name="create" time="0.010"/>
  <system-out/>
  <testcase classname="MTO.Standard_Sku" name="create" time="0.011"/>
  <system-out/>
  <testcase classname="MTO.Standard_Sku" name="create" time="0.010"/>
  <system-out/>
  <testcase classname="MTO.Standard_Sku" name="create" time="0.013"/>
  <system-out/>
  <testcase classname="MTO.Standard_Sku" name="create" time="0.014"/>
  <system-out/>
  <testcase classname="MTO.Standard_Sku" name="create" time="0.011"/>
  <system-out/>
  <testcase classname="MTO.Standard_Sku" name="create" time="0.016"/>
  <system-out/>
  <testcase classname="MTO.Standard_Sku" name="create" time="0.011"/>
  <system-out/>
  <testcase classname="MTO.Standard_Sku" name="create" time="0.013"/>
  <system-out/>
  <testcase classname="MTO.Standard_Sku" name="create" time="0.011"/>
  <system-out/>
  <testcase classname="MTO.Standard_Sku" name="create" time="0.011"/>
  <system-out/>
  <testcase classname="MTO.Standard_Sku" name="create" time="0.016"/>
  <system-out/>
  <testcase classname="MTO.Standard_Sku" name="create" time="0.011"/>
  <system-out/>
  <testcase classname="MTO.Standard_Sku" name="create" time="0.012"/>
  <system-out/>
  <testcase classname="MTO.Standard_Sku" name="create" time="0.012"/>
  <system-out/>
  <testcase classname="MTO.Standard_Sku" name="create" time="0.014"/>
  <system-out/>
  <testcase classname="MTO.Standard_Sku" name="create" time="0.011"/>
  <system-out/>
  <testcase classname="MTO.Standard_Sku" name="create" time="0.012"/>
  <system-out/>
  <testcase classname="MTO.Standard_Sku" name="create" time="0.011"/>
  <system-out/>
  <testcase classname="MTO.Standard_Sku" name="create" time="0.011"/>
  <system-out/>
  <testcase classname="MTO.Standard_Sku" name="create" time="0.013"/>
  <system-out/>
  <testcase classname="MTO.Standard_Sku" name="create" time="0.014"/>
  <system-out/>
  <testcase classname="MTO.Standard_Sku" name="create" time="0.010"/>
  <system-out/>
  <testcase classname="MTO.Standard_Sku" name="create" time="0.011"/>
  <system-out/>
  <testcase classname="MTO.Standard_Sku" name="create" time="0.010"/>
  <system-out/>
  <testcase classname="MTO.Standard_Sku" name="create" time="0.011"/>
  <system-out/>
  <testcase classname="MTO.Standard_Sku" name="create" time="0.011"/>
  <system-out/>
  <testcase classname="MTO.Standard_Sku" name="create" time="0.015"/>
  <system-out/>
  <testcase classname="MTO.Standard_Sku" name="create" time="0.012"/>
  <system-out/>
  <testcase classname="MTO.Standard_Sku" name="create" time="0.010"/>
  <system-out/>
  <testcase classname="MTO.Standard_Sku" name="create" time="0.012"/>
  <system-out/>
  <testcase classname="MTO.Standard_Sku" name="create" time="0.012"/>
  <system-out/>
  <testcase classname="MTO.Standard_Sku" name="create" time="0.011"/>
  <system-out/>
  <testcase classname="MTO.Standard_Sku" name="create" time="0.011"/>
  <system-out/>
  <testcase classname="MTO.Standard_Sku" name="create" time="0.016"/>
  <system-out/>
  <testcase classname="MTO.Standard_Sku" name="create" time="0.010"/>
  <system-out/>
  <testcase classname="MTO.Standard_Sku" name="create" time="0.011"/>
  <system-out/>
  <testcase classname="MTO.Standard_Sku" name="create" time="0.011"/>
  <system-out/>
  <testcase classname="MTO.Standard_Sku" name="create" time="0.011"/>
  <system-out/>
  <testcase classname="MTO.Standard_Sku" name="create" time="0.014"/>
  <system-out/>
  <testcase classname="MTO.Standard_Sku" name="create" time="0.011"/>
  <system-out/>
  <testcase classname="MTO.Standard_Sku" name="create" time="0.010"/>
  <system-out/>
  <testcase classname="MTO.Standard_Sku" name="create" time="0.013"/>
  <system-out/>
  <testcase classname="MTO.Standard_Sku" name="create" time="0.010"/>
  <system-out/>
  <testcase classname="MTO.Standard_Sku" name="create" time="0.014"/>
  <system-out/>
  <testcase classname="MTO.Standard_Sku" name="create" time="0.012"/>
  <system-out/>
  <testcase classname="MTO.Standard_Sku" name="create" time="0.010"/>
  <system-out/>
  <testcase classname="MTO.Standard_Sku" name="create" time="0.012"/>
  <system-out/>
  <testcase classname="MTO.Standard_Sku" name="create" time="0.010"/>
  <system-out/>
  <testcase classname="MTO.Standard_Sku" name="create" time="0.010"/>
  <system-out/>
  <testcase classname="MTO.Standard_Sku" name="create" time="0.012"/>
  <system-out/>
  <testcase classname="MTO.Standard_Sku" name="create" time="0.012"/>
  <system-out/>
  <testcase classname="MTO.Standard_Sku" name="create" time="0.011"/>
  <system-out/>
  <testcase classname="MTO.Standard_Sku" name="create" time="0.011"/>
  <system-out/>
  <testcase classname="MTO.Standard_Sku" name="create" time="0.012"/>
  <system-out/>
  <testcase classname="MTO.Standard_Sku" name="create" time="0.013"/>
  <system-out/>
  <testcase classname="MTO.Standard_Sku" name="create" time="0.011"/>
  <system-out/>
  <testcase classname="MTO.Standard_Sku" name="create" time="0.012"/>
  <system-out/>
  <testcase classname="MTO.Standard_Sku" name="create" time="0.014"/>
  <system-out/>
  <testcase classname="MTO.Standard_Sku" name="create" time="0.044"/>
  <system-out/>
  <testcase classname="MTO.Standard_Sku" name="create" time="0.011"/>
  <system-out/>
  <testcase classname="MTO.Standard_Sku" name="create" time="0.012"/>
  <system-out/>
  <testcase classname="MTO.Standard_Sku" name="create" time="0.018"/>
  <system-out/>
  <testcase classname="MTO.Standard_Sku" name="create" time="0.011"/>
  <system-out/>
  <testcase classname="MTO.Standard_Sku" name="create" time="0.019"/>
  <system-out/>
  <testcase classname="MTO.Standard_Sku" name="create" time="0.011"/>
  <system-out/>
  <testcase classname="MTO.Standard_Sku" name="create" time="0.009"/>
  <system-out/>
  <testcase classname="MTO.Standard_Sku" name="create" time="0.012"/>
  <system-out/>
  <testcase classname="MTO.Standard_Sku" name="create" time="0.018"/>
  <system-out/>
  <testcase classname="MTO.Standard_Sku" name="create" time="0.011"/>
  <system-out/>
  <testcase classname="MTO.Standard_Sku" name="create" time="0.010"/>
  <system-out/>
  <testcase classname="MTO.Standard_Sku" name="create" time="0.015"/>
  <system-out/>
  <testcase classname="MTO.Standard_Sku" name="create" time="0.010"/>
  <system-out/>
  <testcase classname="MTO.Standard_Sku" name="create" time="0.014"/>
  <system-out/>
  <testcase classname="MTO.Standard_Sku" name="create" time="0.010"/>
  <system-out/>
  <testcase classname="MTO.Standard_Sku" name="create" time="0.022"/>
  <system-out/>
  <testcase classname="MTO.Standard_Sku" name="create" time="0.011"/>
  <system-out/>
  <testcase classname="MTO.Standard_Sku" name="create" time="0.012"/>
  <system-out/>
  <testcase classname="MTO.Standard_Sku" name="create" time="0.015"/>
  <system-out/>
  <testcase classname="MTO.Standard_Sku" name="create" time="0.011"/>
  <system-out/>
  <testcase classname="MTO.Standard_Sku" name="create" time="0.010"/>
  <system-out/>
  <testcase classname="MTO.Standard_Sku" name="create" time="0.015"/>
  <system-out/>
  <testcase classname="MTO.Standard_Sku" name="create" time="0.013"/>
  <system-out/>
  <testcase classname="MTO.Standard_Sku" name="create" time="0.010"/>
  <system-out/>
  <testcase classname="MTO.Standard_Sku" name="create" time="0.011"/>
  <system-out/>
  <testcase classname="MTO.Standard_Sku" name="create" time="0.011"/>
  <system-out/>
  <testcase classname="MTO.Standard_Sku" name="create" time="0.012"/>
  <system-out/>
  <testcase classname="MTO.Standard_Sku" name="create" time="0.015"/>
  <system-out/>
  <testcase classname="MTO.Standard_Sku" name="create" time="0.011"/>
  <system-out/>
  <testcase classname="MTO.Standard_Sku" name="create" time="0.011"/>
  <system-out/>
  <testcase classname="MTO.Standard_Sku" name="create" time="0.011"/>
  <system-out/>
  <testcase classname="MTO.Standard_Sku" name="create" time="0.012"/>
  <system-out/>
  <testcase classname="MTO.Standard_Sku" name="create" time="0.009"/>
  <system-out/>
  <testcase classname="MTO.Standard_Sku" name="create" time="0.011"/>
  <system-out/>
  <testcase classname="MTO.Standard_Sku" name="create" time="0.012"/>
  <system-out/>
  <testcase classname="MTO.Standard_Sku" name="create" time="0.012"/>
  <system-out/>
  <testcase classname="MTO.Standard_Sku" name="create" time="0.014"/>
  <system-out/>
  <testcase classname="MTO.Standard_Sku" name="create" time="0.014"/>
  <system-out/>
  <testcase classname="MTO.Standard_Sku" name="create" time="0.013"/>
  <system-out/>
  <testcase classname="MTO.Standard_Sku" name="create" time="0.010"/>
  <system-out/>
  <testcase classname="MTO.Standard_Sku" name="create" time="0.010"/>
  <system-out/>
  <testcase classname="MTO.Standard_Sku" name="create" time="0.011"/>
  <system-out/>
  <testcase classname="MTO.Standard_Sku" name="create" time="0.010"/>
  <system-out/>
  <testcase classname="MTO.Standard_Sku" name="create" time="0.011"/>
  <system-out/>
  <testcase classname="MTO.Standard_Sku" name="create" time="0.010"/>
  <system-out/>
  <testcase classname="MTO.Standard_Sku" name="create" time="0.021"/>
  <system-out/>
  <testcase classname="MTO.Standard_Sku" name="create" time="0.016"/>
  <system-out/>
  <testcase classname="MTO.Standard_Sku" name="create" time="0.010"/>
  <system-out/>
  <testcase classname="MTO.Standard_Sku" name="create" time="0.013"/>
  <system-out/>
  <testcase classname="MTO.Standard_Sku" name="create" time="0.010"/>
  <system-out/>
  <testcase classname="MTO.Standard_Sku" name="create" time="0.011"/>
  <system-out/>
  <testcase classname="MTO.Standard_Sku" name="create" time="0.010"/>
  <system-out/>
  <testcase classname="MTO.Standard_Sku" name="create" time="0.009"/>
  <system-out/>
  <testcase classname="MTO.Standard_Sku" name="create" time="0.012"/>
  <system-out/>
  <testcase classname="MTO.Standard_Sku" name="create" time="0.013"/>
  <system-out/>
  <testcase classname="MTO.Standard_Sku" name="create" time="0.010"/>
  <system-out/>
  <testcase classname="MTO.Standard_Sku" name="create" time="0.011"/>
  <system-out/>
  <testcase classname="MTO.Standard_Sku" name="create" time="0.012"/>
  <system-out/>
  <testcase classname="MTO.Standard_Sku" name="create" time="0.010"/>
  <system-out/>
  <testcase classname="MTO.Standard_Sku" name="create" time="0.011"/>
  <system-out/>
  <testcase classname="MTO.Standard_Sku" name="create" time="0.011"/>
  <system-out/>
  <testcase classname="MTO.Standard_Sku" name="create" time="0.014"/>
  <system-out/>
  <testcase classname="MTO.Standard_Sku" name="create" time="0.010"/>
  <system-out/>
  <testcase classname="MTO.Standard_Sku" name="create" time="0.011"/>
  <system-out/>
  <testcase classname="MTO.Standard_Sku" name="create" time="0.014"/>
  <system-out/>
  <testcase classname="MTO.Standard_Sku" name="create" time="0.013"/>
  <system-out/>
  <testcase classname="MTO.Standard_Sku" name="create" time="0.011"/>
  <system-out/>
  <testcase classname="MTO.Standard_Sku" name="create" time="0.011"/>
  <system-out/>
  <testcase classname="MTO.Standard_Sku" name="create" time="0.010"/>
  <system-out/>
  <testcase classname="MTO.Standard_Sku" name="create" time="0.012"/>
  <system-out/>
  <testcase classname="MTO.Standard_Sku" name="create" time="0.016"/>
  <system-out/>
  <testcase classname="MTO.Standard_Sku" name="create" time="0.012"/>
  <system-out/>
  <testcase classname="MTO.Standard_Sku" name="create" time="0.010"/>
  <system-out/>
  <testcase classname="MTO.Standard_Sku" name="create" time="0.010"/>
  <system-out/>
  <testcase classname="MTO.Standard_Sku" name="create" time="0.011"/>
  <system-out/>
  <testcase classname="MTO.Standard_Sku" name="create" time="0.012"/>
  <system-out/>
  <testcase classname="MTO.Standard_Sku" name="create" time="0.010"/>
  <system-out/>
  <testcase classname="MTO.Standard_Sku" name="create" time="0.010"/>
  <system-out/>
  <testcase classname="MTO.Standard_Sku" name="create" time="0.012"/>
  <system-out/>
  <testcase classname="MTO.Standard_Sku" name="create" time="0.009"/>
  <system-out/>
  <testcase classname="MTO.Standard_Sku" name="create" time="0.010"/>
  <system-out/>
  <testcase classname="MTO.Standard_Sku" name="create" time="0.012"/>
  <system-out/>
  <testcase classname="MTO.Standard_Sku" name="create" time="0.012"/>
  <system-out/>
  <testcase classname="MTO.Standard_Sku" name="create" time="0.010"/>
  <system-out/>
  <testcase classname="MTO.Standard_Sku" name="create" time="0.012"/>
  <system-out/>
  <testcase classname="MTO.Standard_Sku" name="create" time="0.012"/>
  <system-out/>
  <testcase classname="MTO.Standard_Sku" name="create" time="0.011"/>
  <system-out/>
  <testcase classname="MTO.Standard_Sku" name="create" time="0.009"/>
  <system-out/>
  <testcase classname="MTO.Standard_Sku" name="create" time="0.016"/>
  <system-out/>
  <testcase classname="MTO.Standard_Sku" name="create" time="0.010"/>
  <system-out/>
  <testcase classname="MTO.Standard_Sku" name="create" time="0.015"/>
  <system-out/>
  <testcase classname="MTO.Standard_Sku" name="create" time="0.012"/>
  <system-out/>
  <testcase classname="MTO.Standard_Sku" name="create" time="0.016"/>
  <system-out/>
  <testcase classname="MTO.Standard_Sku" name="create" time="0.011"/>
  <system-out/>
  <testcase classname="MTO.Standard_Sku" name="create" time="0.012"/>
  <system-out/>
  <testcase classname="MTO.Standard_Sku" name="create" time="0.012"/>
  <system-out/>
  <testcase classname="MTO.Standard_Sku" name="create" time="0.013"/>
  <system-out/>
  <testcase classname="MTO.Standard_Sku" name="create" time="0.010"/>
  <system-out/>
  <testcase classname="MTO.Standard_Sku" name="create" time="0.011"/>
  <system-out/>
  <testcase classname="MTO.Standard_Sku" name="create" time="0.012"/>
  <system-out/>
  <testcase classname="MTO.Standard_Sku" name="create" time="0.010"/>
  <system-out/>
  <testcase classname="MTO.Standard_Sku" name="create" time="0.011"/>
  <system-out/>
  <testcase classname="MTO.Standard_Sku" name="create" time="0.014"/>
  <system-out/>
  <testcase classname="MTO.Standard_Sku" name="create" time="0.010"/>
  <system-out/>
  <testcase classname="MTO.Standard_Sku" name="create" time="0.010"/>
  <system-out/>
  <testcase classname="MTO.Standard_Sku" name="create" time="0.010"/>
  <system-out/>
  <testcase classname="MTO.Standard_Sku" name="create" time="0.010"/>
  <system-out/>
  <testcase classname="MTO.Standard_Sku" name="create" time="0.011"/>
  <system-out/>
  <testcase classname="MTO.Standard_Sku" name="create" time="0.018"/>
  <system-out/>
  <testcase classname="MTO.Standard_Sku" name="create" time="0.011"/>
  <system-out/>
  <testcase classname="MTO.Standard_Sku" name="create" time="0.014"/>
  <system-out/>
  <testcase classname="MTO.Standard_Sku" name="create" time="0.011"/>
  <system-out/>
  <testcase classname="MTO.Standard_Sku" name="create" time="0.010"/>
  <system-out/>
  <testcase classname="MTO.Standard_Sku" name="create" time="0.011"/>
  <system-out/>
  <testcase classname="MTO.Standard_Sku" name="create" time="0.010"/>
  <system-out/>
  <testcase classname="MTO.Standard_Sku" name="create" time="0.011"/>
  <system-out/>
  <testcase classname="MTO.Standard_Sku" name="create" time="0.010"/>
  <system-out/>
  <testcase classname="MTO.Standard_Sku" name="create" time="0.025"/>
  <system-out/>
  <testcase classname="MTO.Standard_Sku" name="create" time="0.011"/>
  <system-out/>
  <testcase classname="MTO.Standard_Sku" name="create" time="0.010"/>
  <system-out/>
  <testcase classname="MTO.Standard_Sku" name="create" time="0.011"/>
  <system-out/>
  <testcase classname="MTO.Standard_Sku" name="create" time="0.012"/>
  <system-out/>
  <testcase classname="MTO.Standard_Sku" name="create" time="0.011"/>
  <system-out/>
  <testcase classname="MTO.Standard_Sku" name="create" time="0.011"/>
  <system-out/>
  <testcase classname="MTO.Standard_Sku" name="create" time="0.021"/>
  <system-out/>
  <testcase classname="MTO.Standard_Sku" name="create" time="0.015"/>
  <system-out/>
  <testcase classname="MTO.Standard_Sku" name="create" time="0.011"/>
  <system-out/>
  <testcase classname="MTO.Standard_Sku" name="create" time="0.012"/>
  <system-out/>
  <testcase classname="MTO.Standard_Sku" name="create" time="0.010"/>
  <system-out/>
  <testcase classname="MTO.Standard_Sku" name="create" time="0.015"/>
  <system-out/>
  <testcase classname="MTO.Standard_Sku" name="create" time="0.012"/>
  <system-out/>
  <testcase classname="MTO.Standard_Sku" name="create" time="0.012"/>
  <system-out/>
  <testcase classname="MTO.Standard_Sku" name="create" time="0.009"/>
  <system-out/>
  <testcase classname="MTO.Standard_Sku" name="create" time="0.015"/>
  <system-out/>
  <testcase classname="MTO.Standard_Sku" name="create" time="0.014"/>
  <system-out/>
  <testcase classname="MTO.Standard_Sku" name="create" time="0.013"/>
  <system-out/>
  <testcase classname="MTO.Standard_Sku" name="create" time="0.009"/>
  <system-out/>
  <testcase classname="MTO.Standard_Sku" name="create" time="0.013"/>
  <system-out/>
  <testcase classname="MTO.Standard_Sku" name="create" time="0.018"/>
  <system-out/>
  <testcase classname="MTO.Standard_Sku" name="create" time="0.019"/>
  <system-out/>
  <testcase classname="MTO.Standard_Sku" name="create" time="0.011"/>
  <system-out/>
  <testcase classname="MTO.Standard_Sku" name="create" time="0.011"/>
  <system-out/>
  <testcase classname="MTO.Standard_Sku" name="create" time="0.012"/>
  <system-out/>
  <testcase classname="MTO.Standard_Sku" name="create" time="0.014"/>
  <system-out/>
  <testcase classname="MTO.Standard_Sku" name="create" time="0.013"/>
  <system-out/>
  <testcase classname="MTO.Standard_Sku" name="create" time="0.015"/>
  <system-out/>
  <testcase classname="MTO.Standard_Sku" name="create" time="0.011"/>
  <system-out/>
  <testcase classname="MTO.Standard_Sku" name="create" time="0.011"/>
  <system-out/>
  <testcase classname="MTO.Standard_Sku" name="create" time="0.012"/>
  <system-out/>
  <testcase classname="MTO.Standard_Sku" name="create" time="0.012"/>
  <system-out/>
  <testcase classname="MTO.Standard_Sku" name="create" time="0.010"/>
  <system-out/>
  <testcase classname="MTO.Standard_Sku" name="create" time="0.012"/>
  <system-out/>
  <testcase classname="MTO.Standard_Sku" name="create" time="0.011"/>
  <system-out/>
  <testcase classname="MTO.Standard_Sku" name="create" time="0.018"/>
  <system-out/>
  <testcase classname="MTO.Standard_Sku" name="create" time="0.010"/>
  <system-out/>
  <testcase classname="MTO.Standard_Sku" name="create" time="0.012"/>
  <system-out/>
  <testcase classname="MTO.Standard_Sku" name="create" time="0.011"/>
  <system-out/>
  <testcase classname="MTO.Standard_Sku" name="create" time="0.012"/>
  <system-out/>
  <testcase classname="MTO.Standard_Sku" name="create" time="0.009"/>
  <system-out/>
  <testcase classname="MTO.Standard_Sku" name="create" time="0.012"/>
  <system-out/>
  <testcase classname="MTO.Standard_Sku" name="create" time="0.015"/>
  <system-out/>
  <testcase classname="MTO.Standard_Sku" name="create" time="0.015"/>
  <system-out/>
  <testcase classname="MTO.Standard_Sku" name="create" time="0.014"/>
  <system-out/>
  <testcase classname="MTO.Standard_Sku" name="create" time="0.010"/>
  <system-out/>
  <testcase classname="MTO.Standard_Sku" name="create" time="0.011"/>
  <system-out/>
  <testcase classname="MTO.Standard_Sku" name="create" time="0.011"/>
  <system-out/>
  <testcase classname="MTO.Standard_Sku" name="create" time="0.010"/>
  <system-out/>
  <testcase classname="MTO.Standard_Sku" name="create" time="0.010"/>
  <system-out/>
  <testcase classname="MTO.Standard_Sku" name="create" time="0.025"/>
  <system-out/>
  <testcase classname="MTO.Standard_Sku" name="create" time="0.012"/>
  <system-out/>
  <testcase classname="MTO.Standard_Sku" name="create" time="0.010"/>
  <system-out/>
  <testcase classname="MTO.Standard_Sku" name="create" time="0.013"/>
  <system-out/>
  <testcase classname="MTO.Standard_Sku" name="create" time="0.012"/>
  <system-out/>
  <testcase classname="MTO.Standard_Sku" name="create" time="0.012"/>
  <system-out/>
  <testcase classname="MTO.Standard_Sku" name="create" time="0.011"/>
  <system-out/>
  <testcase classname="MTO.Standard_Sku" name="create" time="0.012"/>
  <system-out/>
  <testcase classname="MTO.Standard_Sku" name="create" time="0.014"/>
  <system-out/>
  <testcase classname="MTO.Standard_Sku" name="create" time="0.011"/>
  <system-out/>
  <testcase classname="MTO.Standard_Sku" name="create" time="0.014"/>
  <system-out/>
  <testcase classname="MTO.Standard_Sku" name="create" time="0.012"/>
  <system-out/>
  <testcase classname="MTO.Standard_Sku" name="create" time="0.010"/>
  <system-out/>
  <testcase classname="MTO.Standard_Sku" name="create" time="0.011"/>
  <system-out/>
  <testcase classname="MTO.Standard_Sku" name="create" time="0.011"/>
  <system-out/>
  <testcase classname="MTO.Standard_Sku" name="create" time="0.011"/>
  <system-out/>
  <testcase classname="MTO.Standard_Sku" name="create" time="0.027"/>
  <system-out/>
  <testcase classname="MTO.Standard_Sku" name="create" time="0.013"/>
  <system-out/>
  <testcase classname="MTO.Standard_Sku" name="create" time="0.010"/>
  <system-out/>
  <testcase classname="MTO.Standard_Sku" name="create" time="0.016"/>
  <system-out/>
  <testcase classname="MTO.Standard_Sku" name="create" time="0.014"/>
  <system-out/>
  <testcase classname="MTO.Standard_Sku" name="create" time="0.013"/>
  <system-out/>
  <testcase classname="MTO.Standard_Sku" name="create" time="0.015"/>
  <system-out/>
  <testcase classname="MTO.Standard_Sku" name="create" time="0.011"/>
  <system-out/>
  <testcase classname="MTO.Standard_Sku" name="create" time="0.011"/>
  <system-out/>
  <testcase classname="MTO.Standard_Sku" name="create" time="0.010"/>
  <system-out/>
  <testcase classname="MTO.Standard_Sku" name="create" time="0.010"/>
  <system-out/>
  <testcase classname="MTO.Standard_Sku" name="create" time="0.013"/>
  <system-out/>
  <testcase classname="MTO.Standard_Sku" name="create" time="0.013"/>
  <system-out/>
  <testcase classname="MTO.Standard_Sku" name="create" time="0.011"/>
  <system-out/>
  <testcase classname="MTO.Standard_Sku" name="create" time="0.016"/>
  <system-out/>
  <testcase classname="MTO.Standard_Sku" name="create" time="0.011"/>
  <system-out/>
  <testcase classname="MTO.Standard_Sku" name="create" time="0.011"/>
  <system-out/>
  <testcase classname="MTO.Standard_Sku" name="create" time="0.019"/>
  <system-out/>
  <testcase classname="MTO.Standard_Sku" name="create" time="0.017"/>
  <system-out/>
  <testcase classname="MTO.Standard_Sku" name="create" time="0.014"/>
  <system-out/>
  <testcase classname="MTO.Standard_Sku" name="create" time="0.012"/>
  <system-out/>
  <testcase classname="MTO.Standard_Sku" name="create" time="0.013"/>
  <system-out/>
  <testcase classname="MTO.Standard_Sku" name="create" time="0.012"/>
  <system-out/>
  <testcase classname="MTO.Standard_Sku" name="create" time="0.010"/>
  <system-out/>
  <testcase classname="MTO.Standard_Sku" name="create" time="0.011"/>
  <system-out/>
  <testcase classname="MTO.Standard_Sku" name="create" time="0.010"/>
  <system-out/>
  <testcase classname="MTO.Standard_Sku" name="create" time="0.013"/>
  <system-out/>
  <testcase classname="MTO.Standard_Sku" name="create" time="0.013"/>
  <system-out/>
  <testcase classname="MTO.Standard_Sku" name="create" time="0.010"/>
  <system-out/>
  <testcase classname="MTO.Standard_Sku" name="create" time="0.010"/>
  <system-out/>
  <testcase classname="MTO.Standard_Sku" name="create" time="0.010"/>
  <system-out/>
  <testcase classname="MTO.Standard_Sku" name="create" time="0.010"/>
  <system-out/>
  <testcase classname="MTO.Standard_Sku" name="create" time="0.011"/>
  <system-out/>
  <testcase classname="MTO.Standard_Sku" name="create" time="0.011"/>
  <system-out/>
  <testcase classname="MTO.Standard_Sku" name="create" time="0.011"/>
  <system-out/>
  <testcase classname="MTO.Standard_Sku" name="create" time="0.018"/>
  <system-out/>
  <testcase classname="MTO.Standard_Sku" name="create" time="0.012"/>
  <system-out/>
  <testcase classname="MTO.Standard_Sku" name="create" time="0.011"/>
  <system-out/>
  <testcase classname="MTO.Standard_Sku" name="create" time="0.011"/>
  <system-out/>
  <testcase classname="MTO.Standard_Sku" name="create" time="0.016"/>
  <system-out/>
  <testcase classname="MTO.Standard_Sku" name="create" time="0.015"/>
  <system-out/>
  <testcase classname="MTO.Standard_Sku" name="create" time="0.011"/>
  <system-out/>
  <testcase classname="MTO.Standard_Sku" name="create" time="0.010"/>
  <system-out/>
  <testcase classname="MTO.Standard_Sku" name="create" time="0.016"/>
  <system-out/>
  <testcase classname="MTO.Standard_Sku" name="create" time="0.012"/>
  <system-out/>
  <testcase classname="MTO.Standard_Sku" name="create" time="0.011"/>
  <system-out/>
  <testcase classname="MTO.Standard_Sku" name="create" time="0.013"/>
  <system-out/>
  <testcase classname="MTO.Standard_Sku" name="create" time="0.011"/>
  <system-out/>
  <testcase classname="MTO.Standard_Sku" name="create" time="0.014"/>
  <system-out/>
  <testcase classname="MTO.Standard_Sku" name="create" time="0.012"/>
  <system-out/>
  <testcase classname="MTO.Standard_Sku" name="create" time="0.011"/>
  <system-out/>
  <testcase classname="MTO.Standard_Sku" name="create" time="0.012"/>
  <system-out/>
  <testcase classname="MTO.Standard_Sku" name="create" time="0.011"/>
  <system-out/>
  <testcase classname="MTO.Standard_Sku" name="create" time="0.013"/>
  <system-out/>
  <testcase classname="MTO.Standard_Sku" name="create" time="0.009"/>
  <system-out/>
  <testcase classname="MTO.Standard_Sku" name="create" time="0.015"/>
  <system-out/>
  <testcase classname="MTO.Standard_Sku" name="create" time="0.012"/>
  <system-out/>
  <testcase classname="MTO.Standard_Sku" name="create" time="0.010"/>
  <system-out/>
  <testcase classname="MTO.Standard_Sku" name="create" time="0.012"/>
  <system-out/>
  <testcase classname="MTO.Standard_Sku" name="create" time="0.009"/>
  <system-out/>
  <testcase classname="MTO.Standard_Sku" name="create" time="0.011"/>
  <system-out/>
  <testcase classname="MTO.Standard_Sku" name="create" time="0.014"/>
  <system-out/>
  <testcase classname="MTO.Standard_Sku" name="create" time="0.010"/>
  <system-out/>
  <testcase classname="MTO.Standard_Sku" name="create" time="0.011"/>
  <system-out/>
  <testcase classname="MTO.Standard_Sku" name="create" time="0.014"/>
  <system-out/>
  <testcase classname="MTO.Standard_Sku" name="create" time="0.010"/>
  <system-out/>
  <testcase classname="MTO.Standard_Sku" name="create" time="0.014"/>
  <system-out/>
  <testcase classname="MTO.Standard_Sku" name="create" time="0.015"/>
  <system-out/>
  <testcase classname="MTO.Standard_Sku" name="create" time="0.011"/>
  <system-out/>
  <testcase classname="MTO.Standard_Sku" name="create" time="0.011"/>
  <system-out/>
  <testcase classname="MTO.Standard_Sku" name="create" time="0.011"/>
  <system-out/>
  <testcase classname="MTO.Standard_Sku" name="create" time="0.016"/>
  <system-out/>
  <testcase classname="MTO.Standard_Sku" name="create" time="0.016"/>
  <system-out/>
  <testcase classname="MTO.Standard_Sku" name="create" time="0.012"/>
  <system-out/>
  <testcase classname="MTO.Standard_Sku" name="create" time="0.014"/>
  <system-out/>
  <testcase classname="MTO.Standard_Sku" name="create" time="0.010"/>
  <system-out/>
  <testcase classname="MTO.Standard_Sku" name="create" time="0.011"/>
  <system-out/>
  <testcase classname="MTO.Standard_Sku" name="create" time="0.013"/>
  <system-out/>
  <testcase classname="MTO.Standard_Sku" name="create" time="0.015"/>
  <system-out/>
  <testcase classname="MTO.Standard_Sku" name="create" time="0.010"/>
  <system-out/>
  <testcase classname="MTO.Standard_Sku" name="create" time="0.012"/>
  <system-out/>
  <testcase classname="MTO.Standard_Sku" name="create" time="0.012"/>
  <system-out/>
  <testcase classname="MTO.Standard_Sku" name="create" time="0.013"/>
  <system-out/>
  <testcase classname="MTO.Standard_Sku" name="create" time="0.012"/>
  <system-out/>
  <testcase classname="MTO.Standard_Sku" name="create" time="0.012"/>
  <system-out/>
  <testcase classname="MTO.Standard_Sku" name="create" time="0.012"/>
  <system-out/>
  <testcase classname="MTO.Standard_Sku" name="create" time="0.012"/>
  <system-out/>
  <testcase classname="MTO.Standard_Sku" name="create" time="0.011"/>
  <system-out/>
  <testcase classname="MTO.Standard_Sku" name="create" time="0.011"/>
  <system-out/>
  <testcase classname="MTO.Standard_Sku" name="create" time="0.012"/>
  <system-out/>
  <testcase classname="MTO.Standard_Sku" name="create" time="0.013"/>
  <system-out/>
  <testcase classname="MTO.Standard_Sku" name="create" time="0.014"/>
  <system-out/>
  <testcase classname="MTO.Standard_Sku" name="create" time="0.012"/>
  <system-out/>
  <testcase classname="MTO.Standard_Sku" name="create" time="0.011"/>
  <system-out/>
  <testcase classname="MTO.Standard_Sku" name="create" time="0.012"/>
  <system-out/>
  <testcase classname="MTO.Standard_Sku" name="create" time="0.011"/>
  <system-out/>
  <testcase classname="MTO.Standard_Sku" name="create" time="0.012"/>
  <system-out/>
  <testcase classname="MTO.Standard_Sku" name="create" time="0.011"/>
  <system-out/>
  <testcase classname="MTO.Standard_Sku" name="create" time="0.011"/>
  <system-out/>
  <testcase classname="MTO.Standard_Sku" name="create" time="0.015"/>
  <system-out/>
  <testcase classname="MTO.Standard_Sku" name="create" time="0.017"/>
  <system-out/>
  <testcase classname="MTO.Standard_Sku" name="create" time="0.010"/>
  <system-out/>
  <testcase classname="MTO.Standard_Sku" name="create" time="0.010"/>
  <system-out/>
  <testcase classname="MTO.Standard_Sku" name="create" time="0.015"/>
  <system-out/>
  <testcase classname="MTO.Standard_Sku" name="create" time="0.011"/>
  <system-out/>
  <testcase classname="MTO.Standard_Sku" name="create" time="0.010"/>
  <system-out/>
  <testcase classname="MTO.Standard_Sku" name="create" time="0.013"/>
  <system-out/>
  <testcase classname="MTO.Standard_Sku" name="create" time="0.011"/>
  <system-out/>
  <testcase classname="MTO.Standard_Sku" name="create" time="0.009"/>
  <system-out/>
  <testcase classname="MTO.Standard_Sku" name="create" time="0.011"/>
  <system-out/>
  <testcase classname="MTO.Standard_Sku" name="create" time="0.013"/>
  <system-out/>
  <testcase classname="MTO.Standard_Sku" name="create" time="0.016"/>
  <system-out/>
  <testcase classname="MTO.Standard_Sku" name="create" time="0.013"/>
  <system-out/>
  <testcase classname="MTO.Standard_Sku" name="create" time="0.010"/>
  <system-out/>
  <testcase classname="MTO.Standard_Sku" name="create" time="0.017"/>
  <system-out/>
  <testcase classname="MTO.Standard_Sku" name="create" time="0.010"/>
  <system-out/>
  <testcase classname="MTO.Standard_Sku" name="create" time="0.011"/>
  <system-out/>
  <testcase classname="MTO.Standard_Sku" name="create" time="0.012"/>
  <system-out/>
  <testcase classname="MTO.Standard_Sku" name="create" time="0.014"/>
  <system-out/>
  <testcase classname="MTO.Standard_Sku" name="create" time="0.012"/>
  <system-out/>
  <testcase classname="MTO.Standard_Sku" name="create" time="0.011"/>
  <system-out/>
  <testcase classname="MTO.Standard_Sku" name="create" time="0.013"/>
  <system-out/>
  <testcase classname="MTO.Standard_Sku" name="create" time="0.013"/>
  <system-out/>
  <testcase classname="MTO.Standard_Sku" name="create" time="0.018"/>
  <system-out/>
  <testcase classname="MTO.Standard_Sku" name="create" time="0.010"/>
  <system-out/>
  <testcase classname="MTO.Standard_Sku" name="create" time="0.012"/>
  <system-out/>
  <testcase classname="MTO.Standard_Sku" name="create" time="0.010"/>
  <system-out/>
  <testcase classname="MTO.Standard_Sku" name="create" time="0.013"/>
  <system-out/>
  <testcase classname="MTO.Standard_Sku" name="create" time="0.016"/>
  <system-out/>
  <testcase classname="MTO.Standard_Sku" name="create" time="0.013"/>
  <system-out/>
  <testcase classname="MTO.Standard_Sku" name="create" time="0.016"/>
  <system-out/>
  <testcase classname="MTO.Standard_Sku" name="create" time="0.016"/>
  <system-out/>
  <testcase classname="MTO.Standard_Sku" name="create" time="0.012"/>
  <system-out/>
  <testcase classname="MTO.Standard_Sku" name="create" time="0.013"/>
  <system-out/>
  <testcase classname="MTO.Standard_Sku" name="create" time="0.011"/>
  <system-out/>
  <testcase classname="MTO.Standard_Sku" name="create" time="0.010"/>
  <system-out/>
  <testcase classname="MTO.Standard_Sku" name="create" time="0.013"/>
  <system-out/>
  <testcase classname="MTO.Standard_Sku" name="create" time="0.013"/>
  <system-out/>
  <testcase classname="MTO.Standard_Sku" name="create" time="0.010"/>
  <system-out/>
  <testcase classname="MTO.Standard_Sku" name="create" time="0.014"/>
  <system-out/>
  <testcase classname="MTO.Standard_Sku" name="create" time="0.011"/>
  <system-out/>
  <testcase classname="MTO.Standard_Sku" name="create" time="0.012"/>
  <system-out/>
  <testcase classname="MTO.Standard_Sku" name="create" time="0.010"/>
  <system-out/>
  <testcase classname="MTO.Standard_Sku" name="create" time="0.011"/>
  <system-out/>
  <testcase classname="MTO.Standard_Sku" name="create" time="0.010"/>
  <system-out/>
  <testcase classname="MTO.Standard_Sku" name="create" time="0.012"/>
  <system-out/>
  <testcase classname="MTO.Standard_Sku" name="create" time="0.011"/>
  <system-out/>
  <testcase classname="MTO.Standard_Sku" name="create" time="0.016"/>
  <system-out/>
  <testcase classname="MTO.Standard_Sku" name="create" time="0.010"/>
  <system-out/>
  <testcase classname="MTO.Standard_Sku" name="create" time="0.012"/>
  <system-out/>
  <testcase classname="MTO.Standard_Sku" name="create" time="0.014"/>
  <system-out/>
  <testcase classname="MTO.Standard_Sku" name="create" time="0.012"/>
  <system-out/>
  <testcase classname="MTO.Standard_Sku" name="create" time="0.017"/>
  <system-out/>
  <testcase classname="MTO.Standard_Sku" name="create" time="0.014"/>
  <system-out/>
  <testcase classname="MTO.Standard_Sku" name="create" time="0.021"/>
  <system-out/>
  <testcase classname="MTO.Standard_Sku" name="create" time="0.010"/>
  <system-out/>
  <testcase classname="MTO.Standard_Sku" name="create" time="0.011"/>
  <system-out/>
  <testcase classname="MTO.Standard_Sku" name="create" time="0.012"/>
  <system-out/>
  <testcase classname="MTO.Standard_Sku" name="create" time="0.010"/>
  <system-out/>
  <testcase classname="MTO.Standard_Sku" name="create" time="0.010"/>
  <system-out/>
  <testcase classname="MTO.Standard_Sku" name="create" time="0.011"/>
  <system-out/>
  <testcase classname="MTO.Standard_Sku" name="create" time="0.011"/>
  <system-out/>
  <testcase classname="MTO.Standard_Sku" name="create" time="0.013"/>
  <system-out/>
  <testcase classname="MTO.Standard_Sku" name="create" time="0.015"/>
  <system-out/>
  <testcase classname="MTO.Standard_Sku" name="create" time="0.011"/>
  <system-out/>
  <testcase classname="MTO.Standard_Sku" name="create" time="0.011"/>
  <system-out/>
  <testcase classname="MTO.Standard_Sku" name="create" time="0.011"/>
  <system-out/>
  <testcase classname="MTO.Standard_Sku" name="create" time="0.012"/>
  <system-out/>
  <testcase classname="MTO.Standard_Sku" name="create" time="0.012"/>
  <system-out/>
  <testcase classname="MTO.Standard_Sku" name="create" time="0.014"/>
  <system-out/>
  <testcase classname="MTO.Standard_Sku" name="create" time="0.012"/>
  <system-out/>
  <testcase classname="MTO.Standard_Sku" name="create" time="0.012"/>
  <system-out/>
  <testcase classname="MTO.Standard_Sku" name="create" time="0.012"/>
  <system-out/>
  <testcase classname="MTO.Standard_Sku" name="create" time="0.012"/>
  <system-out/>
  <testcase classname="MTO.Standard_Sku" name="create" time="0.059">
    <failure message="1 expectation failed.
Expected status code &lt;200&gt; but was &lt;500&gt;.
" type="java.lang.AssertionError">
      <![CDATA[java.lang.AssertionError: 1 expectation failed.
Expected status code <200> but was <500>.

at java.base/jdk.internal.reflect.NativeConstructorAccessorImpl.newInstance0(Native Method)
at java.base/jdk.internal.reflect.NativeConstructorAccessorImpl.newInstance(NativeConstructorAccessorImpl.java:77)
at java.base/jdk.internal.reflect.DelegatingConstructorAccessorImpl.newInstance(DelegatingConstructorAccessorImpl.java:45)
at java.base/java.lang.reflect.Constructor.newInstanceWithCaller(Constructor.java:499)
at java.base/java.lang.reflect.Constructor.newInstance(Constructor.java:480)
at org.codehaus.groovy.reflection.CachedConstructor.invoke(CachedConstructor.java:73)
at org.codehaus.groovy.runtime.callsite.ConstructorSite$ConstructorSiteNoUnwrapNoCoerce.callConstructor(ConstructorSite.java:108)
at org.codehaus.groovy.runtime.callsite.CallSiteArray.defaultCallConstructor(CallSiteArray.java:57)
at org.codehaus.groovy.runtime.callsite.AbstractCallSite.callConstructor(AbstractCallSite.java:263)
at org.codehaus.groovy.runtime.callsite.AbstractCallSite.callConstructor(AbstractCallSite.java:277)
at io.restassured.internal.ResponseSpecificationImpl$HamcrestAssertionClosure.validate(ResponseSpecificationImpl.groovy:512)
at io.restassured.internal.ResponseSpecificationImpl$HamcrestAssertionClosure$validate$1.call(Unknown Source)
at io.restassured.internal.ResponseSpecificationImpl.validateResponseIfRequired(ResponseSpecificationImpl.groovy:696)
at io.restassured.internal.ResponseSpecificationImpl.this$2$validateResponseIfRequired(ResponseSpecificationImpl.groovy)
at jdk.internal.reflect.GeneratedMethodAccessor126.invoke(Unknown Source)
at java.base/jdk.internal.reflect.DelegatingMethodAccessorImpl.invoke(DelegatingMethodAccessorImpl.java:43)
at java.base/java.lang.reflect.Method.invoke(Method.java:568)
at org.codehaus.groovy.runtime.callsite.PlainObjectMetaMethodSite.doInvoke(PlainObjectMetaMethodSite.java:43)
at org.codehaus.groovy.runtime.callsite.PogoMetaMethodSite$PogoCachedMethodSiteNoUnwrapNoCoerce.invoke(PogoMetaMethodSite.java:198)
at org.codehaus.groovy.runtime.callsite.PogoMetaMethodSite.callCurrent(PogoMetaMethodSite.java:62)
at org.codehaus.groovy.runtime.callsite.AbstractCallSite.callCurrent(AbstractCallSite.java:185)
at io.restassured.internal.ResponseSpecificationImpl.statusCode(ResponseSpecificationImpl.groovy:135)
at io.restassured.specification.ResponseSpecification$statusCode$0.callCurrent(Unknown Source)
at io.restassured.internal.ResponseSpecificationImpl.statusCode(ResponseSpecificationImpl.groovy:143)
at io.restassured.internal.ValidatableResponseOptionsImpl.statusCode(ValidatableResponseOptionsImpl.java:89)
at MTO.Standard_Sku.create(Standard_Sku.java:78)
at jdk.internal.reflect.GeneratedMethodAccessor66.invoke(Unknown Source)
at java.base/jdk.internal.reflect.DelegatingMethodAccessorImpl.invoke(DelegatingMethodAccessorImpl.java:43)
at java.base/java.lang.reflect.Method.invoke(Method.java:568)
at org.testng.internal.MethodInvocationHelper.invokeMethod(MethodInvocationHelper.java:133)
at org.testng.internal.TestInvoker.invokeMethod(TestInvoker.java:598)
at org.testng.internal.TestInvoker.invokeTestMethod(TestInvoker.java:173)
at org.testng.internal.MethodRunner.runInSequence(MethodRunner.java:46)
at org.testng.internal.TestInvoker$MethodInvocationAgent.invoke(TestInvoker.java:824)
at org.testng.internal.TestInvoker.invokeTestMethods(TestInvoker.java:146)
at org.testng.internal.TestMethodWorker.invokeTestMethods(TestMethodWorker.java:146)
at org.testng.internal.TestMethodWorker.run(TestMethodWorker.java:128)
at java.base/java.util.ArrayList.forEach(ArrayList.java:1511)
at org.testng.TestRunner.privateRun(TestRunner.java:794)
at org.testng.TestRunner.run(TestRunner.java:596)
at org.testng.SuiteRunner.runTest(SuiteRunner.java:377)
at org.testng.SuiteRunner.runSequentially(SuiteRunner.java:371)
at org.testng.SuiteRunner.privateRun(SuiteRunner.java:332)
at org.testng.SuiteRunner.run(SuiteRunner.java:276)
at org.testng.SuiteRunnerWorker.runSuite(SuiteRunnerWorker.java:53)
at org.testng.SuiteRunnerWorker.run(SuiteRunnerWorker.java:96)
at org.testng.TestNG.runSuitesSequentially(TestNG.java:1212)
at org.testng.TestNG.runSuitesLocally(TestNG.java:1134)
at org.testng.TestNG.runSuites(TestNG.java:1063)
at org.testng.TestNG.run(TestNG.java:1031)
at org.testng.remote.AbstractRemoteTestNG.run(AbstractRemoteTestNG.java:115)
at org.testng.remote.RemoteTestNG.initAndRun(RemoteTestNG.java:251)
at org.testng.remote.RemoteTestNG.main(RemoteTestNG.java:77)
]]>
    </failure>
  </testcase> <!-- create -->
  <system-out/>
  <testcase classname="MTO.Standard_Sku" name="create" time="0.015"/>
  <system-out/>
  <testcase classname="MTO.Standard_Sku" name="create" time="0.010"/>
  <system-out/>
  <testcase classname="MTO.Standard_Sku" name="create" time="0.010"/>
  <system-out/>
  <testcase classname="MTO.Standard_Sku" name="create" time="0.012"/>
  <system-out/>
  <testcase classname="MTO.Standard_Sku" name="create" time="0.011"/>
  <system-out/>
  <testcase classname="MTO.Standard_Sku" name="create" time="0.013"/>
  <system-out/>
  <testcase classname="MTO.Standard_Sku" name="create" time="0.010"/>
  <system-out/>
  <testcase classname="MTO.Standard_Sku" name="create" time="0.014"/>
  <system-out/>
  <testcase classname="MTO.Standard_Sku" name="create" time="0.012"/>
  <system-out/>
  <testcase classname="MTO.Standard_Sku" name="create" time="0.009"/>
  <system-out/>
  <testcase classname="MTO.Standard_Sku" name="create" time="0.013"/>
  <system-out/>
  <testcase classname="MTO.Standard_Sku" name="create" time="0.012"/>
  <system-out/>
  <testcase classname="MTO.Standard_Sku" name="create" time="0.010"/>
  <system-out/>
  <testcase classname="MTO.Standard_Sku" name="create" time="0.013"/>
  <system-out/>
  <testcase classname="MTO.Standard_Sku" name="create" time="0.010"/>
  <system-out/>
  <testcase classname="MTO.Standard_Sku" name="create" time="0.011"/>
  <system-out/>
  <testcase classname="MTO.Standard_Sku" name="create" time="0.013"/>
  <system-out/>
  <testcase classname="MTO.Standard_Sku" name="create" time="0.013"/>
  <system-out/>
  <testcase classname="MTO.Standard_Sku" name="create" time="0.011"/>
  <system-out/>
  <testcase classname="MTO.Standard_Sku" name="create" time="0.011"/>
  <system-out/>
  <testcase classname="MTO.Standard_Sku" name="create" time="0.011"/>
  <system-out/>
  <testcase classname="MTO.Standard_Sku" name="create" time="0.011"/>
  <system-out/>
  <testcase classname="MTO.Standard_Sku" name="create" time="0.013"/>
  <system-out/>
  <testcase classname="MTO.Standard_Sku" name="create" time="0.011"/>
  <system-out/>
  <testcase classname="MTO.Standard_Sku" name="create" time="0.015"/>
  <system-out/>
  <testcase classname="MTO.Standard_Sku" name="create" time="0.010"/>
  <system-out/>
  <testcase classname="MTO.Standard_Sku" name="create" time="0.012"/>
  <system-out/>
  <testcase classname="MTO.Standard_Sku" name="create" time="0.011"/>
  <system-out/>
  <testcase classname="MTO.Standard_Sku" name="create" time="0.014"/>
  <system-out/>
  <testcase classname="MTO.Standard_Sku" name="create" time="0.012"/>
  <system-out/>
  <testcase classname="MTO.Standard_Sku" name="create" time="0.009"/>
  <system-out/>
  <testcase classname="MTO.Standard_Sku" name="create" time="0.019"/>
  <system-out/>
  <testcase classname="MTO.Standard_Sku" name="create" time="0.010"/>
  <system-out/>
  <testcase classname="MTO.Standard_Sku" name="create" time="0.013"/>
  <system-out/>
  <testcase classname="MTO.Standard_Sku" name="create" time="0.013"/>
  <system-out/>
  <testcase classname="MTO.Standard_Sku" name="create" time="0.010"/>
  <system-out/>
  <testcase classname="MTO.Standard_Sku" name="create" time="0.012"/>
  <system-out/>
  <testcase classname="MTO.Standard_Sku" name="create" time="0.016"/>
  <system-out/>
  <testcase classname="MTO.Standard_Sku" name="create" time="0.011"/>
  <system-out/>
  <testcase classname="MTO.Standard_Sku" name="create" time="0.011"/>
  <system-out/>
  <testcase classname="MTO.Standard_Sku" name="create" time="0.010"/>
  <system-out/>
  <testcase classname="MTO.Standard_Sku" name="create" time="0.013"/>
  <system-out/>
  <testcase classname="MTO.Standard_Sku" name="create" time="0.012"/>
  <system-out/>
  <testcase classname="MTO.Standard_Sku" name="create" time="0.011"/>
  <system-out/>
  <testcase classname="MTO.Standard_Sku" name="create" time="0.012"/>
  <system-out/>
  <testcase classname="MTO.Standard_Sku" name="create" time="0.011"/>
  <system-out/>
  <testcase classname="MTO.Standard_Sku" name="create" time="0.018"/>
  <system-out/>
  <testcase classname="MTO.Standard_Sku" name="create" time="0.012"/>
  <system-out/>
  <testcase classname="MTO.Standard_Sku" name="create" time="0.010"/>
  <system-out/>
  <testcase classname="MTO.Standard_Sku" name="create" time="0.010"/>
  <system-out/>
  <testcase classname="MTO.Standard_Sku" name="create" time="0.010"/>
  <system-out/>
  <testcase classname="MTO.Standard_Sku" name="create" time="0.011"/>
  <system-out/>
  <testcase classname="MTO.Standard_Sku" name="create" time="0.012"/>
  <system-out/>
  <testcase classname="MTO.Standard_Sku" name="create" time="0.011"/>
  <system-out/>
  <testcase classname="MTO.Standard_Sku" name="create" time="0.011"/>
  <system-out/>
  <testcase classname="MTO.Standard_Sku" name="create" time="0.015"/>
  <system-out/>
  <testcase classname="MTO.Standard_Sku" name="create" time="0.012"/>
  <system-out/>
  <testcase classname="MTO.Standard_Sku" name="create" time="0.011"/>
  <system-out/>
  <testcase classname="MTO.Standard_Sku" name="create" time="0.011"/>
  <system-out/>
  <testcase classname="MTO.Standard_Sku" name="create" time="0.013"/>
  <system-out/>
  <testcase classname="MTO.Standard_Sku" name="create" time="0.011"/>
  <system-out/>
  <testcase classname="MTO.Standard_Sku" name="create" time="0.009"/>
  <system-out/>
  <testcase classname="MTO.Standard_Sku" name="create" time="0.010"/>
  <system-out/>
  <testcase classname="MTO.Standard_Sku" name="create" time="0.014"/>
  <system-out/>
  <testcase classname="MTO.Standard_Sku" name="create" time="0.013"/>
  <system-out/>
  <testcase classname="MTO.Standard_Sku" name="create" time="0.016"/>
  <system-out/>
  <testcase classname="MTO.Standard_Sku" name="create" time="0.014"/>
  <system-out/>
  <testcase classname="MTO.Standard_Sku" name="create" time="0.011"/>
  <system-out/>
  <testcase classname="MTO.Standard_Sku" name="create" time="0.011"/>
  <system-out/>
  <testcase classname="MTO.Standard_Sku" name="create" time="0.010"/>
  <system-out/>
  <testcase classname="MTO.Standard_Sku" name="create" time="0.014"/>
  <system-out/>
  <testcase classname="MTO.Standard_Sku" name="create" time="0.015"/>
  <system-out/>
  <testcase classname="MTO.Standard_Sku" name="create" time="0.011"/>
  <system-out/>
  <testcase classname="MTO.Standard_Sku" name="create" time="0.013"/>
  <system-out/>
  <testcase classname="MTO.Standard_Sku" name="create" time="0.016"/>
  <system-out/>
  <testcase classname="MTO.Standard_Sku" name="create" time="0.010"/>
  <system-out/>
  <testcase classname="MTO.Standard_Sku" name="create" time="0.011"/>
  <system-out/>
  <testcase classname="MTO.Standard_Sku" name="create" time="0.011"/>
  <system-out/>
  <testcase classname="MTO.Standard_Sku" name="create" time="0.011"/>
  <system-out/>
  <testcase classname="MTO.Standard_Sku" name="create" time="0.011"/>
  <system-out/>
  <testcase classname="MTO.Standard_Sku" name="create" time="0.010"/>
  <system-out/>
  <testcase classname="MTO.Standard_Sku" name="create" time="0.009"/>
  <system-out/>
  <testcase classname="MTO.Standard_Sku" name="create" time="0.010"/>
  <system-out/>
  <testcase classname="MTO.Standard_Sku" name="create" time="0.011"/>
  <system-out/>
  <testcase classname="MTO.Standard_Sku" name="create" time="0.010"/>
  <system-out/>
  <testcase classname="MTO.Standard_Sku" name="create" time="0.011"/>
  <system-out/>
  <testcase classname="MTO.Standard_Sku" name="create" time="0.011"/>
  <system-out/>
  <testcase classname="MTO.Standard_Sku" name="create" time="0.011"/>
  <system-out/>
  <testcase classname="MTO.Standard_Sku" name="create" time="0.014"/>
  <system-out/>
  <testcase classname="MTO.Standard_Sku" name="create" time="0.012"/>
  <system-out/>
  <testcase classname="MTO.Standard_Sku" name="create" time="0.011"/>
  <system-out/>
  <testcase classname="MTO.Standard_Sku" name="create" time="0.010"/>
  <system-out/>
  <testcase classname="MTO.Standard_Sku" name="create" time="0.012"/>
  <system-out/>
  <testcase classname="MTO.Standard_Sku" name="create" time="0.011"/>
  <system-out/>
  <testcase classname="MTO.Standard_Sku" name="create" time="0.009"/>
  <system-out/>
  <testcase classname="MTO.Standard_Sku" name="create" time="0.010"/>
  <system-out/>
  <testcase classname="MTO.Standard_Sku" name="create" time="0.011"/>
  <system-out/>
  <testcase classname="MTO.Standard_Sku" name="create" time="0.031"/>
  <system-out/>
  <testcase classname="MTO.Standard_Sku" name="create" time="0.016"/>
  <system-out/>
  <testcase classname="MTO.Standard_Sku" name="create" time="0.016"/>
  <system-out/>
  <testcase classname="MTO.Standard_Sku" name="create" time="0.014"/>
  <system-out/>
  <testcase classname="MTO.Standard_Sku" name="create" time="0.010"/>
  <system-out/>
  <testcase classname="MTO.Standard_Sku" name="create" time="0.010"/>
  <system-out/>
  <testcase classname="MTO.Standard_Sku" name="create" time="0.011"/>
  <system-out/>
  <testcase classname="MTO.Standard_Sku" name="create" time="0.011"/>
  <system-out/>
  <testcase classname="MTO.Standard_Sku" name="create" time="0.015"/>
  <system-out/>
  <testcase classname="MTO.Standard_Sku" name="create" time="0.011"/>
  <system-out/>
  <testcase classname="MTO.Standard_Sku" name="create" time="0.013"/>
  <system-out/>
  <testcase classname="MTO.Standard_Sku" name="create" time="0.011"/>
  <system-out/>
  <testcase classname="MTO.Standard_Sku" name="create" time="0.010"/>
  <system-out/>
  <testcase classname="MTO.Standard_Sku" name="create" time="0.012"/>
  <system-out/>
  <testcase classname="MTO.Standard_Sku" name="create" time="0.012"/>
  <system-out/>
  <testcase classname="MTO.Standard_Sku" name="create" time="0.010"/>
  <system-out/>
  <testcase classname="MTO.Standard_Sku" name="create" time="0.010"/>
  <system-out/>
  <testcase classname="MTO.Standard_Sku" name="create" time="0.012"/>
  <system-out/>
  <testcase classname="MTO.Standard_Sku" name="create" time="0.012"/>
  <system-out/>
  <testcase classname="MTO.Standard_Sku" name="create" time="0.013"/>
  <system-out/>
  <testcase classname="MTO.Standard_Sku" name="create" time="0.034"/>
  <system-out/>
  <testcase classname="MTO.Standard_Sku" name="create" time="0.011"/>
  <system-out/>
  <testcase classname="MTO.Standard_Sku" name="create" time="0.015"/>
  <system-out/>
  <testcase classname="MTO.Standard_Sku" name="create" time="0.010"/>
  <system-out/>
  <testcase classname="MTO.Standard_Sku" name="create" time="0.012"/>
  <system-out/>
  <testcase classname="MTO.Standard_Sku" name="create" time="0.012"/>
  <system-out/>
  <testcase classname="MTO.Standard_Sku" name="create" time="0.012"/>
  <system-out/>
  <testcase classname="MTO.Standard_Sku" name="create" time="0.011"/>
  <system-out/>
  <testcase classname="MTO.Standard_Sku" name="create" time="0.016"/>
  <system-out/>
  <testcase classname="MTO.Standard_Sku" name="create" time="0.009"/>
  <system-out/>
  <testcase classname="MTO.Standard_Sku" name="create" time="0.016"/>
  <system-out/>
  <testcase classname="MTO.Standard_Sku" name="create" time="0.012"/>
  <system-out/>
  <testcase classname="MTO.Standard_Sku" name="create" time="0.012"/>
  <system-out/>
  <testcase classname="MTO.Standard_Sku" name="create" time="0.020"/>
  <system-out/>
  <testcase classname="MTO.Standard_Sku" name="create" time="0.014"/>
  <system-out/>
  <testcase classname="MTO.Standard_Sku" name="create" time="0.011"/>
  <system-out/>
  <testcase classname="MTO.Standard_Sku" name="create" time="0.013"/>
  <system-out/>
  <testcase classname="MTO.Standard_Sku" name="create" time="0.013"/>
  <system-out/>
  <testcase classname="MTO.Standard_Sku" name="create" time="0.011"/>
  <system-out/>
  <testcase classname="MTO.Standard_Sku" name="create" time="0.011"/>
  <system-out/>
  <testcase classname="MTO.Standard_Sku" name="create" time="0.010"/>
  <system-out/>
  <testcase classname="MTO.Standard_Sku" name="create" time="0.011"/>
  <system-out/>
  <testcase classname="MTO.Standard_Sku" name="create" time="0.011"/>
  <system-out/>
  <testcase classname="MTO.Standard_Sku" name="create" time="0.009"/>
  <system-out/>
  <testcase classname="MTO.Standard_Sku" name="create" time="0.013"/>
  <system-out/>
  <testcase classname="MTO.Standard_Sku" name="create" time="0.011"/>
  <system-out/>
  <testcase classname="MTO.Standard_Sku" name="create" time="0.011"/>
  <system-out/>
  <testcase classname="MTO.Standard_Sku" name="create" time="0.011"/>
  <system-out/>
  <testcase classname="MTO.Standard_Sku" name="create" time="0.010"/>
  <system-out/>
  <testcase classname="MTO.Standard_Sku" name="create" time="0.014"/>
  <system-out/>
  <testcase classname="MTO.Standard_Sku" name="create" time="0.010"/>
  <system-out/>
  <testcase classname="MTO.Standard_Sku" name="create" time="0.013"/>
  <system-out/>
  <testcase classname="MTO.Standard_Sku" name="create" time="0.011"/>
  <system-out/>
  <testcase classname="MTO.Standard_Sku" name="create" time="0.010"/>
  <system-out/>
  <testcase classname="MTO.Standard_Sku" name="create" time="0.010"/>
  <system-out/>
  <testcase classname="MTO.Standard_Sku" name="create" time="0.011"/>
  <system-out/>
  <testcase classname="MTO.Standard_Sku" name="create" time="0.009"/>
  <system-out/>
  <testcase classname="MTO.Standard_Sku" name="create" time="0.011"/>
  <system-out/>
  <testcase classname="MTO.Standard_Sku" name="create" time="0.011"/>
  <system-out/>
  <testcase classname="MTO.Standard_Sku" name="create" time="0.012"/>
  <system-out/>
  <testcase classname="MTO.Standard_Sku" name="create" time="0.011"/>
  <system-out/>
  <testcase classname="MTO.Standard_Sku" name="create" time="0.012"/>
  <system-out/>
  <testcase classname="MTO.Standard_Sku" name="create" time="0.030"/>
  <system-out/>
  <testcase classname="MTO.Standard_Sku" name="create" time="0.010"/>
  <system-out/>
  <testcase classname="MTO.Standard_Sku" name="create" time="0.051"/>
  <system-out/>
  <testcase classname="MTO.Standard_Sku" name="create" time="0.013"/>
  <system-out/>
  <testcase classname="MTO.Standard_Sku" name="create" time="0.010"/>
  <system-out/>
  <testcase classname="MTO.Standard_Sku" name="create" time="0.015"/>
  <system-out/>
  <testcase classname="MTO.Standard_Sku" name="create" time="0.014"/>
  <system-out/>
  <testcase classname="MTO.Standard_Sku" name="create" time="0.010"/>
  <system-out/>
  <testcase classname="MTO.Standard_Sku" name="create" time="0.010"/>
  <system-out/>
  <testcase classname="MTO.Standard_Sku" name="create" time="0.010"/>
  <system-out/>
  <testcase classname="MTO.Standard_Sku" name="create" time="0.012"/>
  <system-out/>
  <testcase classname="MTO.Standard_Sku" name="create" time="0.010"/>
  <system-out/>
  <testcase classname="MTO.Standard_Sku" name="create" time="0.015"/>
  <system-out/>
  <testcase classname="MTO.Standard_Sku" name="create" time="0.010"/>
  <system-out/>
  <testcase classname="MTO.Standard_Sku" name="create" time="0.010"/>
  <system-out/>
  <testcase classname="MTO.Standard_Sku" name="create" time="0.013"/>
  <system-out/>
  <testcase classname="MTO.Standard_Sku" name="create" time="0.010"/>
  <system-out/>
  <testcase classname="MTO.Standard_Sku" name="create" time="0.011"/>
  <system-out/>
  <testcase classname="MTO.Standard_Sku" name="create" time="0.011"/>
  <system-out/>
  <testcase classname="MTO.Standard_Sku" name="create" time="0.012"/>
  <system-out/>
  <testcase classname="MTO.Standard_Sku" name="create" time="0.012"/>
  <system-out/>
  <testcase classname="MTO.Standard_Sku" name="create" time="0.009"/>
  <system-out/>
  <testcase classname="MTO.Standard_Sku" name="create" time="0.011"/>
  <system-out/>
  <testcase classname="MTO.Standard_Sku" name="create" time="0.011"/>
  <system-out/>
  <testcase classname="MTO.Standard_Sku" name="create" time="0.010"/>
  <system-out/>
  <testcase classname="MTO.Standard_Sku" name="create" time="0.009"/>
  <system-out/>
  <testcase classname="MTO.Standard_Sku" name="create" time="0.010"/>
  <system-out/>
  <testcase classname="MTO.Standard_Sku" name="create" time="0.013"/>
  <system-out/>
  <testcase classname="MTO.Standard_Sku" name="create" time="0.012"/>
  <system-out/>
  <testcase classname="MTO.Standard_Sku" name="create" time="0.011"/>
  <system-out/>
  <testcase classname="MTO.Standard_Sku" name="create" time="0.017"/>
  <system-out/>
  <testcase classname="MTO.Standard_Sku" name="create" time="0.011"/>
  <system-out/>
  <testcase classname="MTO.Standard_Sku" name="create" time="0.009"/>
  <system-out/>
  <testcase classname="MTO.Standard_Sku" name="create" time="0.011"/>
  <system-out/>
  <testcase classname="MTO.Standard_Sku" name="create" time="0.011"/>
  <system-out/>
  <testcase classname="MTO.Standard_Sku" name="create" time="0.012"/>
  <system-out/>
  <testcase classname="MTO.Standard_Sku" name="create" time="0.010"/>
  <system-out/>
  <testcase classname="MTO.Standard_Sku" name="create" time="0.011"/>
  <system-out/>
  <testcase classname="MTO.Standard_Sku" name="create" time="0.011"/>
  <system-out/>
  <testcase classname="MTO.Standard_Sku" name="create" time="0.011"/>
  <system-out/>
  <testcase classname="MTO.Standard_Sku" name="create" time="0.011"/>
  <system-out/>
  <testcase classname="MTO.Standard_Sku" name="create" time="0.011"/>
  <system-out/>
  <testcase classname="MTO.Standard_Sku" name="create" time="0.013"/>
  <system-out/>
  <testcase classname="MTO.Standard_Sku" name="create" time="0.011"/>
  <system-out/>
  <testcase classname="MTO.Standard_Sku" name="create" time="0.011"/>
  <system-out/>
  <testcase classname="MTO.Standard_Sku" name="create" time="0.010"/>
  <system-out/>
  <testcase classname="MTO.Standard_Sku" name="create" time="0.016"/>
  <system-out/>
  <testcase classname="MTO.Standard_Sku" name="create" time="0.010"/>
  <system-out/>
  <testcase classname="MTO.Standard_Sku" name="create" time="0.011"/>
  <system-out/>
  <testcase classname="MTO.Standard_Sku" name="create" time="0.015"/>
  <system-out/>
  <testcase classname="MTO.Standard_Sku" name="create" time="0.010"/>
  <system-out/>
  <testcase classname="MTO.Standard_Sku" name="create" time="0.011"/>
  <system-out/>
  <testcase classname="MTO.Standard_Sku" name="create" time="0.012"/>
  <system-out/>
  <testcase classname="MTO.Standard_Sku" name="create" time="0.011"/>
  <system-out/>
  <testcase classname="MTO.Standard_Sku" name="create" time="0.011"/>
  <system-out/>
  <testcase classname="MTO.Standard_Sku" name="create" time="0.012"/>
  <system-out/>
  <testcase classname="MTO.Standard_Sku" name="create" time="0.010"/>
  <system-out/>
  <testcase classname="MTO.Standard_Sku" name="create" time="0.012"/>
  <system-out/>
  <testcase classname="MTO.Standard_Sku" name="create" time="0.011"/>
  <system-out/>
  <testcase classname="MTO.Standard_Sku" name="create" time="0.012"/>
  <system-out/>
  <testcase classname="MTO.Standard_Sku" name="create" time="0.012"/>
  <system-out/>
  <testcase classname="MTO.Standard_Sku" name="create" time="0.011"/>
  <system-out/>
  <testcase classname="MTO.Standard_Sku" name="create" time="0.011"/>
  <system-out/>
  <testcase classname="MTO.Standard_Sku" name="create" time="0.011"/>
  <system-out/>
  <testcase classname="MTO.Standard_Sku" name="create" time="0.014"/>
  <system-out/>
  <testcase classname="MTO.Standard_Sku" name="create" time="0.010"/>
  <system-out/>
  <testcase classname="MTO.Standard_Sku" name="create" time="0.010"/>
  <system-out/>
  <testcase classname="MTO.Standard_Sku" name="create" time="0.013"/>
  <system-out/>
  <testcase classname="MTO.Standard_Sku" name="create" time="0.022"/>
  <system-out/>
  <testcase classname="MTO.Standard_Sku" name="create" time="0.010"/>
  <system-out/>
  <testcase classname="MTO.Standard_Sku" name="create" time="0.011"/>
  <system-out/>
  <testcase classname="MTO.Standard_Sku" name="create" time="0.027"/>
  <system-out/>
  <testcase classname="MTO.Standard_Sku" name="create" time="0.011"/>
  <system-out/>
  <testcase classname="MTO.Standard_Sku" name="create" time="0.046"/>
  <system-out/>
  <testcase classname="MTO.Standard_Sku" name="create" time="0.009"/>
  <system-out/>
  <testcase classname="MTO.Standard_Sku" name="create" time="0.013"/>
  <system-out/>
  <testcase classname="MTO.Standard_Sku" name="create" time="0.013"/>
  <system-out/>
  <testcase classname="MTO.Standard_Sku" name="create" time="0.014"/>
  <system-out/>
  <testcase classname="MTO.Standard_Sku" name="create" time="0.011"/>
  <system-out/>
  <testcase classname="MTO.Standard_Sku" name="create" time="0.012"/>
  <system-out/>
  <testcase classname="MTO.Standard_Sku" name="create" time="0.034"/>
  <system-out/>
  <testcase classname="MTO.Standard_Sku" name="create" time="0.011"/>
  <system-out/>
  <testcase classname="MTO.Standard_Sku" name="create" time="0.013"/>
  <system-out/>
  <testcase classname="MTO.Standard_Sku" name="create" time="0.010"/>
  <system-out/>
  <testcase classname="MTO.Standard_Sku" name="create" time="0.015"/>
  <system-out/>
  <testcase classname="MTO.Standard_Sku" name="create" time="0.012"/>
  <system-out/>
  <testcase classname="MTO.Standard_Sku" name="create" time="0.015"/>
  <system-out/>
  <testcase classname="MTO.Standard_Sku" name="create" time="0.010"/>
  <system-out/>
  <testcase classname="MTO.Standard_Sku" name="create" time="0.015"/>
  <system-out/>
  <testcase classname="MTO.Standard_Sku" name="create" time="0.012"/>
  <system-out/>
  <testcase classname="MTO.Standard_Sku" name="create" time="0.024"/>
  <system-out/>
  <testcase classname="MTO.Standard_Sku" name="create" time="0.012"/>
  <system-out/>
  <testcase classname="MTO.Standard_Sku" name="create" time="0.012"/>
  <system-out/>
  <testcase classname="MTO.Standard_Sku" name="create" time="0.011"/>
  <system-out/>
  <testcase classname="MTO.Standard_Sku" name="create" time="0.012"/>
  <system-out/>
  <testcase classname="MTO.Standard_Sku" name="create" time="0.010"/>
  <system-out/>
  <testcase classname="MTO.Standard_Sku" name="create" time="0.012"/>
  <system-out/>
  <testcase classname="MTO.Standard_Sku" name="create" time="0.014"/>
  <system-out/>
  <testcase classname="MTO.Standard_Sku" name="create" time="0.010"/>
  <system-out/>
  <testcase classname="MTO.Standard_Sku" name="create" time="0.011"/>
  <system-out/>
  <testcase classname="MTO.Standard_Sku" name="create" time="0.012"/>
  <system-out/>
  <testcase classname="MTO.Standard_Sku" name="create" time="0.011"/>
  <system-out/>
  <testcase classname="MTO.Standard_Sku" name="create" time="0.015"/>
  <system-out/>
  <testcase classname="MTO.Standard_Sku" name="create" time="0.012"/>
  <system-out/>
  <testcase classname="MTO.Standard_Sku" name="create" time="0.012"/>
  <system-out/>
  <testcase classname="MTO.Standard_Sku" name="create" time="0.011"/>
  <system-out/>
  <testcase classname="MTO.Standard_Sku" name="create" time="0.013"/>
  <system-out/>
  <testcase classname="MTO.Standard_Sku" name="create" time="0.011"/>
  <system-out/>
  <testcase classname="MTO.Standard_Sku" name="create" time="0.011"/>
  <system-out/>
  <testcase classname="MTO.Standard_Sku" name="create" time="0.010"/>
  <system-out/>
  <testcase classname="MTO.Standard_Sku" name="create" time="0.010"/>
  <system-out/>
  <testcase classname="MTO.Standard_Sku" name="create" time="0.011"/>
  <system-out/>
  <testcase classname="MTO.Standard_Sku" name="create" time="0.013"/>
  <system-out/>
  <testcase classname="MTO.Standard_Sku" name="create" time="0.011"/>
  <system-out/>
  <testcase classname="MTO.Standard_Sku" name="create" time="0.011"/>
  <system-out/>
  <testcase classname="MTO.Standard_Sku" name="create" time="0.011"/>
  <system-out/>
  <testcase classname="MTO.Standard_Sku" name="create" time="0.012"/>
  <system-out/>
  <testcase classname="MTO.Standard_Sku" name="create" time="0.012"/>
  <system-out/>
  <testcase classname="MTO.Standard_Sku" name="create" time="0.010"/>
  <system-out/>
  <testcase classname="MTO.Standard_Sku" name="create" time="0.013"/>
  <system-out/>
  <testcase classname="MTO.Standard_Sku" name="create" time="0.017"/>
  <system-out/>
  <testcase classname="MTO.Standard_Sku" name="create" time="0.015"/>
  <system-out/>
  <testcase classname="MTO.Standard_Sku" name="create" time="0.019"/>
  <system-out/>
  <testcase classname="MTO.Standard_Sku" name="create" time="0.015"/>
  <system-out/>
  <testcase classname="MTO.Standard_Sku" name="create" time="0.011"/>
  <system-out/>
  <testcase classname="MTO.Standard_Sku" name="create" time="0.011"/>
  <system-out/>
  <testcase classname="MTO.Standard_Sku" name="create" time="0.013"/>
  <system-out/>
  <testcase classname="MTO.Standard_Sku" name="create" time="0.016"/>
  <system-out/>
  <testcase classname="MTO.Standard_Sku" name="create" time="0.031"/>
  <system-out/>
  <testcase classname="MTO.Standard_Sku" name="create" time="0.011"/>
  <system-out/>
  <testcase classname="MTO.Standard_Sku" name="create" time="0.016"/>
  <system-out/>
  <testcase classname="MTO.Standard_Sku" name="create" time="0.011"/>
  <system-out/>
  <testcase classname="MTO.Standard_Sku" name="create" time="0.011"/>
  <system-out/>
  <testcase classname="MTO.Standard_Sku" name="create" time="0.012"/>
  <system-out/>
  <testcase classname="MTO.Standard_Sku" name="create" time="0.012"/>
  <system-out/>
  <testcase classname="MTO.Standard_Sku" name="create" time="0.010"/>
  <system-out/>
  <testcase classname="MTO.Standard_Sku" name="create" time="0.012"/>
  <system-out/>
  <testcase classname="MTO.Standard_Sku" name="create" time="0.010"/>
  <system-out/>
  <testcase classname="MTO.Standard_Sku" name="create" time="0.011"/>
  <system-out/>
  <testcase classname="MTO.Standard_Sku" name="create" time="0.009"/>
  <system-out/>
  <testcase classname="MTO.Standard_Sku" name="create" time="0.013"/>
  <system-out/>
  <testcase classname="MTO.Standard_Sku" name="create" time="0.011"/>
  <system-out/>
  <testcase classname="MTO.Standard_Sku" name="create" time="0.014"/>
  <system-out/>
  <testcase classname="MTO.Standard_Sku" name="create" time="0.011"/>
  <system-out/>
  <testcase classname="MTO.Standard_Sku" name="create" time="0.011"/>
  <system-out/>
  <testcase classname="MTO.Standard_Sku" name="create" time="0.012"/>
  <system-out/>
  <testcase classname="MTO.Standard_Sku" name="create" time="0.012"/>
  <system-out/>
  <testcase classname="MTO.Standard_Sku" name="create" time="0.011"/>
  <system-out/>
  <testcase classname="MTO.Standard_Sku" name="create" time="0.015"/>
  <system-out/>
  <testcase classname="MTO.Standard_Sku" name="create" time="0.011"/>
  <system-out/>
  <testcase classname="MTO.Standard_Sku" name="create" time="0.010"/>
  <system-out/>
  <testcase classname="MTO.Standard_Sku" name="create" time="0.011"/>
  <system-out/>
  <testcase classname="MTO.Standard_Sku" name="create" time="0.010"/>
  <system-out/>
  <testcase classname="MTO.Standard_Sku" name="create" time="0.010"/>
  <system-out/>
  <testcase classname="MTO.Standard_Sku" name="create" time="0.010"/>
  <system-out/>
  <testcase classname="MTO.Standard_Sku" name="create" time="0.010"/>
  <system-out/>
  <testcase classname="MTO.Standard_Sku" name="create" time="0.010"/>
  <system-out/>
  <testcase classname="MTO.Standard_Sku" name="create" time="0.010"/>
  <system-out/>
  <testcase classname="MTO.Standard_Sku" name="create" time="0.014"/>
  <system-out/>
  <testcase classname="MTO.Standard_Sku" name="create" time="0.012"/>
  <system-out/>
  <testcase classname="MTO.Standard_Sku" name="create" time="0.009"/>
  <system-out/>
  <testcase classname="MTO.Standard_Sku" name="create" time="0.011"/>
  <system-out/>
  <testcase classname="MTO.Standard_Sku" name="create" time="0.014"/>
  <system-out/>
  <testcase classname="MTO.Standard_Sku" name="create" time="0.014"/>
  <system-out/>
  <testcase classname="MTO.Standard_Sku" name="create" time="0.013"/>
  <system-out/>
  <testcase classname="MTO.Standard_Sku" name="create" time="0.011"/>
  <system-out/>
  <testcase classname="MTO.Standard_Sku" name="create" time="0.011"/>
  <system-out/>
  <testcase classname="MTO.Standard_Sku" name="create" time="0.010"/>
  <system-out/>
  <testcase classname="MTO.Standard_Sku" name="create" time="0.011"/>
  <system-out/>
  <testcase classname="MTO.Standard_Sku" name="create" time="0.016"/>
  <system-out/>
  <testcase classname="MTO.Standard_Sku" name="create" time="0.015"/>
  <system-out/>
  <testcase classname="MTO.Standard_Sku" name="create" time="0.016"/>
  <system-out/>
  <testcase classname="MTO.Standard_Sku" name="create" time="0.016"/>
  <system-out/>
  <testcase classname="MTO.Standard_Sku" name="create" time="0.013"/>
  <system-out/>
  <testcase classname="MTO.Standard_Sku" name="create" time="0.010"/>
  <system-out/>
  <testcase classname="MTO.Standard_Sku" name="create" time="0.010"/>
  <system-out/>
  <testcase classname="MTO.Standard_Sku" name="create" time="0.010"/>
  <system-out/>
  <testcase classname="MTO.Standard_Sku" name="create" time="0.011"/>
  <system-out/>
  <testcase classname="MTO.Standard_Sku" name="create" time="0.011"/>
  <system-out/>
  <testcase classname="MTO.Standard_Sku" name="create" time="0.011"/>
  <system-out/>
  <testcase classname="MTO.Standard_Sku" name="create" time="0.010"/>
  <system-out/>
  <testcase classname="MTO.Standard_Sku" name="create" time="0.014"/>
  <system-out/>
  <testcase classname="MTO.Standard_Sku" name="create" time="0.010"/>
  <system-out/>
  <testcase classname="MTO.Standard_Sku" name="create" time="0.012"/>
  <system-out/>
  <testcase classname="MTO.Standard_Sku" name="create" time="0.017"/>
  <system-out/>
  <testcase classname="MTO.Standard_Sku" name="create" time="0.010"/>
  <system-out/>
  <testcase classname="MTO.Standard_Sku" name="create" time="0.010"/>
  <system-out/>
  <testcase classname="MTO.Standard_Sku" name="create" time="0.012"/>
  <system-out/>
  <testcase classname="MTO.Standard_Sku" name="create" time="0.014"/>
  <system-out/>
  <testcase classname="MTO.Standard_Sku" name="create" time="0.014"/>
  <system-out/>
  <testcase classname="MTO.Standard_Sku" name="create" time="0.011"/>
  <system-out/>
  <testcase classname="MTO.Standard_Sku" name="create" time="0.012"/>
  <system-out/>
  <testcase classname="MTO.Standard_Sku" name="create" time="0.015"/>
  <system-out/>
  <testcase classname="MTO.Standard_Sku" name="create" time="0.011"/>
  <system-out/>
  <testcase classname="MTO.Standard_Sku" name="create" time="0.011"/>
  <system-out/>
  <testcase classname="MTO.Standard_Sku" name="create" time="0.010"/>
  <system-out/>
  <testcase classname="MTO.Standard_Sku" name="create" time="0.011"/>
  <system-out/>
  <testcase classname="MTO.Standard_Sku" name="create" time="0.010"/>
  <system-out/>
  <testcase classname="MTO.Standard_Sku" name="create" time="0.011"/>
  <system-out/>
  <testcase classname="MTO.Standard_Sku" name="create" time="0.013"/>
  <system-out/>
  <testcase classname="MTO.Standard_Sku" name="create" time="0.013"/>
  <system-out/>
  <testcase classname="MTO.Standard_Sku" name="create" time="0.011"/>
  <system-out/>
  <testcase classname="MTO.Standard_Sku" name="create" time="0.014"/>
  <system-out/>
  <testcase classname="MTO.Standard_Sku" name="create" time="0.014"/>
  <system-out/>
  <testcase classname="MTO.Standard_Sku" name="create" time="0.011"/>
  <system-out/>
  <testcase classname="MTO.Standard_Sku" name="create" time="0.012"/>
  <system-out/>
  <testcase classname="MTO.Standard_Sku" name="create" time="0.012"/>
  <system-out/>
  <testcase classname="MTO.Standard_Sku" name="create" time="0.010"/>
  <system-out/>
  <testcase classname="MTO.Standard_Sku" name="create" time="0.012"/>
  <system-out/>
  <testcase classname="MTO.Standard_Sku" name="create" time="0.011"/>
  <system-out/>
  <testcase classname="MTO.Standard_Sku" name="create" time="0.011"/>
  <system-out/>
  <testcase classname="MTO.Standard_Sku" name="create" time="0.012"/>
  <system-out/>
  <testcase classname="MTO.Standard_Sku" name="create" time="0.013"/>
  <system-out/>
  <testcase classname="MTO.Standard_Sku" name="create" time="0.012"/>
  <system-out/>
  <testcase classname="MTO.Standard_Sku" name="create" time="0.013"/>
  <system-out/>
  <testcase classname="MTO.Standard_Sku" name="create" time="0.013"/>
  <system-out/>
  <testcase classname="MTO.Standard_Sku" name="create" time="0.026"/>
  <system-out/>
  <testcase classname="MTO.Standard_Sku" name="create" time="0.012"/>
  <system-out/>
  <testcase classname="MTO.Standard_Sku" name="create" time="0.012"/>
  <system-out/>
  <testcase classname="MTO.Standard_Sku" name="create" time="0.016"/>
  <system-out/>
  <testcase classname="MTO.Standard_Sku" name="create" time="0.010"/>
  <system-out/>
  <testcase classname="MTO.Standard_Sku" name="create" time="0.013"/>
  <system-out/>
  <testcase classname="MTO.Standard_Sku" name="create" time="0.009"/>
  <system-out/>
  <testcase classname="MTO.Standard_Sku" name="create" time="0.012"/>
  <system-out/>
  <testcase classname="MTO.Standard_Sku" name="create" time="0.011"/>
  <system-out/>
  <testcase classname="MTO.Standard_Sku" name="create" time="0.045"/>
  <system-out/>
  <testcase classname="MTO.Standard_Sku" name="create" time="0.010"/>
  <system-out/>
  <testcase classname="MTO.Standard_Sku" name="create" time="0.011"/>
  <system-out/>
  <testcase classname="MTO.Standard_Sku" name="create" time="0.010"/>
  <system-out/>
  <testcase classname="MTO.Standard_Sku" name="create" time="0.011"/>
  <system-out/>
  <testcase classname="MTO.Standard_Sku" name="create" time="0.013"/>
  <system-out/>
  <testcase classname="MTO.Standard_Sku" name="create" time="0.012"/>
  <system-out/>
  <testcase classname="MTO.Standard_Sku" name="create" time="0.014"/>
  <system-out/>
  <testcase classname="MTO.Standard_Sku" name="create" time="0.011"/>
  <system-out/>
  <testcase classname="MTO.Standard_Sku" name="create" time="0.011"/>
  <system-out/>
  <testcase classname="MTO.Standard_Sku" name="create" time="0.011"/>
  <system-out/>
  <testcase classname="MTO.Standard_Sku" name="create" time="0.013"/>
  <system-out/>
  <testcase classname="MTO.Standard_Sku" name="create" time="0.010"/>
  <system-out/>
  <testcase classname="MTO.Standard_Sku" name="create" time="0.012"/>
  <system-out/>
  <testcase classname="MTO.Standard_Sku" name="create" time="0.013"/>
  <system-out/>
  <testcase classname="MTO.Standard_Sku" name="create" time="0.010"/>
  <system-out/>
  <testcase classname="MTO.Standard_Sku" name="create" time="0.011"/>
  <system-out/>
  <testcase classname="MTO.Standard_Sku" name="create" time="0.015"/>
  <system-out/>
  <testcase classname="MTO.Standard_Sku" name="create" time="0.010"/>
  <system-out/>
  <testcase classname="MTO.Standard_Sku" name="create" time="0.012"/>
  <system-out/>
  <testcase classname="MTO.Standard_Sku" name="create" time="0.013"/>
  <system-out/>
  <testcase classname="MTO.Standard_Sku" name="create" time="0.010"/>
  <system-out/>
  <testcase classname="MTO.Standard_Sku" name="create" time="0.010"/>
  <system-out/>
  <testcase classname="MTO.Standard_Sku" name="create" time="0.014"/>
  <system-out/>
  <testcase classname="MTO.Standard_Sku" name="create" time="0.010"/>
  <system-out/>
  <testcase classname="MTO.Standard_Sku" name="create" time="0.011"/>
  <system-out/>
  <testcase classname="MTO.Standard_Sku" name="create" time="0.011"/>
  <system-out/>
  <testcase classname="MTO.Standard_Sku" name="create" time="0.019"/>
  <system-out/>
  <testcase classname="MTO.Standard_Sku" name="create" time="0.012"/>
  <system-out/>
  <testcase classname="MTO.Standard_Sku" name="create" time="0.010"/>
  <system-out/>
  <testcase classname="MTO.Standard_Sku" name="create" time="0.011"/>
  <system-out/>
  <testcase classname="MTO.Standard_Sku" name="create" time="0.010"/>
  <system-out/>
  <testcase classname="MTO.Standard_Sku" name="create" time="0.011"/>
  <system-out/>
  <testcase classname="MTO.Standard_Sku" name="create" time="0.010"/>
  <system-out/>
  <testcase classname="MTO.Standard_Sku" name="create" time="0.010"/>
  <system-out/>
  <testcase classname="MTO.Standard_Sku" name="create" time="0.012"/>
  <system-out/>
  <testcase classname="MTO.Standard_Sku" name="create" time="0.012"/>
  <system-out/>
  <testcase classname="MTO.Standard_Sku" name="create" time="0.010"/>
  <system-out/>
  <testcase classname="MTO.Standard_Sku" name="create" time="0.011"/>
  <system-out/>
  <testcase classname="MTO.Standard_Sku" name="create" time="0.014"/>
  <system-out/>
  <testcase classname="MTO.Standard_Sku" name="create" time="0.010"/>
  <system-out/>
  <testcase classname="MTO.Standard_Sku" name="create" time="0.023"/>
  <system-out/>
  <testcase classname="MTO.Standard_Sku" name="create" time="0.011"/>
  <system-out/>
  <testcase classname="MTO.Standard_Sku" name="create" time="0.011"/>
  <system-out/>
  <testcase classname="MTO.Standard_Sku" name="create" time="0.018"/>
  <system-out/>
  <testcase classname="MTO.Standard_Sku" name="create" time="0.011"/>
  <system-out/>
  <testcase classname="MTO.Standard_Sku" name="create" time="0.020"/>
  <system-out/>
  <testcase classname="MTO.Standard_Sku" name="create" time="0.012"/>
  <system-out/>
  <testcase classname="MTO.Standard_Sku" name="create" time="0.012"/>
  <system-out/>
  <testcase classname="MTO.Standard_Sku" name="create" time="0.011"/>
  <system-out/>
  <testcase classname="MTO.Standard_Sku" name="create" time="0.011"/>
  <system-out/>
  <testcase classname="MTO.Standard_Sku" name="create" time="0.019"/>
  <system-out/>
  <testcase classname="MTO.Standard_Sku" name="create" time="0.011"/>
  <system-out/>
  <testcase classname="MTO.Standard_Sku" name="create" time="0.013"/>
  <system-out/>
  <testcase classname="MTO.Standard_Sku" name="create" time="0.010"/>
  <system-out/>
  <testcase classname="MTO.Standard_Sku" name="create" time="0.012"/>
  <system-out/>
  <testcase classname="MTO.Standard_Sku" name="create" time="0.009"/>
  <system-out/>
  <testcase classname="MTO.Standard_Sku" name="create" time="0.020"/>
  <system-out/>
  <testcase classname="MTO.Standard_Sku" name="create" time="0.013"/>
  <system-out/>
  <testcase classname="MTO.Standard_Sku" name="create" time="0.012"/>
  <system-out/>
  <testcase classname="MTO.Standard_Sku" name="create" time="0.010"/>
  <system-out/>
  <testcase classname="MTO.Standard_Sku" name="create" time="0.016"/>
  <system-out/>
  <testcase classname="MTO.Standard_Sku" name="create" time="0.014"/>
  <system-out/>
  <testcase classname="MTO.Standard_Sku" name="create" time="0.013"/>
  <system-out/>
  <testcase classname="MTO.Standard_Sku" name="create" time="0.011"/>
  <system-out/>
  <testcase classname="MTO.Standard_Sku" name="create" time="0.011"/>
  <system-out/>
  <testcase classname="MTO.Standard_Sku" name="create" time="0.012"/>
  <system-out/>
  <testcase classname="MTO.Standard_Sku" name="create" time="0.011"/>
  <system-out/>
  <testcase classname="MTO.Standard_Sku" name="create" time="0.018"/>
  <system-out/>
  <testcase classname="MTO.Standard_Sku" name="create" time="0.011"/>
  <system-out/>
  <testcase classname="MTO.Standard_Sku" name="create" time="0.011"/>
  <system-out/>
  <testcase classname="MTO.Standard_Sku" name="create" time="0.012"/>
  <system-out/>
  <testcase classname="MTO.Standard_Sku" name="create" time="0.010"/>
  <system-out/>
  <testcase classname="MTO.Standard_Sku" name="create" time="0.011"/>
  <system-out/>
  <testcase classname="MTO.Standard_Sku" name="create" time="0.011"/>
  <system-out/>
  <testcase classname="MTO.Standard_Sku" name="create" time="0.012"/>
  <system-out/>
  <testcase classname="MTO.Standard_Sku" name="create" time="0.016"/>
  <system-out/>
  <testcase classname="MTO.Standard_Sku" name="create" time="0.011"/>
  <system-out/>
  <testcase classname="MTO.Standard_Sku" name="create" time="0.024"/>
  <system-out/>
  <testcase classname="MTO.Standard_Sku" name="create" time="0.011"/>
  <system-out/>
  <testcase classname="MTO.Standard_Sku" name="create" time="0.011"/>
  <system-out/>
  <testcase classname="MTO.Standard_Sku" name="create" time="0.011"/>
  <system-out/>
  <testcase classname="MTO.Standard_Sku" name="create" time="0.011"/>
  <system-out/>
  <testcase classname="MTO.Standard_Sku" name="create" time="0.012"/>
  <system-out/>
  <testcase classname="MTO.Standard_Sku" name="create" time="0.010"/>
  <system-out/>
  <testcase classname="MTO.Standard_Sku" name="create" time="0.012"/>
  <system-out/>
  <testcase classname="MTO.Standard_Sku" name="create" time="0.011"/>
  <system-out/>
  <testcase classname="MTO.Standard_Sku" name="create" time="0.012"/>
  <system-out/>
  <testcase classname="MTO.Standard_Sku" name="create" time="0.012"/>
  <system-out/>
  <testcase classname="MTO.Standard_Sku" name="create" time="0.014"/>
  <system-out/>
  <testcase classname="MTO.Standard_Sku" name="create" time="0.015"/>
  <system-out/>
  <testcase classname="MTO.Standard_Sku" name="create" time="0.012"/>
  <system-out/>
  <testcase classname="MTO.Standard_Sku" name="create" time="0.012"/>
  <system-out/>
  <testcase classname="MTO.Standard_Sku" name="create" time="0.015"/>
  <system-out/>
  <testcase classname="MTO.Standard_Sku" name="create" time="0.020"/>
  <system-out/>
  <testcase classname="MTO.Standard_Sku" name="create" time="0.010"/>
  <system-out/>
  <testcase classname="MTO.Standard_Sku" name="create" time="0.011"/>
  <system-out/>
  <testcase classname="MTO.Standard_Sku" name="create" time="0.010"/>
  <system-out/>
  <testcase classname="MTO.Standard_Sku" name="create" time="0.010"/>
  <system-out/>
  <testcase classname="MTO.Standard_Sku" name="create" time="0.010"/>
  <system-out/>
  <testcase classname="MTO.Standard_Sku" name="create" time="0.010"/>
  <system-out/>
  <testcase classname="MTO.Standard_Sku" name="create" time="0.011"/>
  <system-out/>
  <testcase classname="MTO.Standard_Sku" name="create" time="0.009"/>
  <system-out/>
  <testcase classname="MTO.Standard_Sku" name="create" time="0.012"/>
  <system-out/>
  <testcase classname="MTO.Standard_Sku" name="create" time="0.011"/>
  <system-out/>
  <testcase classname="MTO.Standard_Sku" name="create" time="0.011"/>
  <system-out/>
  <testcase classname="MTO.Standard_Sku" name="create" time="0.012"/>
  <system-out/>
  <testcase classname="MTO.Standard_Sku" name="create" time="0.010"/>
  <system-out/>
  <testcase classname="MTO.Standard_Sku" name="create" time="0.010"/>
  <system-out/>
  <testcase classname="MTO.Standard_Sku" name="create" time="0.010"/>
  <system-out/>
  <testcase classname="MTO.Standard_Sku" name="create" time="0.011"/>
  <system-out/>
  <testcase classname="MTO.Standard_Sku" name="create" time="0.011"/>
  <system-out/>
  <testcase classname="MTO.Standard_Sku" name="create" time="0.009"/>
  <system-out/>
  <testcase classname="MTO.Standard_Sku" name="create" time="0.012"/>
  <system-out/>
  <testcase classname="MTO.Standard_Sku" name="create" time="0.012"/>
  <system-out/>
  <testcase classname="MTO.Standard_Sku" name="create" time="0.012"/>
  <system-out/>
  <testcase classname="MTO.Standard_Sku" name="create" time="0.010"/>
  <system-out/>
  <testcase classname="MTO.Standard_Sku" name="create" time="0.011"/>
  <system-out/>
  <testcase classname="MTO.Standard_Sku" name="create" time="0.012"/>
  <system-out/>
  <testcase classname="MTO.Standard_Sku" name="create" time="0.010"/>
  <system-out/>
  <testcase classname="MTO.Standard_Sku" name="create" time="0.012"/>
  <system-out/>
  <testcase classname="MTO.Standard_Sku" name="create" time="0.011"/>
  <system-out/>
  <testcase classname="MTO.Standard_Sku" name="create" time="0.013"/>
  <system-out/>
  <testcase classname="MTO.Standard_Sku" name="create" time="0.013"/>
  <system-out/>
  <testcase classname="MTO.Standard_Sku" name="create" time="0.012"/>
  <system-out/>
  <testcase classname="MTO.Standard_Sku" name="create" time="0.011"/>
  <system-out/>
  <testcase classname="MTO.Standard_Sku" name="create" time="0.011"/>
  <system-out/>
  <testcase classname="MTO.Standard_Sku" name="create" time="0.011"/>
  <system-out/>
  <testcase classname="MTO.Standard_Sku" name="create" time="0.010"/>
  <system-out/>
  <testcase classname="MTO.Standard_Sku" name="create" time="0.022"/>
  <system-out/>
  <testcase classname="MTO.Standard_Sku" name="create" time="0.011"/>
  <system-out/>
  <testcase classname="MTO.Standard_Sku" name="create" time="0.011"/>
  <system-out/>
  <testcase classname="MTO.Standard_Sku" name="create" time="0.011"/>
  <system-out/>
  <testcase classname="MTO.Standard_Sku" name="create" time="0.011"/>
  <system-out/>
  <testcase classname="MTO.Standard_Sku" name="create" time="0.015"/>
  <system-out/>
  <testcase classname="MTO.Standard_Sku" name="create" time="0.010"/>
  <system-out/>
  <testcase classname="MTO.Standard_Sku" name="create" time="0.011"/>
  <system-out/>
  <testcase classname="MTO.Standard_Sku" name="create" time="0.013"/>
  <system-out/>
  <testcase classname="MTO.Standard_Sku" name="create" time="0.010"/>
  <system-out/>
  <testcase classname="MTO.Standard_Sku" name="create" time="0.010"/>
  <system-out/>
  <testcase classname="MTO.Standard_Sku" name="create" time="0.014"/>
  <system-out/>
  <testcase classname="MTO.Standard_Sku" name="create" time="0.014"/>
  <system-out/>
  <testcase classname="MTO.Standard_Sku" name="create" time="0.011"/>
  <system-out/>
  <testcase classname="MTO.Standard_Sku" name="create" time="0.015"/>
  <system-out/>
  <testcase classname="MTO.Standard_Sku" name="create" time="0.011"/>
  <system-out/>
  <testcase classname="MTO.Standard_Sku" name="create" time="0.012"/>
  <system-out/>
  <testcase classname="MTO.Standard_Sku" name="create" time="0.015"/>
  <system-out/>
  <testcase classname="MTO.Standard_Sku" name="create" time="0.011"/>
  <system-out/>
  <testcase classname="MTO.Standard_Sku" name="create" time="0.015"/>
  <system-out/>
  <testcase classname="MTO.Standard_Sku" name="create" time="0.013"/>
  <system-out/>
  <testcase classname="MTO.Standard_Sku" name="create" time="0.012"/>
  <system-out/>
  <testcase classname="MTO.Standard_Sku" name="create" time="0.012"/>
  <system-out/>
  <testcase classname="MTO.Standard_Sku" name="create" time="0.013"/>
  <system-out/>
  <testcase classname="MTO.Standard_Sku" name="create" time="0.010"/>
  <system-out/>
  <testcase classname="MTO.Standard_Sku" name="create" time="0.017"/>
  <system-out/>
  <testcase classname="MTO.Standard_Sku" name="create" time="0.011"/>
  <system-out/>
  <testcase classname="MTO.Standard_Sku" name="create" time="0.010"/>
  <system-out/>
  <testcase classname="MTO.Standard_Sku" name="create" time="0.014"/>
  <system-out/>
  <testcase classname="MTO.Standard_Sku" name="create" time="0.015"/>
  <system-out/>
  <testcase classname="MTO.Standard_Sku" name="create" time="0.011"/>
  <system-out/>
  <testcase classname="MTO.Standard_Sku" name="create" time="0.010"/>
  <system-out/>
  <testcase classname="MTO.Standard_Sku" name="create" time="0.011"/>
  <system-out/>
  <testcase classname="MTO.Standard_Sku" name="create" time="0.012"/>
  <system-out/>
  <testcase classname="MTO.Standard_Sku" name="create" time="0.014"/>
  <system-out/>
  <testcase classname="MTO.Standard_Sku" name="create" time="0.015"/>
  <system-out/>
  <testcase classname="MTO.Standard_Sku" name="create" time="0.012"/>
  <system-out/>
  <testcase classname="MTO.Standard_Sku" name="create" time="0.013"/>
  <system-out/>
  <testcase classname="MTO.Standard_Sku" name="create" time="0.016"/>
  <system-out/>
  <testcase classname="MTO.Standard_Sku" name="create" time="0.013"/>
  <system-out/>
  <testcase classname="MTO.Standard_Sku" name="create" time="0.009"/>
  <system-out/>
  <testcase classname="MTO.Standard_Sku" name="create" time="0.009"/>
  <system-out/>
  <testcase classname="MTO.Standard_Sku" name="create" time="0.010"/>
  <system-out/>
  <testcase classname="MTO.Standard_Sku" name="create" time="0.015"/>
  <system-out/>
  <testcase classname="MTO.Standard_Sku" name="create" time="0.013"/>
  <system-out/>
  <testcase classname="MTO.Standard_Sku" name="create" time="0.011"/>
  <system-out/>
  <testcase classname="MTO.Standard_Sku" name="create" time="0.010"/>
  <system-out/>
  <testcase classname="MTO.Standard_Sku" name="create" time="0.010"/>
  <system-out/>
  <testcase classname="MTO.Standard_Sku" name="create" time="0.009"/>
  <system-out/>
  <testcase classname="MTO.Standard_Sku" name="create" time="0.012"/>
  <system-out/>
  <testcase classname="MTO.Standard_Sku" name="create" time="0.012"/>
  <system-out/>
  <testcase classname="MTO.Standard_Sku" name="create" time="0.010"/>
  <system-out/>
  <testcase classname="MTO.Standard_Sku" name="create" time="0.014"/>
  <system-out/>
  <testcase classname="MTO.Standard_Sku" name="create" time="0.013"/>
  <system-out/>
  <testcase classname="MTO.Standard_Sku" name="create" time="0.009"/>
  <system-out/>
  <testcase classname="MTO.Standard_Sku" name="create" time="0.011"/>
  <system-out/>
  <testcase classname="MTO.Standard_Sku" name="create" time="0.010"/>
  <system-out/>
  <testcase classname="MTO.Standard_Sku" name="create" time="0.009"/>
  <system-out/>
  <testcase classname="MTO.Standard_Sku" name="create" time="0.011"/>
  <system-out/>
  <testcase classname="MTO.Standard_Sku" name="create" time="0.011"/>
  <system-out/>
  <testcase classname="MTO.Standard_Sku" name="create" time="0.011"/>
  <system-out/>
  <testcase classname="MTO.Standard_Sku" name="create" time="0.011"/>
  <system-out/>
  <testcase classname="MTO.Standard_Sku" name="create" time="0.013"/>
  <system-out/>
  <testcase classname="MTO.Standard_Sku" name="create" time="0.016"/>
  <system-out/>
  <testcase classname="MTO.Standard_Sku" name="create" time="0.011"/>
  <system-out/>
  <testcase classname="MTO.Standard_Sku" name="create" time="0.012"/>
  <system-out/>
  <testcase classname="MTO.Standard_Sku" name="create" time="0.011"/>
  <system-out/>
  <testcase classname="MTO.Standard_Sku" name="create" time="0.013"/>
  <system-out/>
  <testcase classname="MTO.Standard_Sku" name="create" time="0.013"/>
  <system-out/>
  <testcase classname="MTO.Standard_Sku" name="create" time="0.011"/>
  <system-out/>
  <testcase classname="MTO.Standard_Sku" name="create" time="0.012"/>
  <system-out/>
  <testcase classname="MTO.Standard_Sku" name="create" time="0.034"/>
  <system-out/>
  <testcase classname="MTO.Standard_Sku" name="create" time="0.016"/>
  <system-out/>
  <testcase classname="MTO.Standard_Sku" name="create" time="0.010"/>
  <system-out/>
  <testcase classname="MTO.Standard_Sku" name="create" time="0.011"/>
  <system-out/>
  <testcase classname="MTO.Standard_Sku" name="create" time="0.014"/>
  <system-out/>
  <testcase classname="MTO.Standard_Sku" name="create" time="0.010"/>
  <system-out/>
  <testcase classname="MTO.Standard_Sku" name="create" time="0.011"/>
  <system-out/>
  <testcase classname="MTO.Standard_Sku" name="create" time="0.010"/>
  <system-out/>
  <testcase classname="MTO.Standard_Sku" name="create" time="0.011"/>
  <system-out/>
  <testcase classname="MTO.Standard_Sku" name="create" time="0.014"/>
  <system-out/>
  <testcase classname="MTO.Standard_Sku" name="create" time="0.010"/>
  <system-out/>
  <testcase classname="MTO.Standard_Sku" name="create" time="0.012"/>
  <system-out/>
  <testcase classname="MTO.Standard_Sku" name="create" time="0.010"/>
  <system-out/>
  <testcase classname="MTO.Standard_Sku" name="create" time="0.011"/>
  <system-out/>
  <testcase classname="MTO.Standard_Sku" name="create" time="0.010"/>
  <system-out/>
  <testcase classname="MTO.Standard_Sku" name="create" time="0.009"/>
  <system-out/>
  <testcase classname="MTO.Standard_Sku" name="create" time="0.016"/>
  <system-out/>
  <testcase classname="MTO.Standard_Sku" name="create" time="0.012"/>
  <system-out/>
  <testcase classname="MTO.Standard_Sku" name="create" time="0.011"/>
  <system-out/>
  <testcase classname="MTO.Standard_Sku" name="create" time="0.010"/>
  <system-out/>
  <testcase classname="MTO.Standard_Sku" name="create" time="0.011"/>
  <system-out/>
  <testcase classname="MTO.Standard_Sku" name="create" time="0.012"/>
  <system-out/>
  <testcase classname="MTO.Standard_Sku" name="create" time="0.014"/>
  <system-out/>
  <testcase classname="MTO.Standard_Sku" name="create" time="0.011"/>
  <system-out/>
  <testcase classname="MTO.Standard_Sku" name="create" time="0.012"/>
  <system-out/>
  <testcase classname="MTO.Standard_Sku" name="create" time="0.011"/>
  <system-out/>
  <testcase classname="MTO.Standard_Sku" name="create" time="0.010"/>
  <system-out/>
  <testcase classname="MTO.Standard_Sku" name="create" time="0.014"/>
  <system-out/>
  <testcase classname="MTO.Standard_Sku" name="create" time="0.010"/>
  <system-out/>
  <testcase classname="MTO.Standard_Sku" name="create" time="0.011"/>
  <system-out/>
  <testcase classname="MTO.Standard_Sku" name="create" time="0.041"/>
  <system-out/>
  <testcase classname="MTO.Standard_Sku" name="create" time="0.009"/>
  <system-out/>
  <testcase classname="MTO.Standard_Sku" name="create" time="0.011"/>
  <system-out/>
  <testcase classname="MTO.Standard_Sku" name="create" time="0.011"/>
  <system-out/>
  <testcase classname="MTO.Standard_Sku" name="create" time="0.011"/>
  <system-out/>
  <testcase classname="MTO.Standard_Sku" name="create" time="0.015"/>
  <system-out/>
  <testcase classname="MTO.Standard_Sku" name="create" time="0.010"/>
  <system-out/>
  <testcase classname="MTO.Standard_Sku" name="create" time="0.010"/>
  <system-out/>
  <testcase classname="MTO.Standard_Sku" name="create" time="0.010"/>
  <system-out/>
  <testcase classname="MTO.Standard_Sku" name="create" time="0.011"/>
  <system-out/>
  <testcase classname="MTO.Standard_Sku" name="create" time="0.016"/>
  <system-out/>
  <testcase classname="MTO.Standard_Sku" name="create" time="0.011"/>
  <system-out/>
  <testcase classname="MTO.Standard_Sku" name="create" time="0.014"/>
  <system-out/>
  <testcase classname="MTO.Standard_Sku" name="create" time="0.010"/>
  <system-out/>
  <testcase classname="MTO.Standard_Sku" name="create" time="0.011"/>
  <system-out/>
  <testcase classname="MTO.Standard_Sku" name="create" time="0.011"/>
  <system-out/>
  <testcase classname="MTO.Standard_Sku" name="create" time="0.011"/>
  <system-out/>
  <testcase classname="MTO.Standard_Sku" name="create" time="0.011"/>
  <system-out/>
  <testcase classname="MTO.Standard_Sku" name="create" time="0.010"/>
  <system-out/>
  <testcase classname="MTO.Standard_Sku" name="create" time="0.012"/>
  <system-out/>
  <testcase classname="MTO.Standard_Sku" name="create" time="0.011"/>
  <system-out/>
  <testcase classname="MTO.Standard_Sku" name="create" time="0.014"/>
  <system-out/>
  <testcase classname="MTO.Standard_Sku" name="create" time="0.013"/>
  <system-out/>
  <testcase classname="MTO.Standard_Sku" name="create" time="0.010"/>
  <system-out/>
  <testcase classname="MTO.Standard_Sku" name="create" time="0.011"/>
  <system-out/>
  <testcase classname="MTO.Standard_Sku" name="create" time="0.011"/>
  <system-out/>
  <testcase classname="MTO.Standard_Sku" name="create" time="0.010"/>
  <system-out/>
  <testcase classname="MTO.Standard_Sku" name="create" time="0.011"/>
  <system-out/>
  <testcase classname="MTO.Standard_Sku" name="create" time="0.011"/>
  <system-out/>
  <testcase classname="MTO.Standard_Sku" name="create" time="0.013"/>
  <system-out/>
  <testcase classname="MTO.Standard_Sku" name="create" time="0.012"/>
  <system-out/>
  <testcase classname="MTO.Standard_Sku" name="create" time="0.011"/>
  <system-out/>
  <testcase classname="MTO.Standard_Sku" name="create" time="0.011"/>
  <system-out/>
  <testcase classname="MTO.Standard_Sku" name="create" time="0.015"/>
  <system-out/>
  <testcase classname="MTO.Standard_Sku" name="create" time="0.024"/>
  <system-out/>
  <testcase classname="MTO.Standard_Sku" name="create" time="0.012"/>
  <system-out/>
  <testcase classname="MTO.Standard_Sku" name="create" time="0.011"/>
  <system-out/>
  <testcase classname="MTO.Standard_Sku" name="create" time="0.021"/>
  <system-out/>
  <testcase classname="MTO.Standard_Sku" name="create" time="0.011"/>
  <system-out/>
  <testcase classname="MTO.Standard_Sku" name="create" time="0.032"/>
  <system-out/>
  <testcase classname="MTO.Standard_Sku" name="create" time="0.011"/>
  <system-out/>
  <testcase classname="MTO.Standard_Sku" name="create" time="0.012"/>
  <system-out/>
  <testcase classname="MTO.Standard_Sku" name="create" time="0.016"/>
  <system-out/>
  <testcase classname="MTO.Standard_Sku" name="create" time="0.018"/>
  <system-out/>
  <testcase classname="MTO.Standard_Sku" name="create" time="0.011"/>
  <system-out/>
  <testcase classname="MTO.Standard_Sku" name="create" time="0.013"/>
  <system-out/>
  <testcase classname="MTO.Standard_Sku" name="create" time="0.011"/>
  <system-out/>
  <testcase classname="MTO.Standard_Sku" name="create" time="0.011"/>
  <system-out/>
  <testcase classname="MTO.Standard_Sku" name="create" time="0.011"/>
  <system-out/>
  <testcase classname="MTO.Standard_Sku" name="create" time="0.012"/>
  <system-out/>
  <testcase classname="MTO.Standard_Sku" name="create" time="0.010"/>
  <system-out/>
  <testcase classname="MTO.Standard_Sku" name="create" time="0.011"/>
  <system-out/>
  <testcase classname="MTO.Standard_Sku" name="create" time="0.011"/>
  <system-out/>
  <testcase classname="MTO.Standard_Sku" name="create" time="0.022"/>
  <system-out/>
  <testcase classname="MTO.Standard_Sku" name="create" time="0.012"/>
  <system-out/>
  <testcase classname="MTO.Standard_Sku" name="create" time="0.011"/>
  <system-out/>
  <testcase classname="MTO.Standard_Sku" name="create" time="0.011"/>
  <system-out/>
  <testcase classname="MTO.Standard_Sku" name="create" time="0.011"/>
  <system-out/>
  <testcase classname="MTO.Standard_Sku" name="create" time="0.010"/>
  <system-out/>
  <testcase classname="MTO.Standard_Sku" name="create" time="0.010"/>
  <system-out/>
  <testcase classname="MTO.Standard_Sku" name="create" time="0.011"/>
  <system-out/>
  <testcase classname="MTO.Standard_Sku" name="create" time="0.011"/>
  <system-out/>
  <testcase classname="MTO.Standard_Sku" name="create" time="0.012"/>
  <system-out/>
  <testcase classname="MTO.Standard_Sku" name="create" time="0.009"/>
  <system-out/>
  <testcase classname="MTO.Standard_Sku" name="create" time="0.012"/>
  <system-out/>
  <testcase classname="MTO.Standard_Sku" name="create" time="0.010"/>
  <system-out/>
  <testcase classname="MTO.Standard_Sku" name="create" time="0.014"/>
  <system-out/>
  <testcase classname="MTO.Standard_Sku" name="create" time="0.011"/>
  <system-out/>
  <testcase classname="MTO.Standard_Sku" name="create" time="0.010"/>
  <system-out/>
  <testcase classname="MTO.Standard_Sku" name="create" time="0.017"/>
  <system-out/>
  <testcase classname="MTO.Standard_Sku" name="create" time="0.010"/>
  <system-out/>
  <testcase classname="MTO.Standard_Sku" name="create" time="0.011"/>
  <system-out/>
  <testcase classname="MTO.Standard_Sku" name="create" time="0.013"/>
  <system-out/>
  <testcase classname="MTO.Standard_Sku" name="create" time="0.010"/>
  <system-out/>
  <testcase classname="MTO.Standard_Sku" name="create" time="0.008"/>
  <system-out/>
  <testcase classname="MTO.Standard_Sku" name="create" time="0.013"/>
  <system-out/>
  <testcase classname="MTO.Standard_Sku" name="create" time="0.011"/>
  <system-out/>
  <testcase classname="MTO.Standard_Sku" name="create" time="0.011"/>
  <system-out/>
  <testcase classname="MTO.Standard_Sku" name="create" time="0.014"/>
  <system-out/>
  <testcase classname="MTO.Standard_Sku" name="create" time="0.012"/>
  <system-out/>
  <testcase classname="MTO.Standard_Sku" name="create" time="0.012"/>
  <system-out/>
  <testcase classname="MTO.Standard_Sku" name="create" time="0.012"/>
  <system-out/>
  <testcase classname="MTO.Standard_Sku" name="create" time="0.012"/>
  <system-out/>
  <testcase classname="MTO.Standard_Sku" name="create" time="0.009"/>
  <system-out/>
  <testcase classname="MTO.Standard_Sku" name="create" time="0.011"/>
  <system-out/>
  <testcase classname="MTO.Standard_Sku" name="create" time="0.010"/>
  <system-out/>
  <testcase classname="MTO.Standard_Sku" name="create" time="0.009"/>
  <system-out/>
  <testcase classname="MTO.Standard_Sku" name="create" time="0.010"/>
  <system-out/>
  <testcase classname="MTO.Standard_Sku" name="create" time="0.010"/>
  <system-out/>
  <testcase classname="MTO.Standard_Sku" name="create" time="0.011"/>
  <system-out/>
  <testcase classname="MTO.Standard_Sku" name="create" time="0.010"/>
  <system-out/>
  <testcase classname="MTO.Standard_Sku" name="create" time="0.015"/>
  <system-out/>
  <testcase classname="MTO.Standard_Sku" name="create" time="0.016"/>
  <system-out/>
  <testcase classname="MTO.Standard_Sku" name="create" time="0.010"/>
  <system-out/>
  <testcase classname="MTO.Standard_Sku" name="create" time="0.011"/>
  <system-out/>
  <testcase classname="MTO.Standard_Sku" name="create" time="0.013"/>
  <system-out/>
  <testcase classname="MTO.Standard_Sku" name="create" time="0.013"/>
  <system-out/>
  <testcase classname="MTO.Standard_Sku" name="create" time="0.011"/>
  <system-out/>
  <testcase classname="MTO.Standard_Sku" name="create" time="0.014"/>
  <system-out/>
  <testcase classname="MTO.Standard_Sku" name="create" time="0.011"/>
  <system-out/>
  <testcase classname="MTO.Standard_Sku" name="create" time="0.012"/>
  <system-out/>
  <testcase classname="MTO.Standard_Sku" name="create" time="0.015"/>
  <system-out/>
  <testcase classname="MTO.Standard_Sku" name="create" time="0.014"/>
  <system-out/>
  <testcase classname="MTO.Standard_Sku" name="create" time="0.011"/>
  <system-out/>
  <testcase classname="MTO.Standard_Sku" name="create" time="0.012"/>
  <system-out/>
  <testcase classname="MTO.Standard_Sku" name="create" time="0.009"/>
  <system-out/>
  <testcase classname="MTO.Standard_Sku" name="create" time="0.009"/>
  <system-out/>
  <testcase classname="MTO.Standard_Sku" name="create" time="0.011"/>
  <system-out/>
  <testcase classname="MTO.Standard_Sku" name="create" time="0.014"/>
  <system-out/>
  <testcase classname="MTO.Standard_Sku" name="create" time="0.011"/>
  <system-out/>
  <testcase classname="MTO.Standard_Sku" name="create" time="0.032"/>
  <system-out/>
  <testcase classname="MTO.Standard_Sku" name="create" time="0.015"/>
  <system-out/>
  <testcase classname="MTO.Standard_Sku" name="create" time="0.010"/>
  <system-out/>
  <testcase classname="MTO.Standard_Sku" name="create" time="0.012"/>
  <system-out/>
  <testcase classname="MTO.Standard_Sku" name="create" time="0.011"/>
  <system-out/>
  <testcase classname="MTO.Standard_Sku" name="create" time="0.013"/>
  <system-out/>
  <testcase classname="MTO.Standard_Sku" name="create" time="0.014"/>
  <system-out/>
  <testcase classname="MTO.Standard_Sku" name="create" time="0.015"/>
  <system-out/>
  <testcase classname="MTO.Standard_Sku" name="create" time="0.010"/>
  <system-out/>
  <testcase classname="MTO.Standard_Sku" name="create" time="0.015"/>
  <system-out/>
  <testcase classname="MTO.Standard_Sku" name="create" time="0.011"/>
  <system-out/>
  <testcase classname="MTO.Standard_Sku" name="create" time="0.011"/>
  <system-out/>
  <testcase classname="MTO.Standard_Sku" name="create" time="0.012"/>
  <system-out/>
  <testcase classname="MTO.Standard_Sku" name="create" time="0.010"/>
  <system-out/>
  <testcase classname="MTO.Standard_Sku" name="create" time="0.010"/>
  <system-out/>
  <testcase classname="MTO.Standard_Sku" name="create" time="0.010"/>
  <system-out/>
  <testcase classname="MTO.Standard_Sku" name="create" time="0.013"/>
  <system-out/>
  <testcase classname="MTO.Standard_Sku" name="create" time="0.012"/>
  <system-out/>
  <testcase classname="MTO.Standard_Sku" name="create" time="0.011"/>
  <system-out/>
  <testcase classname="MTO.Standard_Sku" name="create" time="0.012"/>
  <system-out/>
  <testcase classname="MTO.Standard_Sku" name="create" time="0.011"/>
  <system-out/>
  <testcase classname="MTO.Standard_Sku" name="create" time="0.013"/>
  <system-out/>
  <testcase classname="MTO.Standard_Sku" name="create" time="0.012"/>
  <system-out/>
  <testcase classname="MTO.Standard_Sku" name="create" time="0.011"/>
  <system-out/>
  <testcase classname="MTO.Standard_Sku" name="create" time="0.012"/>
  <system-out/>
  <testcase classname="MTO.Standard_Sku" name="create" time="0.015"/>
  <system-out/>
  <testcase classname="MTO.Standard_Sku" name="create" time="0.010"/>
  <system-out/>
  <testcase classname="MTO.Standard_Sku" name="create" time="0.011"/>
  <system-out/>
  <testcase classname="MTO.Standard_Sku" name="create" time="0.010"/>
  <system-out/>
  <testcase classname="MTO.Standard_Sku" name="create" time="0.013"/>
  <system-out/>
  <testcase classname="MTO.Standard_Sku" name="create" time="0.011"/>
  <system-out/>
  <testcase classname="MTO.Standard_Sku" name="create" time="0.019"/>
  <system-out/>
  <testcase classname="MTO.Standard_Sku" name="create" time="0.011"/>
  <system-out/>
  <testcase classname="MTO.Standard_Sku" name="create" time="0.012"/>
  <system-out/>
  <testcase classname="MTO.Standard_Sku" name="create" time="0.011"/>
  <system-out/>
  <testcase classname="MTO.Standard_Sku" name="create" time="0.011"/>
  <system-out/>
  <testcase classname="MTO.Standard_Sku" name="create" time="0.010"/>
  <system-out/>
  <testcase classname="MTO.Standard_Sku" name="create" time="0.011"/>
  <system-out/>
  <testcase classname="MTO.Standard_Sku" name="create" time="0.012"/>
  <system-out/>
  <testcase classname="MTO.Standard_Sku" name="create" time="0.010"/>
  <system-out/>
  <testcase classname="MTO.Standard_Sku" name="create" time="0.012"/>
  <system-out/>
  <testcase classname="MTO.Standard_Sku" name="create" time="0.009"/>
  <system-out/>
  <testcase classname="MTO.Standard_Sku" name="create" time="0.011"/>
  <system-out/>
  <testcase classname="MTO.Standard_Sku" name="create" time="0.012"/>
  <system-out/>
  <testcase classname="MTO.Standard_Sku" name="create" time="0.023"/>
  <system-out/>
  <testcase classname="MTO.Standard_Sku" name="create" time="0.012"/>
  <system-out/>
  <testcase classname="MTO.Standard_Sku" name="create" time="0.011"/>
  <system-out/>
  <testcase classname="MTO.Standard_Sku" name="create" time="0.010"/>
  <system-out/>
  <testcase classname="MTO.Standard_Sku" name="create" time="0.018"/>
  <system-out/>
  <testcase classname="MTO.Standard_Sku" name="create" time="0.013"/>
  <system-out/>
  <testcase classname="MTO.Standard_Sku" name="create" time="0.010"/>
  <system-out/>
  <testcase classname="MTO.Standard_Sku" name="create" time="0.019"/>
  <system-out/>
  <testcase classname="MTO.Standard_Sku" name="create" time="0.013"/>
  <system-out/>
  <testcase classname="MTO.Standard_Sku" name="create" time="0.011"/>
  <system-out/>
  <testcase classname="MTO.Standard_Sku" name="create" time="0.015"/>
  <system-out/>
  <testcase classname="MTO.Standard_Sku" name="create" time="0.011"/>
  <system-out/>
  <testcase classname="MTO.Standard_Sku" name="create" time="0.009"/>
  <system-out/>
  <testcase classname="MTO.Standard_Sku" name="create" time="0.011"/>
  <system-out/>
  <testcase classname="MTO.Standard_Sku" name="create" time="0.011"/>
  <system-out/>
  <testcase classname="MTO.Standard_Sku" name="create" time="0.011"/>
  <system-out/>
  <testcase classname="MTO.Standard_Sku" name="create" time="0.012"/>
  <system-out/>
  <testcase classname="MTO.Standard_Sku" name="create" time="0.011"/>
  <system-out/>
  <testcase classname="MTO.Standard_Sku" name="create" time="0.012"/>
  <system-out/>
  <testcase classname="MTO.Standard_Sku" name="create" time="0.010"/>
  <system-out/>
  <testcase classname="MTO.Standard_Sku" name="create" time="0.013"/>
  <system-out/>
  <testcase classname="MTO.Standard_Sku" name="create" time="0.011"/>
  <system-out/>
  <testcase classname="MTO.Standard_Sku" name="create" time="0.010"/>
  <system-out/>
  <testcase classname="MTO.Standard_Sku" name="create" time="0.010"/>
  <system-out/>
  <testcase classname="MTO.Standard_Sku" name="create" time="0.041"/>
  <system-out/>
  <testcase classname="MTO.Standard_Sku" name="create" time="0.011"/>
  <system-out/>
  <testcase classname="MTO.Standard_Sku" name="create" time="0.012"/>
  <system-out/>
  <testcase classname="MTO.Standard_Sku" name="create" time="0.014"/>
  <system-out/>
  <testcase classname="MTO.Standard_Sku" name="create" time="0.010"/>
  <system-out/>
  <testcase classname="MTO.Standard_Sku" name="create" time="0.011"/>
  <system-out/>
  <testcase classname="MTO.Standard_Sku" name="create" time="0.010"/>
  <system-out/>
  <testcase classname="MTO.Standard_Sku" name="create" time="0.011"/>
  <system-out/>
  <testcase classname="MTO.Standard_Sku" name="create" time="0.010"/>
  <system-out/>
  <testcase classname="MTO.Standard_Sku" name="create" time="0.009"/>
  <system-out/>
  <testcase classname="MTO.Standard_Sku" name="create" time="0.010"/>
  <system-out/>
  <testcase classname="MTO.Standard_Sku" name="create" time="0.013"/>
  <system-out/>
  <testcase classname="MTO.Standard_Sku" name="create" time="0.012"/>
  <system-out/>
  <testcase classname="MTO.Standard_Sku" name="create" time="0.011"/>
  <system-out/>
  <testcase classname="MTO.Standard_Sku" name="create" time="0.016"/>
  <system-out/>
  <testcase classname="MTO.Standard_Sku" name="create" time="0.011"/>
  <system-out/>
  <testcase classname="MTO.Standard_Sku" name="create" time="0.011"/>
  <system-out/>
  <testcase classname="MTO.Standard_Sku" name="create" time="0.011"/>
  <system-out/>
  <testcase classname="MTO.Standard_Sku" name="create" time="0.011"/>
  <system-out/>
  <testcase classname="MTO.Standard_Sku" name="create" time="0.009"/>
  <system-out/>
  <testcase classname="MTO.Standard_Sku" name="create" time="0.010"/>
  <system-out/>
  <testcase classname="MTO.Standard_Sku" name="create" time="0.013"/>
  <system-out/>
  <testcase classname="MTO.Standard_Sku" name="create" time="0.011"/>
  <system-out/>
  <testcase classname="MTO.Standard_Sku" name="create" time="0.011"/>
  <system-out/>
  <testcase classname="MTO.Standard_Sku" name="create" time="0.011"/>
  <system-out/>
  <testcase classname="MTO.Standard_Sku" name="create" time="0.012"/>
  <system-out/>
  <testcase classname="MTO.Standard_Sku" name="create" time="0.014"/>
  <system-out/>
  <testcase classname="MTO.Standard_Sku" name="create" time="0.014"/>
  <system-out/>
  <testcase classname="MTO.Standard_Sku" name="create" time="0.011"/>
  <system-out/>
  <testcase classname="MTO.Standard_Sku" name="create" time="0.012"/>
  <system-out/>
  <testcase classname="MTO.Standard_Sku" name="create" time="0.042"/>
  <system-out/>
  <testcase classname="MTO.Standard_Sku" name="create" time="0.013"/>
  <system-out/>
  <testcase classname="MTO.Standard_Sku" name="create" time="0.021"/>
  <system-out/>
  <testcase classname="MTO.Standard_Sku" name="create" time="0.015"/>
  <system-out/>
  <testcase classname="MTO.Standard_Sku" name="create" time="0.011"/>
  <system-out/>
  <testcase classname="MTO.Standard_Sku" name="create" time="0.011"/>
  <system-out/>
  <testcase classname="MTO.Standard_Sku" name="create" time="0.015"/>
  <system-out/>
  <testcase classname="MTO.Standard_Sku" name="create" time="0.010"/>
  <system-out/>
  <testcase classname="MTO.Standard_Sku" name="create" time="0.010"/>
  <system-out/>
  <testcase classname="MTO.Standard_Sku" name="create" time="0.012"/>
  <system-out/>
  <testcase classname="MTO.Standard_Sku" name="create" time="0.010"/>
  <system-out/>
  <testcase classname="MTO.Standard_Sku" name="create" time="0.014"/>
  <system-out/>
  <testcase classname="MTO.Standard_Sku" name="create" time="0.009"/>
  <system-out/>
  <testcase classname="MTO.Standard_Sku" name="create" time="0.019"/>
  <system-out/>
  <testcase classname="MTO.Standard_Sku" name="create" time="0.013"/>
  <system-out/>
  <testcase classname="MTO.Standard_Sku" name="create" time="0.010"/>
  <system-out/>
  <testcase classname="MTO.Standard_Sku" name="create" time="0.010"/>
  <system-out/>
  <testcase classname="MTO.Standard_Sku" name="create" time="0.019"/>
  <system-out/>
  <testcase classname="MTO.Standard_Sku" name="create" time="0.010"/>
  <system-out/>
  <testcase classname="MTO.Standard_Sku" name="create" time="0.009"/>
  <system-out/>
  <testcase classname="MTO.Standard_Sku" name="create" time="0.011"/>
  <system-out/>
  <testcase classname="MTO.Standard_Sku" name="create" time="0.009"/>
  <system-out/>
  <testcase classname="MTO.Standard_Sku" name="create" time="0.013"/>
  <system-out/>
  <testcase classname="MTO.Standard_Sku" name="create" time="0.015"/>
  <system-out/>
  <testcase classname="MTO.Standard_Sku" name="create" time="0.014"/>
  <system-out/>
  <testcase classname="MTO.Standard_Sku" name="create" time="0.011"/>
  <system-out/>
  <testcase classname="MTO.Standard_Sku" name="create" time="0.011"/>
  <system-out/>
  <testcase classname="MTO.Standard_Sku" name="create" time="0.011"/>
  <system-out/>
  <testcase classname="MTO.Standard_Sku" name="create" time="0.011"/>
  <system-out/>
  <testcase classname="MTO.Standard_Sku" name="create" time="0.011"/>
  <system-out/>
  <testcase classname="MTO.Standard_Sku" name="create" time="0.012"/>
  <system-out/>
  <testcase classname="MTO.Standard_Sku" name="create" time="0.012"/>
  <system-out/>
  <testcase classname="MTO.Standard_Sku" name="create" time="0.013"/>
  <system-out/>
  <testcase classname="MTO.Standard_Sku" name="create" time="0.012"/>
  <system-out/>
  <testcase classname="MTO.Standard_Sku" name="create" time="0.011"/>
  <system-out/>
  <testcase classname="MTO.Standard_Sku" name="create" time="0.011"/>
  <system-out/>
  <testcase classname="MTO.Standard_Sku" name="create" time="0.011"/>
  <system-out/>
  <testcase classname="MTO.Standard_Sku" name="create" time="0.013"/>
  <system-out/>
  <testcase classname="MTO.Standard_Sku" name="create" time="0.015"/>
  <system-out/>
  <testcase classname="MTO.Standard_Sku" name="create" time="0.011"/>
  <system-out/>
  <testcase classname="MTO.Standard_Sku" name="create" time="0.010"/>
  <system-out/>
  <testcase classname="MTO.Standard_Sku" name="create" time="0.011"/>
  <system-out/>
  <testcase classname="MTO.Standard_Sku" name="create" time="0.010"/>
  <system-out/>
  <testcase classname="MTO.Standard_Sku" name="create" time="0.019"/>
  <system-out/>
  <testcase classname="MTO.Standard_Sku" name="create" time="0.010"/>
  <system-out/>
  <testcase classname="MTO.Standard_Sku" name="create" time="0.026"/>
  <system-out/>
  <testcase classname="MTO.Standard_Sku" name="create" time="0.017"/>
  <system-out/>
  <testcase classname="MTO.Standard_Sku" name="create" time="0.012"/>
  <system-out/>
  <testcase classname="MTO.Standard_Sku" name="create" time="0.011"/>
  <system-out/>
  <testcase classname="MTO.Standard_Sku" name="create" time="0.010"/>
  <system-out/>
  <testcase classname="MTO.Standard_Sku" name="create" time="0.010"/>
  <system-out/>
  <testcase classname="MTO.Standard_Sku" name="create" time="0.011"/>
  <system-out/>
  <testcase classname="MTO.Standard_Sku" name="create" time="0.011"/>
  <system-out/>
  <testcase classname="MTO.Standard_Sku" name="create" time="0.013"/>
  <system-out/>
  <testcase classname="MTO.Standard_Sku" name="create" time="0.010"/>
  <system-out/>
  <testcase classname="MTO.Standard_Sku" name="create" time="0.011"/>
  <system-out/>
  <testcase classname="MTO.Standard_Sku" name="create" time="0.014"/>
  <system-out/>
  <testcase classname="MTO.Standard_Sku" name="create" time="0.012"/>
  <system-out/>
  <testcase classname="MTO.Standard_Sku" name="create" time="0.012"/>
  <system-out/>
  <testcase classname="MTO.Standard_Sku" name="create" time="0.012"/>
  <system-out/>
  <testcase classname="MTO.Standard_Sku" name="create" time="0.011"/>
  <system-out/>
  <testcase classname="MTO.Standard_Sku" name="create" time="0.010"/>
  <system-out/>
  <testcase classname="MTO.Standard_Sku" name="create" time="0.011"/>
  <system-out/>
  <testcase classname="MTO.Standard_Sku" name="create" time="0.011"/>
  <system-out/>
  <testcase classname="MTO.Standard_Sku" name="create" time="0.016"/>
  <system-out/>
  <testcase classname="MTO.Standard_Sku" name="create" time="0.016"/>
  <system-out/>
  <testcase classname="MTO.Standard_Sku" name="create" time="0.010"/>
  <system-out/>
  <testcase classname="MTO.Standard_Sku" name="create" time="0.011"/>
  <system-out/>
  <testcase classname="MTO.Standard_Sku" name="create" time="0.015"/>
  <system-out/>
  <testcase classname="MTO.Standard_Sku" name="create" time="0.014"/>
  <system-out/>
  <testcase classname="MTO.Standard_Sku" name="create" time="0.014"/>
  <system-out/>
  <testcase classname="MTO.Standard_Sku" name="create" time="0.010"/>
  <system-out/>
  <testcase classname="MTO.Standard_Sku" name="create" time="0.013"/>
  <system-out/>
  <testcase classname="MTO.Standard_Sku" name="create" time="0.012"/>
  <system-out/>
  <testcase classname="MTO.Standard_Sku" name="create" time="0.015"/>
  <system-out/>
  <testcase classname="MTO.Standard_Sku" name="create" time="0.012"/>
  <system-out/>
  <testcase classname="MTO.Standard_Sku" name="create" time="0.013"/>
  <system-out/>
  <testcase classname="MTO.Standard_Sku" name="create" time="0.011"/>
  <system-out/>
  <testcase classname="MTO.Standard_Sku" name="create" time="0.009"/>
  <system-out/>
  <testcase classname="MTO.Standard_Sku" name="create" time="0.011"/>
  <system-out/>
  <testcase classname="MTO.Standard_Sku" name="create" time="0.011"/>
  <system-out/>
  <testcase classname="MTO.Standard_Sku" name="create" time="0.011"/>
  <system-out/>
  <testcase classname="MTO.Standard_Sku" name="create" time="0.010"/>
  <system-out/>
  <testcase classname="MTO.Standard_Sku" name="create" time="0.011"/>
  <system-out/>
  <testcase classname="MTO.Standard_Sku" name="create" time="0.016"/>
  <system-out/>
  <testcase classname="MTO.Standard_Sku" name="create" time="0.010"/>
  <system-out/>
  <testcase classname="MTO.Standard_Sku" name="create" time="0.010"/>
  <system-out/>
  <testcase classname="MTO.Standard_Sku" name="create" time="0.011"/>
  <system-out/>
  <testcase classname="MTO.Standard_Sku" name="create" time="0.011"/>
  <system-out/>
  <testcase classname="MTO.Standard_Sku" name="create" time="0.010"/>
  <system-out/>
  <testcase classname="MTO.Standard_Sku" name="create" time="0.014"/>
  <system-out/>
  <testcase classname="MTO.Standard_Sku" name="create" time="0.023"/>
  <system-out/>
  <testcase classname="MTO.Standard_Sku" name="create" time="0.010"/>
  <system-out/>
  <testcase classname="MTO.Standard_Sku" name="create" time="0.012"/>
  <system-out/>
  <testcase classname="MTO.Standard_Sku" name="create" time="0.011"/>
  <system-out/>
  <testcase classname="MTO.Standard_Sku" name="create" time="0.012"/>
  <system-out/>
  <testcase classname="MTO.Standard_Sku" name="create" time="0.013"/>
  <system-out/>
  <testcase classname="MTO.Standard_Sku" name="create" time="0.011"/>
  <system-out/>
  <testcase classname="MTO.Standard_Sku" name="create" time="0.010"/>
  <system-out/>
  <testcase classname="MTO.Standard_Sku" name="create" time="0.011"/>
  <system-out/>
  <testcase classname="MTO.Standard_Sku" name="create" time="0.011"/>
  <system-out/>
  <testcase classname="MTO.Standard_Sku" name="create" time="0.012"/>
  <system-out/>
  <testcase classname="MTO.Standard_Sku" name="create" time="0.012"/>
  <system-out/>
  <testcase classname="MTO.Standard_Sku" name="create" time="0.015"/>
  <system-out/>
  <testcase classname="MTO.Standard_Sku" name="create" time="0.016"/>
  <system-out/>
  <testcase classname="MTO.Standard_Sku" name="create" time="0.011"/>
  <system-out/>
  <testcase classname="MTO.Standard_Sku" name="create" time="0.016"/>
  <system-out/>
  <testcase classname="MTO.Standard_Sku" name="create" time="0.012"/>
  <system-out/>
  <testcase classname="MTO.Standard_Sku" name="create" time="0.010"/>
  <system-out/>
  <testcase classname="MTO.Standard_Sku" name="create" time="0.015"/>
  <system-out/>
  <testcase classname="MTO.Standard_Sku" name="create" time="0.009"/>
  <system-out/>
  <testcase classname="MTO.Standard_Sku" name="create" time="0.011"/>
  <system-out/>
  <testcase classname="MTO.Standard_Sku" name="create" time="0.016"/>
  <system-out/>
  <testcase classname="MTO.Standard_Sku" name="create" time="0.011"/>
  <system-out/>
  <testcase classname="MTO.Standard_Sku" name="create" time="0.011"/>
  <system-out/>
  <testcase classname="MTO.Standard_Sku" name="create" time="0.015"/>
  <system-out/>
  <testcase classname="MTO.Standard_Sku" name="create" time="0.010"/>
  <system-out/>
  <testcase classname="MTO.Standard_Sku" name="create" time="0.011"/>
  <system-out/>
  <testcase classname="MTO.Standard_Sku" name="create" time="0.011"/>
  <system-out/>
  <testcase classname="MTO.Standard_Sku" name="create" time="0.013"/>
  <system-out/>
  <testcase classname="MTO.Standard_Sku" name="create" time="0.011"/>
  <system-out/>
  <testcase classname="MTO.Standard_Sku" name="create" time="0.011"/>
  <system-out/>
  <testcase classname="MTO.Standard_Sku" name="create" time="0.018"/>
  <system-out/>
  <testcase classname="MTO.Standard_Sku" name="create" time="0.011"/>
  <system-out/>
  <testcase classname="MTO.Standard_Sku" name="create" time="0.016"/>
  <system-out/>
  <testcase classname="MTO.Standard_Sku" name="create" time="0.011"/>
  <system-out/>
  <testcase classname="MTO.Standard_Sku" name="create" time="0.011"/>
  <system-out/>
  <testcase classname="MTO.Standard_Sku" name="create" time="1.658"/>
  <system-out/>
  <testcase classname="MTO.Standard_Sku" name="create" time="0.011"/>
  <system-out/>
  <testcase classname="MTO.Standard_Sku" name="create" time="0.010"/>
  <system-out/>
  <testcase classname="MTO.Standard_Sku" name="create" time="0.011"/>
  <system-out/>
  <testcase classname="MTO.Standard_Sku" name="create" time="0.010"/>
  <system-out/>
  <testcase classname="MTO.Standard_Sku" name="create" time="0.012"/>
  <system-out/>
  <testcase classname="MTO.Standard_Sku" name="create" time="0.010"/>
  <system-out/>
  <testcase classname="MTO.Standard_Sku" name="create" time="0.010"/>
  <system-out/>
  <testcase classname="MTO.Standard_Sku" name="create" time="0.011"/>
  <system-out/>
  <testcase classname="MTO.Standard_Sku" name="create" time="0.011"/>
  <system-out/>
  <testcase classname="MTO.Standard_Sku" name="create" time="0.010"/>
  <system-out/>
  <testcase classname="MTO.Standard_Sku" name="create" time="0.012"/>
  <system-out/>
  <testcase classname="MTO.Standard_Sku" name="create" time="0.010"/>
  <system-out/>
  <testcase classname="MTO.Standard_Sku" name="create" time="0.010"/>
  <system-out/>
  <testcase classname="MTO.Standard_Sku" name="create" time="0.012"/>
  <system-out/>
  <testcase classname="MTO.Standard_Sku" name="create" time="0.011"/>
  <system-out/>
  <testcase classname="MTO.Standard_Sku" name="create" time="0.010"/>
  <system-out/>
  <testcase classname="MTO.Standard_Sku" name="create" time="0.010"/>
  <system-out/>
  <testcase classname="MTO.Standard_Sku" name="create" time="0.011"/>
  <system-out/>
  <testcase classname="MTO.Standard_Sku" name="create" time="0.012"/>
  <system-out/>
  <testcase classname="MTO.Standard_Sku" name="create" time="0.016"/>
  <system-out/>
  <testcase classname="MTO.Standard_Sku" name="create" time="0.014"/>
  <system-out/>
  <testcase classname="MTO.Standard_Sku" name="create" time="0.012"/>
  <system-out/>
  <testcase classname="MTO.Standard_Sku" name="create" time="0.011"/>
  <system-out/>
  <testcase classname="MTO.Standard_Sku" name="create" time="0.011"/>
  <system-out/>
  <testcase classname="MTO.Standard_Sku" name="create" time="0.013"/>
  <system-out/>
  <testcase classname="MTO.Standard_Sku" name="create" time="0.010"/>
  <system-out/>
  <testcase classname="MTO.Standard_Sku" name="create" time="0.014"/>
  <system-out/>
  <testcase classname="MTO.Standard_Sku" name="create" time="0.011"/>
  <system-out/>
  <testcase classname="MTO.Standard_Sku" name="create" time="0.017"/>
  <system-out/>
  <testcase classname="MTO.Standard_Sku" name="create" time="0.010"/>
  <system-out/>
  <testcase classname="MTO.Standard_Sku" name="create" time="0.015"/>
  <system-out/>
  <testcase classname="MTO.Standard_Sku" name="create" time="0.011"/>
  <system-out/>
  <testcase classname="MTO.Standard_Sku" name="create" time="0.011"/>
  <system-out/>
  <testcase classname="MTO.Standard_Sku" name="create" time="0.013"/>
  <system-out/>
  <testcase classname="MTO.Standard_Sku" name="create" time="0.010"/>
  <system-out/>
  <testcase classname="MTO.Standard_Sku" name="create" time="0.010"/>
  <system-out/>
  <testcase classname="MTO.Standard_Sku" name="create" time="0.011"/>
  <system-out/>
  <testcase classname="MTO.Standard_Sku" name="create" time="0.013"/>
  <system-out/>
  <testcase classname="MTO.Standard_Sku" name="create" time="0.012"/>
  <system-out/>
  <testcase classname="MTO.Standard_Sku" name="create" time="0.010"/>
  <system-out/>
  <testcase classname="MTO.Standard_Sku" name="create" time="0.012"/>
  <system-out/>
  <testcase classname="MTO.Standard_Sku" name="create" time="0.012"/>
  <system-out/>
  <testcase classname="MTO.Standard_Sku" name="create" time="0.013"/>
  <system-out/>
  <testcase classname="MTO.Standard_Sku" name="create" time="0.017"/>
  <system-out/>
  <testcase classname="MTO.Standard_Sku" name="create" time="0.011"/>
  <system-out/>
  <testcase classname="MTO.Standard_Sku" name="create" time="0.012"/>
  <system-out/>
  <testcase classname="MTO.Standard_Sku" name="create" time="0.015"/>
  <system-out/>
  <testcase classname="MTO.Standard_Sku" name="create" time="0.010"/>
  <system-out/>
  <testcase classname="MTO.Standard_Sku" name="create" time="0.012"/>
  <system-out/>
  <testcase classname="MTO.Standard_Sku" name="create" time="0.013"/>
  <system-out/>
  <testcase classname="MTO.Standard_Sku" name="create" time="0.011"/>
  <system-out/>
  <testcase classname="MTO.Standard_Sku" name="create" time="0.011"/>
  <system-out/>
  <testcase classname="MTO.Standard_Sku" name="create" time="0.013"/>
  <system-out/>
  <testcase classname="MTO.Standard_Sku" name="create" time="0.015"/>
  <system-out/>
  <testcase classname="MTO.Standard_Sku" name="create" time="0.013"/>
  <system-out/>
  <testcase classname="MTO.Standard_Sku" name="create" time="0.009"/>
  <system-out/>
  <testcase classname="MTO.Standard_Sku" name="create" time="0.009"/>
  <system-out/>
  <testcase classname="MTO.Standard_Sku" name="create" time="0.012"/>
  <system-out/>
  <testcase classname="MTO.Standard_Sku" name="create" time="0.014"/>
  <system-out/>
  <testcase classname="MTO.Standard_Sku" name="create" time="0.011"/>
  <system-out/>
  <testcase classname="MTO.Standard_Sku" name="create" time="0.014"/>
  <system-out/>
  <testcase classname="MTO.Standard_Sku" name="create" time="0.011"/>
  <system-out/>
  <testcase classname="MTO.Standard_Sku" name="create" time="0.009"/>
  <system-out/>
  <testcase classname="MTO.Standard_Sku" name="create" time="0.013"/>
  <system-out/>
  <testcase classname="MTO.Standard_Sku" name="create" time="0.009"/>
  <system-out/>
  <testcase classname="MTO.Standard_Sku" name="create" time="0.013"/>
  <system-out/>
  <testcase classname="MTO.Standard_Sku" name="create" time="0.015"/>
  <system-out/>
  <testcase classname="MTO.Standard_Sku" name="create" time="0.011"/>
  <system-out/>
  <testcase classname="MTO.Standard_Sku" name="create" time="0.016"/>
  <system-out/>
  <testcase classname="MTO.Standard_Sku" name="create" time="0.011"/>
  <system-out/>
  <testcase classname="MTO.Standard_Sku" name="create" time="0.013"/>
  <system-out/>
  <testcase classname="MTO.Standard_Sku" name="create" time="0.010"/>
  <system-out/>
  <testcase classname="MTO.Standard_Sku" name="create" time="0.010"/>
  <system-out/>
  <testcase classname="MTO.Standard_Sku" name="create" time="0.011"/>
  <system-out/>
  <testcase classname="MTO.Standard_Sku" name="create" time="0.010"/>
  <system-out/>
  <testcase classname="MTO.Standard_Sku" name="create" time="0.010"/>
  <system-out/>
  <testcase classname="MTO.Standard_Sku" name="create" time="0.011"/>
  <system-out/>
  <testcase classname="MTO.Standard_Sku" name="create" time="0.032"/>
  <system-out/>
  <testcase classname="MTO.Standard_Sku" name="create" time="0.009"/>
  <system-out/>
  <testcase classname="MTO.Standard_Sku" name="create" time="0.011"/>
  <system-out/>
  <testcase classname="MTO.Standard_Sku" name="create" time="0.012"/>
  <system-out/>
  <testcase classname="MTO.Standard_Sku" name="create" time="0.014"/>
  <system-out/>
  <testcase classname="MTO.Standard_Sku" name="create" time="0.020"/>
  <system-out/>
  <testcase classname="MTO.Standard_Sku" name="create" time="0.010"/>
  <system-out/>
  <testcase classname="MTO.Standard_Sku" name="create" time="0.013"/>
  <system-out/>
  <testcase classname="MTO.Standard_Sku" name="create" time="0.010"/>
  <system-out/>
  <testcase classname="MTO.Standard_Sku" name="create" time="0.017"/>
  <system-out/>
  <testcase classname="MTO.Standard_Sku" name="create" time="0.012"/>
  <system-out/>
  <testcase classname="MTO.Standard_Sku" name="create" time="0.011"/>
  <system-out/>
  <testcase classname="MTO.Standard_Sku" name="create" time="0.016"/>
  <system-out/>
  <testcase classname="MTO.Standard_Sku" name="create" time="0.012"/>
  <system-out/>
  <testcase classname="MTO.Standard_Sku" name="create" time="0.013"/>
  <system-out/>
  <testcase classname="MTO.Standard_Sku" name="create" time="0.011"/>
  <system-out/>
  <testcase classname="MTO.Standard_Sku" name="create" time="0.010"/>
  <system-out/>
  <testcase classname="MTO.Standard_Sku" name="create" time="0.011"/>
  <system-out/>
  <testcase classname="MTO.Standard_Sku" name="create" time="0.013"/>
  <system-out/>
  <testcase classname="MTO.Standard_Sku" name="create" time="0.011"/>
  <system-out/>
  <testcase classname="MTO.Standard_Sku" name="create" time="0.010"/>
  <system-out/>
  <testcase classname="MTO.Standard_Sku" name="create" time="0.012"/>
  <system-out/>
  <testcase classname="MTO.Standard_Sku" name="create" time="0.013"/>
  <system-out/>
  <testcase classname="MTO.Standard_Sku" name="create" time="0.012"/>
  <system-out/>
  <testcase classname="MTO.Standard_Sku" name="create" time="0.013"/>
  <system-out/>
  <testcase classname="MTO.Standard_Sku" name="create" time="0.010"/>
  <system-out/>
  <testcase classname="MTO.Standard_Sku" name="create" time="0.011"/>
  <system-out/>
  <testcase classname="MTO.Standard_Sku" name="create" time="0.011"/>
  <system-out/>
  <testcase classname="MTO.Standard_Sku" name="create" time="0.013"/>
  <system-out/>
  <testcase classname="MTO.Standard_Sku" name="create" time="0.017"/>
  <system-out/>
  <testcase classname="MTO.Standard_Sku" name="create" time="0.011"/>
  <system-out/>
  <testcase classname="MTO.Standard_Sku" name="create" time="0.011"/>
  <system-out/>
  <testcase classname="MTO.Standard_Sku" name="create" time="0.011"/>
  <system-out/>
  <testcase classname="MTO.Standard_Sku" name="create" time="0.011"/>
  <system-out/>
  <testcase classname="MTO.Standard_Sku" name="create" time="0.011"/>
  <system-out/>
  <testcase classname="MTO.Standard_Sku" name="create" time="0.012"/>
  <system-out/>
  <testcase classname="MTO.Standard_Sku" name="create" time="0.010"/>
  <system-out/>
  <testcase classname="MTO.Standard_Sku" name="create" time="0.011"/>
  <system-out/>
  <testcase classname="MTO.Standard_Sku" name="create" time="0.025"/>
  <system-out/>
  <testcase classname="MTO.Standard_Sku" name="create" time="0.012"/>
  <system-out/>
  <testcase classname="MTO.Standard_Sku" name="create" time="0.011"/>
  <system-out/>
  <testcase classname="MTO.Standard_Sku" name="create" time="0.013"/>
  <system-out/>
  <testcase classname="MTO.Standard_Sku" name="create" time="0.011"/>
  <system-out/>
  <testcase classname="MTO.Standard_Sku" name="create" time="0.011"/>
  <system-out/>
  <testcase classname="MTO.Standard_Sku" name="create" time="0.011"/>
  <system-out/>
  <testcase classname="MTO.Standard_Sku" name="create" time="0.014"/>
  <system-out/>
  <testcase classname="MTO.Standard_Sku" name="create" time="0.010"/>
  <system-out/>
  <testcase classname="MTO.Standard_Sku" name="create" time="0.011"/>
  <system-out/>
  <testcase classname="MTO.Standard_Sku" name="create" time="0.010"/>
  <system-out/>
  <testcase classname="MTO.Standard_Sku" name="create" time="0.010"/>
  <system-out/>
  <testcase classname="MTO.Standard_Sku" name="create" time="0.012"/>
  <system-out/>
  <testcase classname="MTO.Standard_Sku" name="create" time="0.010"/>
  <system-out/>
  <testcase classname="MTO.Standard_Sku" name="create" time="0.012"/>
  <system-out/>
  <testcase classname="MTO.Standard_Sku" name="create" time="0.010"/>
  <system-out/>
  <testcase classname="MTO.Standard_Sku" name="create" time="0.015"/>
  <system-out/>
  <testcase classname="MTO.Standard_Sku" name="create" time="0.009"/>
  <system-out/>
  <testcase classname="MTO.Standard_Sku" name="create" time="0.011"/>
  <system-out/>
  <testcase classname="MTO.Standard_Sku" name="create" time="0.012"/>
  <system-out/>
  <testcase classname="MTO.Standard_Sku" name="create" time="0.014"/>
  <system-out/>
  <testcase classname="MTO.Standard_Sku" name="create" time="0.012"/>
  <system-out/>
  <testcase classname="MTO.Standard_Sku" name="create" time="0.011"/>
  <system-out/>
  <testcase classname="MTO.Standard_Sku" name="create" time="0.012"/>
  <system-out/>
  <testcase classname="MTO.Standard_Sku" name="create" time="0.010"/>
  <system-out/>
  <testcase classname="MTO.Standard_Sku" name="create" time="0.012"/>
  <system-out/>
  <testcase classname="MTO.Standard_Sku" name="create" time="0.009"/>
  <system-out/>
  <testcase classname="MTO.Standard_Sku" name="create" time="0.017"/>
  <system-out/>
  <testcase classname="MTO.Standard_Sku" name="create" time="0.009"/>
  <system-out/>
  <testcase classname="MTO.Standard_Sku" name="create" time="0.011"/>
  <system-out/>
  <testcase classname="MTO.Standard_Sku" name="create" time="0.010"/>
  <system-out/>
  <testcase classname="MTO.Standard_Sku" name="create" time="0.015"/>
  <system-out/>
  <testcase classname="MTO.Standard_Sku" name="create" time="0.010"/>
  <system-out/>
  <testcase classname="MTO.Standard_Sku" name="create" time="0.011"/>
  <system-out/>
  <testcase classname="MTO.Standard_Sku" name="create" time="0.010"/>
  <system-out/>
  <testcase classname="MTO.Standard_Sku" name="create" time="0.011"/>
  <system-out/>
  <testcase classname="MTO.Standard_Sku" name="create" time="0.010"/>
  <system-out/>
  <testcase classname="MTO.Standard_Sku" name="create" time="0.010"/>
  <system-out/>
  <testcase classname="MTO.Standard_Sku" name="create" time="0.018"/>
  <system-out/>
  <testcase classname="MTO.Standard_Sku" name="create" time="0.015"/>
  <system-out/>
  <testcase classname="MTO.Standard_Sku" name="create" time="0.010"/>
  <system-out/>
  <testcase classname="MTO.Standard_Sku" name="create" time="0.012"/>
  <system-out/>
  <testcase classname="MTO.Standard_Sku" name="create" time="0.012"/>
  <system-out/>
  <testcase classname="MTO.Standard_Sku" name="create" time="0.010"/>
  <system-out/>
  <testcase classname="MTO.Standard_Sku" name="create" time="0.011"/>
  <system-out/>
  <testcase classname="MTO.Standard_Sku" name="create" time="0.012"/>
  <system-out/>
  <testcase classname="MTO.Standard_Sku" name="create" time="0.011"/>
  <system-out/>
  <testcase classname="MTO.Standard_Sku" name="create" time="0.014"/>
  <system-out/>
  <testcase classname="MTO.Standard_Sku" name="create" time="0.017"/>
  <system-out/>
  <testcase classname="MTO.Standard_Sku" name="create" time="0.011"/>
  <system-out/>
  <testcase classname="MTO.Standard_Sku" name="create" time="0.010"/>
  <system-out/>
  <testcase classname="MTO.Standard_Sku" name="create" time="0.013"/>
  <system-out/>
  <testcase classname="MTO.Standard_Sku" name="create" time="0.011"/>
  <system-out/>
  <testcase classname="MTO.Standard_Sku" name="create" time="0.010"/>
  <system-out/>
  <testcase classname="MTO.Standard_Sku" name="create" time="0.011"/>
  <system-out/>
  <testcase classname="MTO.Standard_Sku" name="create" time="0.011"/>
  <system-out/>
  <testcase classname="MTO.Standard_Sku" name="create" time="0.011"/>
  <system-out/>
  <testcase classname="MTO.Standard_Sku" name="create" time="0.011"/>
  <system-out/>
  <testcase classname="MTO.Standard_Sku" name="create" time="0.013"/>
  <system-out/>
  <testcase classname="MTO.Standard_Sku" name="create" time="0.011"/>
  <system-out/>
  <testcase classname="MTO.Standard_Sku" name="create" time="0.014"/>
  <system-out/>
  <testcase classname="MTO.Standard_Sku" name="create" time="0.011"/>
  <system-out/>
  <testcase classname="MTO.Standard_Sku" name="create" time="0.011"/>
  <system-out/>
  <testcase classname="MTO.Standard_Sku" name="create" time="0.009"/>
  <system-out/>
  <testcase classname="MTO.Standard_Sku" name="create" time="0.010"/>
  <system-out/>
  <testcase classname="MTO.Standard_Sku" name="create" time="0.011"/>
  <system-out/>
  <testcase classname="MTO.Standard_Sku" name="create" time="0.012"/>
  <system-out/>
  <testcase classname="MTO.Standard_Sku" name="create" time="0.011"/>
  <system-out/>
  <testcase classname="MTO.Standard_Sku" name="create" time="0.011"/>
  <system-out/>
  <testcase classname="MTO.Standard_Sku" name="create" time="0.012"/>
  <system-out/>
  <testcase classname="MTO.Standard_Sku" name="create" time="0.012"/>
  <system-out/>
  <testcase classname="MTO.Standard_Sku" name="create" time="0.013"/>
  <system-out/>
  <testcase classname="MTO.Standard_Sku" name="create" time="0.011"/>
  <system-out/>
  <testcase classname="MTO.Standard_Sku" name="create" time="0.011"/>
  <system-out/>
  <testcase classname="MTO.Standard_Sku" name="create" time="0.011"/>
  <system-out/>
  <testcase classname="MTO.Standard_Sku" name="create" time="0.010"/>
  <system-out/>
  <testcase classname="MTO.Standard_Sku" name="create" time="0.012"/>
  <system-out/>
  <testcase classname="MTO.Standard_Sku" name="create" time="0.011"/>
  <system-out/>
  <testcase classname="MTO.Standard_Sku" name="create" time="0.015"/>
  <system-out/>
  <testcase classname="MTO.Standard_Sku" name="create" time="0.015"/>
  <system-out/>
  <testcase classname="MTO.Standard_Sku" name="create" time="0.011"/>
  <system-out/>
  <testcase classname="MTO.Standard_Sku" name="create" time="0.013"/>
  <system-out/>
  <testcase classname="MTO.Standard_Sku" name="create" time="0.010"/>
  <system-out/>
  <testcase classname="MTO.Standard_Sku" name="create" time="0.013"/>
  <system-out/>
  <testcase classname="MTO.Standard_Sku" name="create" time="0.011"/>
  <system-out/>
  <testcase classname="MTO.Standard_Sku" name="create" time="0.011"/>
  <system-out/>
  <testcase classname="MTO.Standard_Sku" name="create" time="0.012"/>
  <system-out/>
  <testcase classname="MTO.Standard_Sku" name="create" time="0.033"/>
  <system-out/>
  <testcase classname="MTO.Standard_Sku" name="create" time="0.011"/>
  <system-out/>
  <testcase classname="MTO.Standard_Sku" name="create" time="0.010"/>
  <system-out/>
  <testcase classname="MTO.Standard_Sku" name="create" time="0.012"/>
  <system-out/>
  <testcase classname="MTO.Standard_Sku" name="create" time="0.011"/>
  <system-out/>
  <testcase classname="MTO.Standard_Sku" name="create" time="0.013"/>
  <system-out/>
  <testcase classname="MTO.Standard_Sku" name="create" time="0.011"/>
  <system-out/>
  <testcase classname="MTO.Standard_Sku" name="create" time="0.013"/>
  <system-out/>
  <testcase classname="MTO.Standard_Sku" name="create" time="0.011"/>
  <system-out/>
  <testcase classname="MTO.Standard_Sku" name="create" time="0.010"/>
  <system-out/>
  <testcase classname="MTO.Standard_Sku" name="create" time="0.010"/>
  <system-out/>
  <testcase classname="MTO.Standard_Sku" name="create" time="0.010"/>
  <system-out/>
  <testcase classname="MTO.Standard_Sku" name="create" time="0.014"/>
  <system-out/>
  <testcase classname="MTO.Standard_Sku" name="create" time="0.009"/>
  <system-out/>
  <testcase classname="MTO.Standard_Sku" name="create" time="0.030"/>
  <system-out/>
  <testcase classname="MTO.Standard_Sku" name="create" time="0.013"/>
  <system-out/>
  <testcase classname="MTO.Standard_Sku" name="create" time="0.011"/>
  <system-out/>
  <testcase classname="MTO.Standard_Sku" name="create" time="0.017"/>
  <system-out/>
  <testcase classname="MTO.Standard_Sku" name="create" time="0.012"/>
  <system-out/>
  <testcase classname="MTO.Standard_Sku" name="create" time="0.011"/>
  <system-out/>
  <testcase classname="MTO.Standard_Sku" name="create" time="0.015"/>
  <system-out/>
  <testcase classname="MTO.Standard_Sku" name="create" time="0.013"/>
  <system-out/>
  <testcase classname="MTO.Standard_Sku" name="create" time="0.013"/>
  <system-out/>
  <testcase classname="MTO.Standard_Sku" name="create" time="0.014"/>
  <system-out/>
  <testcase classname="MTO.Standard_Sku" name="create" time="0.011"/>
  <system-out/>
  <testcase classname="MTO.Standard_Sku" name="create" time="0.011"/>
  <system-out/>
  <testcase classname="MTO.Standard_Sku" name="create" time="0.010"/>
  <system-out/>
  <testcase classname="MTO.Standard_Sku" name="create" time="0.010"/>
  <system-out/>
  <testcase classname="MTO.Standard_Sku" name="create" time="0.009"/>
  <system-out/>
  <testcase classname="MTO.Standard_Sku" name="create" time="0.011"/>
  <system-out/>
  <testcase classname="MTO.Standard_Sku" name="create" time="0.015"/>
  <system-out/>
  <testcase classname="MTO.Standard_Sku" name="create" time="0.010"/>
  <system-out/>
  <testcase classname="MTO.Standard_Sku" name="create" time="0.013"/>
  <system-out/>
  <testcase classname="MTO.Standard_Sku" name="create" time="0.014"/>
  <system-out/>
  <testcase classname="MTO.Standard_Sku" name="create" time="0.011"/>
  <system-out/>
  <testcase classname="MTO.Standard_Sku" name="create" time="0.010"/>
  <system-out/>
  <testcase classname="MTO.Standard_Sku" name="create" time="0.015"/>
  <system-out/>
  <testcase classname="MTO.Standard_Sku" name="create" time="0.012"/>
  <system-out/>
  <testcase classname="MTO.Standard_Sku" name="create" time="0.011"/>
  <system-out/>
  <testcase classname="MTO.Standard_Sku" name="create" time="0.010"/>
  <system-out/>
  <testcase classname="MTO.Standard_Sku" name="create" time="0.013"/>
  <system-out/>
  <testcase classname="MTO.Standard_Sku" name="create" time="0.012"/>
  <system-out/>
  <testcase classname="MTO.Standard_Sku" name="create" time="0.011"/>
  <system-out/>
  <testcase classname="MTO.Standard_Sku" name="create" time="0.010"/>
  <system-out/>
  <testcase classname="MTO.Standard_Sku" name="create" time="0.015"/>
  <system-out/>
  <testcase classname="MTO.Standard_Sku" name="create" time="0.016"/>
  <system-out/>
  <testcase classname="MTO.Standard_Sku" name="create" time="0.010"/>
  <system-out/>
  <testcase classname="MTO.Standard_Sku" name="create" time="0.011"/>
  <system-out/>
  <testcase classname="MTO.Standard_Sku" name="create" time="0.011"/>
  <system-out/>
  <testcase classname="MTO.Standard_Sku" name="create" time="0.013"/>
  <system-out/>
  <testcase classname="MTO.Standard_Sku" name="create" time="0.013"/>
  <system-out/>
  <testcase classname="MTO.Standard_Sku" name="create" time="0.024"/>
  <system-out/>
  <testcase classname="MTO.Standard_Sku" name="create" time="0.011"/>
  <system-out/>
  <testcase classname="MTO.Standard_Sku" name="create" time="0.011"/>
  <system-out/>
  <testcase classname="MTO.Standard_Sku" name="create" time="0.014"/>
  <system-out/>
  <testcase classname="MTO.Standard_Sku" name="create" time="0.012"/>
  <system-out/>
  <testcase classname="MTO.Standard_Sku" name="create" time="0.012"/>
  <system-out/>
  <testcase classname="MTO.Standard_Sku" name="create" time="0.025"/>
  <system-out/>
  <testcase classname="MTO.Standard_Sku" name="create" time="0.015"/>
  <system-out/>
  <testcase classname="MTO.Standard_Sku" name="create" time="0.011"/>
  <system-out/>
  <testcase classname="MTO.Standard_Sku" name="create" time="0.012"/>
  <system-out/>
  <testcase classname="MTO.Standard_Sku" name="create" time="0.010"/>
  <system-out/>
  <testcase classname="MTO.Standard_Sku" name="create" time="0.018"/>
  <system-out/>
  <testcase classname="MTO.Standard_Sku" name="create" time="0.010"/>
  <system-out/>
  <testcase classname="MTO.Standard_Sku" name="create" time="0.012"/>
  <system-out/>
  <testcase classname="MTO.Standard_Sku" name="create" time="0.013"/>
  <system-out/>
  <testcase classname="MTO.Standard_Sku" name="create" time="0.018"/>
  <system-out/>
  <testcase classname="MTO.Standard_Sku" name="create" time="0.013"/>
  <system-out/>
  <testcase classname="MTO.Standard_Sku" name="create" time="0.011"/>
  <system-out/>
  <testcase classname="MTO.Standard_Sku" name="create" time="0.014"/>
  <system-out/>
  <testcase classname="MTO.Standard_Sku" name="create" time="0.010"/>
  <system-out/>
  <testcase classname="MTO.Standard_Sku" name="create" time="0.011"/>
  <system-out/>
  <testcase classname="MTO.Standard_Sku" name="create" time="0.012"/>
  <system-out/>
  <testcase classname="MTO.Standard_Sku" name="create" time="0.019"/>
  <system-out/>
  <testcase classname="MTO.Standard_Sku" name="create" time="0.012"/>
  <system-out/>
  <testcase classname="MTO.Standard_Sku" name="create" time="0.009"/>
  <system-out/>
  <testcase classname="MTO.Standard_Sku" name="create" time="0.010"/>
  <system-out/>
  <testcase classname="MTO.Standard_Sku" name="create" time="0.012"/>
  <system-out/>
  <testcase classname="MTO.Standard_Sku" name="create" time="0.014"/>
  <system-out/>
  <testcase classname="MTO.Standard_Sku" name="create" time="0.017"/>
  <system-out/>
  <testcase classname="MTO.Standard_Sku" name="create" time="0.010"/>
  <system-out/>
  <testcase classname="MTO.Standard_Sku" name="create" time="0.015"/>
  <system-out/>
  <testcase classname="MTO.Standard_Sku" name="create" time="0.013"/>
  <system-out/>
  <testcase classname="MTO.Standard_Sku" name="create" time="0.011"/>
  <system-out/>
  <testcase classname="MTO.Standard_Sku" name="create" time="0.010"/>
  <system-out/>
  <testcase classname="MTO.Standard_Sku" name="create" time="0.011"/>
  <system-out/>
  <testcase classname="MTO.Standard_Sku" name="create" time="0.012"/>
  <system-out/>
  <testcase classname="MTO.Standard_Sku" name="create" time="0.009"/>
  <system-out/>
  <testcase classname="MTO.Standard_Sku" name="create" time="0.012"/>
  <system-out/>
  <testcase classname="MTO.Standard_Sku" name="create" time="0.012"/>
  <system-out/>
  <testcase classname="MTO.Standard_Sku" name="create" time="0.011"/>
  <system-out/>
  <testcase classname="MTO.Standard_Sku" name="create" time="0.012"/>
  <system-out/>
  <testcase classname="MTO.Standard_Sku" name="create" time="0.012"/>
  <system-out/>
  <testcase classname="MTO.Standard_Sku" name="create" time="0.010"/>
  <system-out/>
  <testcase classname="MTO.Standard_Sku" name="create" time="0.012"/>
  <system-out/>
  <testcase classname="MTO.Standard_Sku" name="create" time="0.010"/>
  <system-out/>
  <testcase classname="MTO.Standard_Sku" name="create" time="0.016"/>
  <system-out/>
  <testcase classname="MTO.Standard_Sku" name="create" time="0.014"/>
  <system-out/>
  <testcase classname="MTO.Standard_Sku" name="create" time="0.017"/>
  <system-out/>
  <testcase classname="MTO.Standard_Sku" name="create" time="0.014"/>
  <system-out/>
  <testcase classname="MTO.Standard_Sku" name="create" time="0.017"/>
  <system-out/>
  <testcase classname="MTO.Standard_Sku" name="create" time="0.011"/>
  <system-out/>
  <testcase classname="MTO.Standard_Sku" name="create" time="0.011"/>
  <system-out/>
  <testcase classname="MTO.Standard_Sku" name="create" time="0.012"/>
  <system-out/>
  <testcase classname="MTO.Standard_Sku" name="create" time="0.015"/>
  <system-out/>
  <testcase classname="MTO.Standard_Sku" name="create" time="0.011"/>
  <system-out/>
  <testcase classname="MTO.Standard_Sku" name="create" time="0.012"/>
  <system-out/>
  <testcase classname="MTO.Standard_Sku" name="create" time="0.012"/>
  <system-out/>
  <testcase classname="MTO.Standard_Sku" name="create" time="0.011"/>
  <system-out/>
  <testcase classname="MTO.Standard_Sku" name="create" time="0.014"/>
  <system-out/>
  <testcase classname="MTO.Standard_Sku" name="create" time="0.010"/>
  <system-out/>
  <testcase classname="MTO.Standard_Sku" name="create" time="0.014"/>
  <system-out/>
  <testcase classname="MTO.Standard_Sku" name="create" time="0.011"/>
  <system-out/>
  <testcase classname="MTO.Standard_Sku" name="create" time="0.013"/>
  <system-out/>
  <testcase classname="MTO.Standard_Sku" name="create" time="0.015"/>
  <system-out/>
  <testcase classname="MTO.Standard_Sku" name="create" time="0.009"/>
  <system-out/>
  <testcase classname="MTO.Standard_Sku" name="create" time="0.011"/>
  <system-out/>
  <testcase classname="MTO.Standard_Sku" name="create" time="0.010"/>
  <system-out/>
  <testcase classname="MTO.Standard_Sku" name="create" time="0.012"/>
  <system-out/>
  <testcase classname="MTO.Standard_Sku" name="create" time="0.036"/>
  <system-out/>
  <testcase classname="MTO.Standard_Sku" name="create" time="0.011"/>
  <system-out/>
  <testcase classname="MTO.Standard_Sku" name="create" time="0.010"/>
  <system-out/>
  <testcase classname="MTO.Standard_Sku" name="create" time="0.011"/>
  <system-out/>
  <testcase classname="MTO.Standard_Sku" name="create" time="0.010"/>
  <system-out/>
  <testcase classname="MTO.Standard_Sku" name="create" time="0.012"/>
  <system-out/>
  <testcase classname="MTO.Standard_Sku" name="create" time="0.032"/>
  <system-out/>
  <testcase classname="MTO.Standard_Sku" name="create" time="0.010"/>
  <system-out/>
  <testcase classname="MTO.Standard_Sku" name="create" time="0.010"/>
  <system-out/>
  <testcase classname="MTO.Standard_Sku" name="create" time="0.013"/>
  <system-out/>
  <testcase classname="MTO.Standard_Sku" name="create" time="0.010"/>
  <system-out/>
  <testcase classname="MTO.Standard_Sku" name="create" time="0.010"/>
  <system-out/>
  <testcase classname="MTO.Standard_Sku" name="create" time="0.011"/>
  <system-out/>
  <testcase classname="MTO.Standard_Sku" name="create" time="0.015"/>
  <system-out/>
  <testcase classname="MTO.Standard_Sku" name="create" time="0.012"/>
  <system-out/>
  <testcase classname="MTO.Standard_Sku" name="create" time="0.013"/>
  <system-out/>
  <testcase classname="MTO.Standard_Sku" name="create" time="0.014"/>
  <system-out/>
  <testcase classname="MTO.Standard_Sku" name="create" time="0.013"/>
  <system-out/>
  <testcase classname="MTO.Standard_Sku" name="create" time="0.010"/>
  <system-out/>
  <testcase classname="MTO.Standard_Sku" name="create" time="0.012"/>
  <system-out/>
  <testcase classname="MTO.Standard_Sku" name="create" time="0.014"/>
  <system-out/>
  <testcase classname="MTO.Standard_Sku" name="create" time="0.012"/>
  <system-out/>
  <testcase classname="MTO.Standard_Sku" name="create" time="0.011"/>
  <system-out/>
  <testcase classname="MTO.Standard_Sku" name="create" time="0.015"/>
  <system-out/>
  <testcase classname="MTO.Standard_Sku" name="create" time="0.012"/>
  <system-out/>
  <testcase classname="MTO.Standard_Sku" name="create" time="0.010"/>
  <system-out/>
  <testcase classname="MTO.Standard_Sku" name="create" time="0.012"/>
  <system-out/>
  <testcase classname="MTO.Standard_Sku" name="create" time="0.010"/>
  <system-out/>
  <testcase classname="MTO.Standard_Sku" name="create" time="0.013"/>
  <system-out/>
  <testcase classname="MTO.Standard_Sku" name="create" time="0.011"/>
  <system-out/>
  <testcase classname="MTO.Standard_Sku" name="create" time="0.010"/>
  <system-out/>
  <testcase classname="MTO.Standard_Sku" name="create" time="0.019"/>
  <system-out/>
  <testcase classname="MTO.Standard_Sku" name="create" time="0.010"/>
  <system-out/>
  <testcase classname="MTO.Standard_Sku" name="create" time="0.012"/>
  <system-out/>
  <testcase classname="MTO.Standard_Sku" name="create" time="0.013"/>
  <system-out/>
  <testcase classname="MTO.Standard_Sku" name="create" time="0.011"/>
  <system-out/>
  <testcase classname="MTO.Standard_Sku" name="create" time="0.009"/>
  <system-out/>
  <testcase classname="MTO.Standard_Sku" name="create" time="0.010"/>
  <system-out/>
  <testcase classname="MTO.Standard_Sku" name="create" time="0.013"/>
  <system-out/>
  <testcase classname="MTO.Standard_Sku" name="create" time="0.012"/>
  <system-out/>
  <testcase classname="MTO.Standard_Sku" name="create" time="0.016"/>
  <system-out/>
  <testcase classname="MTO.Standard_Sku" name="create" time="0.020"/>
  <system-out/>
  <testcase classname="MTO.Standard_Sku" name="create" time="0.014"/>
  <system-out/>
  <testcase classname="MTO.Standard_Sku" name="create" time="0.012"/>
  <system-out/>
  <testcase classname="MTO.Standard_Sku" name="create" time="0.010"/>
  <system-out/>
  <testcase classname="MTO.Standard_Sku" name="create" time="0.012"/>
  <system-out/>
  <testcase classname="MTO.Standard_Sku" name="create" time="0.013"/>
  <system-out/>
  <testcase classname="MTO.Standard_Sku" name="create" time="0.010"/>
  <system-out/>
  <testcase classname="MTO.Standard_Sku" name="create" time="0.010"/>
  <system-out/>
  <testcase classname="MTO.Standard_Sku" name="create" time="0.015"/>
  <system-out/>
  <testcase classname="MTO.Standard_Sku" name="create" time="0.009"/>
  <system-out/>
  <testcase classname="MTO.Standard_Sku" name="create" time="0.011"/>
  <system-out/>
  <testcase classname="MTO.Standard_Sku" name="create" time="0.012"/>
  <system-out/>
  <testcase classname="MTO.Standard_Sku" name="create" time="0.011"/>
  <system-out/>
  <testcase classname="MTO.Standard_Sku" name="create" time="0.012"/>
  <system-out/>
  <testcase classname="MTO.Standard_Sku" name="create" time="0.012"/>
  <system-out/>
  <testcase classname="MTO.Standard_Sku" name="create" time="0.011"/>
  <system-out/>
  <testcase classname="MTO.Standard_Sku" name="create" time="0.012"/>
  <system-out/>
  <testcase classname="MTO.Standard_Sku" name="create" time="0.011"/>
  <system-out/>
  <testcase classname="MTO.Standard_Sku" name="create" time="0.011"/>
  <system-out/>
  <testcase classname="MTO.Standard_Sku" name="create" time="0.015"/>
  <system-out/>
  <testcase classname="MTO.Standard_Sku" name="create" time="0.010"/>
  <system-out/>
  <testcase classname="MTO.Standard_Sku" name="create" time="0.013"/>
  <system-out/>
  <testcase classname="MTO.Standard_Sku" name="create" time="0.011"/>
  <system-out/>
  <testcase classname="MTO.Standard_Sku" name="create" time="0.015"/>
  <system-out/>
  <testcase classname="MTO.Standard_Sku" name="create" time="0.010"/>
  <system-out/>
  <testcase classname="MTO.Standard_Sku" name="create" time="0.012"/>
  <system-out/>
  <testcase classname="MTO.Standard_Sku" name="create" time="0.010"/>
  <system-out/>
  <testcase classname="MTO.Standard_Sku" name="create" time="0.011"/>
  <system-out/>
  <testcase classname="MTO.Standard_Sku" name="create" time="0.010"/>
  <system-out/>
  <testcase classname="MTO.Standard_Sku" name="create" time="0.014"/>
  <system-out/>
  <testcase classname="MTO.Standard_Sku" name="create" time="0.013"/>
  <system-out/>
  <testcase classname="MTO.Standard_Sku" name="create" time="0.015"/>
  <system-out/>
  <testcase classname="MTO.Standard_Sku" name="create" time="0.011"/>
  <system-out/>
  <testcase classname="MTO.Standard_Sku" name="create" time="0.014"/>
  <system-out/>
  <testcase classname="MTO.Standard_Sku" name="create" time="0.012"/>
  <system-out/>
  <testcase classname="MTO.Standard_Sku" name="create" time="0.015"/>
  <system-out/>
  <testcase classname="MTO.Standard_Sku" name="create" time="0.011"/>
  <system-out/>
  <testcase classname="MTO.Standard_Sku" name="create" time="0.010"/>
  <system-out/>
  <testcase classname="MTO.Standard_Sku" name="create" time="0.014"/>
  <system-out/>
  <testcase classname="MTO.Standard_Sku" name="create" time="0.013"/>
  <system-out/>
  <testcase classname="MTO.Standard_Sku" name="create" time="0.010"/>
  <system-out/>
  <testcase classname="MTO.Standard_Sku" name="create" time="0.008"/>
  <system-out/>
  <testcase classname="MTO.Standard_Sku" name="create" time="0.013"/>
  <system-out/>
  <testcase classname="MTO.Standard_Sku" name="create" time="0.012"/>
  <system-out/>
  <testcase classname="MTO.Standard_Sku" name="create" time="0.012"/>
  <system-out/>
  <testcase classname="MTO.Standard_Sku" name="create" time="0.013"/>
  <system-out/>
  <testcase classname="MTO.Standard_Sku" name="create" time="0.012"/>
  <system-out/>
  <testcase classname="MTO.Standard_Sku" name="create" time="0.013"/>
  <system-out/>
  <testcase classname="MTO.Standard_Sku" name="create" time="0.011"/>
  <system-out/>
  <testcase classname="MTO.Standard_Sku" name="create" time="0.014"/>
  <system-out/>
  <testcase classname="MTO.Standard_Sku" name="create" time="0.011"/>
  <system-out/>
  <testcase classname="MTO.Standard_Sku" name="create" time="0.011"/>
  <system-out/>
  <testcase classname="MTO.Standard_Sku" name="create" time="0.011"/>
  <system-out/>
  <testcase classname="MTO.Standard_Sku" name="create" time="0.014"/>
  <system-out/>
  <testcase classname="MTO.Standard_Sku" name="create" time="0.015"/>
  <system-out/>
  <testcase classname="MTO.Standard_Sku" name="create" time="0.011"/>
  <system-out/>
  <testcase classname="MTO.Standard_Sku" name="create" time="0.011"/>
  <system-out/>
  <testcase classname="MTO.Standard_Sku" name="create" time="0.010"/>
  <system-out/>
  <testcase classname="MTO.Standard_Sku" name="create" time="0.012"/>
  <system-out/>
  <testcase classname="MTO.Standard_Sku" name="create" time="0.019"/>
  <system-out/>
  <testcase classname="MTO.Standard_Sku" name="create" time="0.012"/>
  <system-out/>
  <testcase classname="MTO.Standard_Sku" name="create" time="0.011"/>
  <system-out/>
  <testcase classname="MTO.Standard_Sku" name="create" time="0.010"/>
  <system-out/>
  <testcase classname="MTO.Standard_Sku" name="create" time="0.010"/>
  <system-out/>
  <testcase classname="MTO.Standard_Sku" name="create" time="0.016"/>
  <system-out/>
  <testcase classname="MTO.Standard_Sku" name="create" time="0.010"/>
  <system-out/>
  <testcase classname="MTO.Standard_Sku" name="create" time="0.010"/>
  <system-out/>
  <testcase classname="MTO.Standard_Sku" name="create" time="0.010"/>
  <system-out/>
  <testcase classname="MTO.Standard_Sku" name="create" time="0.012"/>
  <system-out/>
  <testcase classname="MTO.Standard_Sku" name="create" time="0.012"/>
  <system-out/>
  <testcase classname="MTO.Standard_Sku" name="create" time="0.011"/>
  <system-out/>
  <testcase classname="MTO.Standard_Sku" name="create" time="0.011"/>
  <system-out/>
  <testcase classname="MTO.Standard_Sku" name="create" time="0.016"/>
  <system-out/>
  <testcase classname="MTO.Standard_Sku" name="create" time="0.011"/>
  <system-out/>
  <testcase classname="MTO.Standard_Sku" name="create" time="0.012"/>
  <system-out/>
  <testcase classname="MTO.Standard_Sku" name="create" time="0.010"/>
  <system-out/>
  <testcase classname="MTO.Standard_Sku" name="create" time="0.010"/>
  <system-out/>
  <testcase classname="MTO.Standard_Sku" name="create" time="0.011"/>
  <system-out/>
  <testcase classname="MTO.Standard_Sku" name="create" time="0.010"/>
  <system-out/>
  <testcase classname="MTO.Standard_Sku" name="create" time="0.012"/>
  <system-out/>
  <testcase classname="MTO.Standard_Sku" name="create" time="0.011"/>
  <system-out/>
  <testcase classname="MTO.Standard_Sku" name="create" time="0.012"/>
  <system-out/>
  <testcase classname="MTO.Standard_Sku" name="create" time="0.008"/>
  <system-out/>
  <testcase classname="MTO.Standard_Sku" name="create" time="0.011"/>
  <system-out/>
  <testcase classname="MTO.Standard_Sku" name="create" time="0.015"/>
  <system-out/>
  <testcase classname="MTO.Standard_Sku" name="create" time="0.011"/>
  <system-out/>
  <testcase classname="MTO.Standard_Sku" name="create" time="0.011"/>
  <system-out/>
  <testcase classname="MTO.Standard_Sku" name="create" time="0.013"/>
  <system-out/>
  <testcase classname="MTO.Standard_Sku" name="create" time="0.010"/>
  <system-out/>
  <testcase classname="MTO.Standard_Sku" name="create" time="0.019"/>
  <system-out/>
  <testcase classname="MTO.Standard_Sku" name="create" time="0.012"/>
  <system-out/>
  <testcase classname="MTO.Standard_Sku" name="create" time="0.010"/>
  <system-out/>
  <testcase classname="MTO.Standard_Sku" name="create" time="0.010"/>
  <system-out/>
  <testcase classname="MTO.Standard_Sku" name="create" time="0.054"/>
  <system-out/>
  <testcase classname="MTO.Standard_Sku" name="create" time="0.015"/>
  <system-out/>
  <testcase classname="MTO.Standard_Sku" name="create" time="0.010"/>
  <system-out/>
  <testcase classname="MTO.Standard_Sku" name="create" time="0.018"/>
  <system-out/>
  <testcase classname="MTO.Standard_Sku" name="create" time="0.024"/>
  <system-out/>
  <testcase classname="MTO.Standard_Sku" name="create" time="0.012"/>
  <system-out/>
  <testcase classname="MTO.Standard_Sku" name="create" time="0.011"/>
  <system-out/>
  <testcase classname="MTO.Standard_Sku" name="create" time="0.011"/>
  <system-out/>
  <testcase classname="MTO.Standard_Sku" name="create" time="0.013"/>
  <system-out/>
  <testcase classname="MTO.Standard_Sku" name="create" time="0.011"/>
  <system-out/>
  <testcase classname="MTO.Standard_Sku" name="create" time="0.015"/>
  <system-out/>
  <testcase classname="MTO.Standard_Sku" name="create" time="0.028"/>
  <system-out/>
  <testcase classname="MTO.Standard_Sku" name="create" time="0.012"/>
  <system-out/>
  <testcase classname="MTO.Standard_Sku" name="create" time="0.013"/>
  <system-out/>
  <testcase classname="MTO.Standard_Sku" name="create" time="0.012"/>
  <system-out/>
  <testcase classname="MTO.Standard_Sku" name="create" time="0.010"/>
  <system-out/>
  <testcase classname="MTO.Standard_Sku" name="create" time="0.010"/>
  <system-out/>
  <testcase classname="MTO.Standard_Sku" name="create" time="0.012"/>
  <system-out/>
  <testcase classname="MTO.Standard_Sku" name="create" time="0.015"/>
  <system-out/>
  <testcase classname="MTO.Standard_Sku" name="create" time="0.011"/>
  <system-out/>
  <testcase classname="MTO.Standard_Sku" name="create" time="0.012"/>
  <system-out/>
  <testcase classname="MTO.Standard_Sku" name="create" time="0.011"/>
  <system-out/>
  <testcase classname="MTO.Standard_Sku" name="create" time="0.011"/>
  <system-out/>
  <testcase classname="MTO.Standard_Sku" name="create" time="0.013"/>
  <system-out/>
  <testcase classname="MTO.Standard_Sku" name="create" time="0.010"/>
  <system-out/>
  <testcase classname="MTO.Standard_Sku" name="create" time="0.011"/>
  <system-out/>
  <testcase classname="MTO.Standard_Sku" name="create" time="0.009"/>
  <system-out/>
  <testcase classname="MTO.Standard_Sku" name="create" time="0.013"/>
  <system-out/>
  <testcase classname="MTO.Standard_Sku" name="create" time="0.011"/>
  <system-out/>
  <testcase classname="MTO.Standard_Sku" name="create" time="0.012"/>
  <system-out/>
  <testcase classname="MTO.Standard_Sku" name="create" time="0.009"/>
  <system-out/>
  <testcase classname="MTO.Standard_Sku" name="create" time="0.009"/>
  <system-out/>
  <testcase classname="MTO.Standard_Sku" name="create" time="0.011"/>
  <system-out/>
  <testcase classname="MTO.Standard_Sku" name="create" time="0.011"/>
  <system-out/>
  <testcase classname="MTO.Standard_Sku" name="create" time="0.011"/>
  <system-out/>
  <testcase classname="MTO.Standard_Sku" name="create" time="0.009"/>
  <system-out/>
  <testcase classname="MTO.Standard_Sku" name="create" time="0.012"/>
  <system-out/>
  <testcase classname="MTO.Standard_Sku" name="create" time="0.010"/>
  <system-out/>
  <testcase classname="MTO.Standard_Sku" name="create" time="0.009"/>
  <system-out/>
  <testcase classname="MTO.Standard_Sku" name="create" time="0.012"/>
  <system-out/>
  <testcase classname="MTO.Standard_Sku" name="create" time="0.022"/>
  <system-out/>
  <testcase classname="MTO.Standard_Sku" name="create" time="0.011"/>
  <system-out/>
  <testcase classname="MTO.Standard_Sku" name="create" time="0.011"/>
  <system-out/>
  <testcase classname="MTO.Standard_Sku" name="create" time="0.011"/>
  <system-out/>
  <testcase classname="MTO.Standard_Sku" name="create" time="0.011"/>
  <system-out/>
  <testcase classname="MTO.Standard_Sku" name="create" time="0.010"/>
  <system-out/>
  <testcase classname="MTO.Standard_Sku" name="create" time="0.010"/>
  <system-out/>
  <testcase classname="MTO.Standard_Sku" name="create" time="0.021"/>
  <system-out/>
  <testcase classname="MTO.Standard_Sku" name="create" time="0.024"/>
  <system-out/>
  <testcase classname="MTO.Standard_Sku" name="create" time="0.012"/>
  <system-out/>
  <testcase classname="MTO.Standard_Sku" name="create" time="0.014"/>
  <system-out/>
  <testcase classname="MTO.Standard_Sku" name="create" time="0.010"/>
  <system-out/>
  <testcase classname="MTO.Standard_Sku" name="create" time="0.019"/>
  <system-out/>
  <testcase classname="MTO.Standard_Sku" name="create" time="0.013"/>
  <system-out/>
  <testcase classname="MTO.Standard_Sku" name="create" time="0.010"/>
  <system-out/>
  <testcase classname="MTO.Standard_Sku" name="create" time="0.016"/>
  <system-out/>
  <testcase classname="MTO.Standard_Sku" name="create" time="0.013"/>
  <system-out/>
  <testcase classname="MTO.Standard_Sku" name="create" time="0.011"/>
  <system-out/>
  <testcase classname="MTO.Standard_Sku" name="create" time="0.013"/>
  <system-out/>
  <testcase classname="MTO.Standard_Sku" name="create" time="0.012"/>
  <system-out/>
  <testcase classname="MTO.Standard_Sku" name="create" time="0.013"/>
  <system-out/>
  <testcase classname="MTO.Standard_Sku" name="create" time="0.012"/>
  <system-out/>
  <testcase classname="MTO.Standard_Sku" name="create" time="0.011"/>
  <system-out/>
  <testcase classname="MTO.Standard_Sku" name="create" time="0.014"/>
  <system-out/>
  <testcase classname="MTO.Standard_Sku" name="create" time="0.013"/>
  <system-out/>
  <testcase classname="MTO.Standard_Sku" name="create" time="0.012"/>
  <system-out/>
  <testcase classname="MTO.Standard_Sku" name="create" time="0.011"/>
  <system-out/>
  <testcase classname="MTO.Standard_Sku" name="create" time="0.014"/>
  <system-out/>
  <testcase classname="MTO.Standard_Sku" name="create" time="0.012"/>
  <system-out/>
  <testcase classname="MTO.Standard_Sku" name="create" time="0.010"/>
  <system-out/>
  <testcase classname="MTO.Standard_Sku" name="create" time="0.012"/>
  <system-out/>
  <testcase classname="MTO.Standard_Sku" name="create" time="0.016"/>
  <system-out/>
  <testcase classname="MTO.Standard_Sku" name="create" time="0.019"/>
  <system-out/>
  <testcase classname="MTO.Standard_Sku" name="create" time="0.014"/>
  <system-out/>
  <testcase classname="MTO.Standard_Sku" name="create" time="0.011"/>
  <system-out/>
  <testcase classname="MTO.Standard_Sku" name="create" time="0.011"/>
  <system-out/>
  <testcase classname="MTO.Standard_Sku" name="create" time="0.013"/>
  <system-out/>
  <testcase classname="MTO.Standard_Sku" name="create" time="0.011"/>
  <system-out/>
  <testcase classname="MTO.Standard_Sku" name="create" time="0.010"/>
  <system-out/>
  <testcase classname="MTO.Standard_Sku" name="create" time="0.010"/>
  <system-out/>
  <testcase classname="MTO.Standard_Sku" name="create" time="0.015"/>
  <system-out/>
  <testcase classname="MTO.Standard_Sku" name="create" time="0.012"/>
  <system-out/>
  <testcase classname="MTO.Standard_Sku" name="create" time="0.011"/>
  <system-out/>
  <testcase classname="MTO.Standard_Sku" name="create" time="0.011"/>
  <system-out/>
  <testcase classname="MTO.Standard_Sku" name="create" time="0.010"/>
  <system-out/>
  <testcase classname="MTO.Standard_Sku" name="create" time="0.010"/>
  <system-out/>
  <testcase classname="MTO.Standard_Sku" name="create" time="0.010"/>
  <system-out/>
  <testcase classname="MTO.Standard_Sku" name="create" time="0.014"/>
  <system-out/>
  <testcase classname="MTO.Standard_Sku" name="create" time="0.011"/>
  <system-out/>
  <testcase classname="MTO.Standard_Sku" name="create" time="0.011"/>
  <system-out/>
  <testcase classname="MTO.Standard_Sku" name="create" time="0.010"/>
  <system-out/>
  <testcase classname="MTO.Standard_Sku" name="create" time="0.013"/>
  <system-out/>
  <testcase classname="MTO.Standard_Sku" name="create" time="0.016"/>
  <system-out/>
  <testcase classname="MTO.Standard_Sku" name="create" time="0.011"/>
  <system-out/>
  <testcase classname="MTO.Standard_Sku" name="create" time="0.051"/>
  <system-out/>
  <testcase classname="MTO.Standard_Sku" name="create" time="0.010"/>
  <system-out/>
  <testcase classname="MTO.Standard_Sku" name="create" time="0.012"/>
  <system-out/>
  <testcase classname="MTO.Standard_Sku" name="create" time="0.011"/>
  <system-out/>
  <testcase classname="MTO.Standard_Sku" name="create" time="0.011"/>
  <system-out/>
  <testcase classname="MTO.Standard_Sku" name="create" time="0.018"/>
  <system-out/>
  <testcase classname="MTO.Standard_Sku" name="create" time="0.015"/>
  <system-out/>
  <testcase classname="MTO.Standard_Sku" name="create" time="0.009"/>
  <system-out/>
  <testcase classname="MTO.Standard_Sku" name="create" time="0.012"/>
  <system-out/>
  <testcase classname="MTO.Standard_Sku" name="create" time="0.014"/>
  <system-out/>
  <testcase classname="MTO.Standard_Sku" name="create" time="0.013"/>
  <system-out/>
  <testcase classname="MTO.Standard_Sku" name="create" time="0.023"/>
  <system-out/>
  <testcase classname="MTO.Standard_Sku" name="create" time="0.011"/>
  <system-out/>
  <testcase classname="MTO.Standard_Sku" name="create" time="0.011"/>
  <system-out/>
  <testcase classname="MTO.Standard_Sku" name="create" time="0.012"/>
  <system-out/>
  <testcase classname="MTO.Standard_Sku" name="create" time="0.011"/>
  <system-out/>
  <testcase classname="MTO.Standard_Sku" name="create" time="0.009"/>
  <system-out/>
  <testcase classname="MTO.Standard_Sku" name="create" time="0.011"/>
  <system-out/>
  <testcase classname="MTO.Standard_Sku" name="create" time="0.011"/>
  <system-out/>
  <testcase classname="MTO.Standard_Sku" name="create" time="0.010"/>
  <system-out/>
  <testcase classname="MTO.Standard_Sku" name="create" time="0.011"/>
  <system-out/>
  <testcase classname="MTO.Standard_Sku" name="create" time="0.009"/>
  <system-out/>
  <testcase classname="MTO.Standard_Sku" name="create" time="0.010"/>
  <system-out/>
  <testcase classname="MTO.Standard_Sku" name="create" time="0.009"/>
  <system-out/>
  <testcase classname="MTO.Standard_Sku" name="create" time="0.011"/>
  <system-out/>
  <testcase classname="MTO.Standard_Sku" name="create" time="0.012"/>
  <system-out/>
  <testcase classname="MTO.Standard_Sku" name="create" time="0.016"/>
  <system-out/>
  <testcase classname="MTO.Standard_Sku" name="create" time="0.012"/>
  <system-out/>
  <testcase classname="MTO.Standard_Sku" name="create" time="0.013"/>
  <system-out/>
  <testcase classname="MTO.Standard_Sku" name="create" time="0.011"/>
  <system-out/>
  <testcase classname="MTO.Standard_Sku" name="create" time="0.010"/>
  <system-out/>
  <testcase classname="MTO.Standard_Sku" name="create" time="0.010"/>
  <system-out/>
  <testcase classname="MTO.Standard_Sku" name="create" time="0.010"/>
  <system-out/>
  <testcase classname="MTO.Standard_Sku" name="create" time="0.011"/>
  <system-out/>
  <testcase classname="MTO.Standard_Sku" name="create" time="0.011"/>
  <system-out/>
  <testcase classname="MTO.Standard_Sku" name="create" time="0.009"/>
  <system-out/>
  <testcase classname="MTO.Standard_Sku" name="create" time="0.012"/>
  <system-out/>
  <testcase classname="MTO.Standard_Sku" name="create" time="0.011"/>
  <system-out/>
  <testcase classname="MTO.Standard_Sku" name="create" time="0.014"/>
  <system-out/>
  <testcase classname="MTO.Standard_Sku" name="create" time="0.011"/>
  <system-out/>
  <testcase classname="MTO.Standard_Sku" name="create" time="0.010"/>
  <system-out/>
  <testcase classname="MTO.Standard_Sku" name="create" time="0.011"/>
  <system-out/>
  <testcase classname="MTO.Standard_Sku" name="create" time="0.012"/>
  <system-out/>
  <testcase classname="MTO.Standard_Sku" name="create" time="0.013"/>
  <system-out/>
  <testcase classname="MTO.Standard_Sku" name="create" time="0.011"/>
  <system-out/>
  <testcase classname="MTO.Standard_Sku" name="create" time="0.011"/>
  <system-out/>
  <testcase classname="MTO.Standard_Sku" name="create" time="0.011"/>
  <system-out/>
  <testcase classname="MTO.Standard_Sku" name="create" time="0.010"/>
  <system-out/>
  <testcase classname="MTO.Standard_Sku" name="create" time="0.011"/>
  <system-out/>
  <testcase classname="MTO.Standard_Sku" name="create" time="0.011"/>
  <system-out/>
  <testcase classname="MTO.Standard_Sku" name="create" time="0.013"/>
  <system-out/>
  <testcase classname="MTO.Standard_Sku" name="create" time="0.013"/>
  <system-out/>
  <testcase classname="MTO.Standard_Sku" name="create" time="0.011"/>
  <system-out/>
  <testcase classname="MTO.Standard_Sku" name="create" time="0.019"/>
  <system-out/>
  <testcase classname="MTO.Standard_Sku" name="create" time="0.013"/>
  <system-out/>
  <testcase classname="MTO.Standard_Sku" name="create" time="0.012"/>
  <system-out/>
  <testcase classname="MTO.Standard_Sku" name="create" time="0.011"/>
  <system-out/>
  <testcase classname="MTO.Standard_Sku" name="create" time="0.011"/>
  <system-out/>
  <testcase classname="MTO.Standard_Sku" name="create" time="0.011"/>
  <system-out/>
  <testcase classname="MTO.Standard_Sku" name="create" time="0.013"/>
  <system-out/>
  <testcase classname="MTO.Standard_Sku" name="create" time="0.017"/>
  <system-out/>
  <testcase classname="MTO.Standard_Sku" name="create" time="0.012"/>
  <system-out/>
  <testcase classname="MTO.Standard_Sku" name="create" time="0.010"/>
  <system-out/>
  <testcase classname="MTO.Standard_Sku" name="create" time="0.013"/>
  <system-out/>
  <testcase classname="MTO.Standard_Sku" name="create" time="0.012"/>
  <system-out/>
  <testcase classname="MTO.Standard_Sku" name="create" time="0.012"/>
  <system-out/>
  <testcase classname="MTO.Standard_Sku" name="create" time="0.010"/>
  <system-out/>
  <testcase classname="MTO.Standard_Sku" name="create" time="0.010"/>
  <system-out/>
  <testcase classname="MTO.Standard_Sku" name="create" time="0.010"/>
  <system-out/>
  <testcase classname="MTO.Standard_Sku" name="create" time="0.012"/>
  <system-out/>
  <testcase classname="MTO.Standard_Sku" name="create" time="0.011"/>
  <system-out/>
  <testcase classname="MTO.Standard_Sku" name="create" time="0.012"/>
  <system-out/>
  <testcase classname="MTO.Standard_Sku" name="create" time="0.015"/>
  <system-out/>
  <testcase classname="MTO.Standard_Sku" name="create" time="0.011"/>
  <system-out/>
  <testcase classname="MTO.Standard_Sku" name="create" time="0.011"/>
  <system-out/>
  <testcase classname="MTO.Standard_Sku" name="create" time="0.010"/>
  <system-out/>
  <testcase classname="MTO.Standard_Sku" name="create" time="0.012"/>
  <system-out/>
  <testcase classname="MTO.Standard_Sku" name="create" time="0.011"/>
  <system-out/>
  <testcase classname="MTO.Standard_Sku" name="create" time="0.010"/>
  <system-out/>
  <testcase classname="MTO.Standard_Sku" name="create" time="0.012"/>
  <system-out/>
  <testcase classname="MTO.Standard_Sku" name="create" time="0.011"/>
  <system-out/>
  <testcase classname="MTO.Standard_Sku" name="create" time="0.010"/>
  <system-out/>
  <testcase classname="MTO.Standard_Sku" name="create" time="0.015"/>
  <system-out/>
  <testcase classname="MTO.Standard_Sku" name="create" time="0.010"/>
  <system-out/>
  <testcase classname="MTO.Standard_Sku" name="create" time="0.012"/>
  <system-out/>
  <testcase classname="MTO.Standard_Sku" name="create" time="0.016"/>
  <system-out/>
  <testcase classname="MTO.Standard_Sku" name="create" time="0.012"/>
  <system-out/>
  <testcase classname="MTO.Standard_Sku" name="create" time="0.011"/>
  <system-out/>
  <testcase classname="MTO.Standard_Sku" name="create" time="0.012"/>
  <system-out/>
  <testcase classname="MTO.Standard_Sku" name="create" time="0.010"/>
  <system-out/>
  <testcase classname="MTO.Standard_Sku" name="create" time="0.024"/>
  <system-out/>
  <testcase classname="MTO.Standard_Sku" name="create" time="0.011"/>
  <system-out/>
  <testcase classname="MTO.Standard_Sku" name="create" time="0.015"/>
  <system-out/>
  <testcase classname="MTO.Standard_Sku" name="create" time="0.012"/>
  <system-out/>
  <testcase classname="MTO.Standard_Sku" name="create" time="0.011"/>
  <system-out/>
  <testcase classname="MTO.Standard_Sku" name="create" time="0.019"/>
  <system-out/>
  <testcase classname="MTO.Standard_Sku" name="create" time="0.011"/>
  <system-out/>
  <testcase classname="MTO.Standard_Sku" name="create" time="0.012"/>
  <system-out/>
  <testcase classname="MTO.Standard_Sku" name="create" time="0.011"/>
  <system-out/>
  <testcase classname="MTO.Standard_Sku" name="create" time="0.020"/>
  <system-out/>
  <testcase classname="MTO.Standard_Sku" name="create" time="0.011"/>
  <system-out/>
  <testcase classname="MTO.Standard_Sku" name="create" time="0.010"/>
  <system-out/>
  <testcase classname="MTO.Standard_Sku" name="create" time="0.018"/>
  <system-out/>
  <testcase classname="MTO.Standard_Sku" name="create" time="0.011"/>
  <system-out/>
  <testcase classname="MTO.Standard_Sku" name="create" time="0.015"/>
  <system-out/>
  <testcase classname="MTO.Standard_Sku" name="create" time="0.011"/>
  <system-out/>
  <testcase classname="MTO.Standard_Sku" name="create" time="0.012"/>
  <system-out/>
  <testcase classname="MTO.Standard_Sku" name="create" time="0.010"/>
  <system-out/>
  <testcase classname="MTO.Standard_Sku" name="create" time="0.014"/>
  <system-out/>
  <testcase classname="MTO.Standard_Sku" name="create" time="0.010"/>
  <system-out/>
  <testcase classname="MTO.Standard_Sku" name="create" time="0.012"/>
  <system-out/>
  <testcase classname="MTO.Standard_Sku" name="create" time="0.010"/>
  <system-out/>
  <testcase classname="MTO.Standard_Sku" name="create" time="0.009"/>
  <system-out/>
  <testcase classname="MTO.Standard_Sku" name="create" time="0.011"/>
  <system-out/>
  <testcase classname="MTO.Standard_Sku" name="create" time="0.011"/>
  <system-out/>
  <testcase classname="MTO.Standard_Sku" name="create" time="0.012"/>
  <system-out/>
  <testcase classname="MTO.Standard_Sku" name="create" time="0.011"/>
  <system-out/>
  <testcase classname="MTO.Standard_Sku" name="create" time="0.012"/>
  <system-out/>
  <testcase classname="MTO.Standard_Sku" name="create" time="0.012"/>
  <system-out/>
  <testcase classname="MTO.Standard_Sku" name="create" time="0.016"/>
  <system-out/>
  <testcase classname="MTO.Standard_Sku" name="create" time="0.015"/>
  <system-out/>
  <testcase classname="MTO.Standard_Sku" name="create" time="0.011"/>
  <system-out/>
  <testcase classname="MTO.Standard_Sku" name="create" time="0.010"/>
  <system-out/>
  <testcase classname="MTO.Standard_Sku" name="create" time="0.012"/>
  <system-out/>
  <testcase classname="MTO.Standard_Sku" name="create" time="0.010"/>
  <system-out/>
  <testcase classname="MTO.Standard_Sku" name="create" time="0.010"/>
  <system-out/>
  <testcase classname="MTO.Standard_Sku" name="create" time="0.012"/>
  <system-out/>
  <testcase classname="MTO.Standard_Sku" name="create" time="0.014"/>
  <system-out/>
  <testcase classname="MTO.Standard_Sku" name="create" time="0.010"/>
  <system-out/>
  <testcase classname="MTO.Standard_Sku" name="create" time="0.012"/>
  <system-out/>
  <testcase classname="MTO.Standard_Sku" name="create" time="0.016"/>
  <system-out/>
  <testcase classname="MTO.Standard_Sku" name="create" time="0.011"/>
  <system-out/>
  <testcase classname="MTO.Standard_Sku" name="create" time="0.030"/>
  <system-out/>
  <testcase classname="MTO.Standard_Sku" name="create" time="0.009"/>
  <system-out/>
  <testcase classname="MTO.Standard_Sku" name="create" time="0.010"/>
  <system-out/>
  <testcase classname="MTO.Standard_Sku" name="create" time="0.010"/>
  <system-out/>
  <testcase classname="MTO.Standard_Sku" name="create" time="0.017"/>
  <system-out/>
  <testcase classname="MTO.Standard_Sku" name="create" time="0.012"/>
  <system-out/>
  <testcase classname="MTO.Standard_Sku" name="create" time="0.011"/>
  <system-out/>
  <testcase classname="MTO.Standard_Sku" name="create" time="0.012"/>
  <system-out/>
  <testcase classname="MTO.Standard_Sku" name="create" time="0.011"/>
  <system-out/>
  <testcase classname="MTO.Standard_Sku" name="create" time="0.016"/>
  <system-out/>
  <testcase classname="MTO.Standard_Sku" name="create" time="0.011"/>
  <system-out/>
  <testcase classname="MTO.Standard_Sku" name="create" time="0.028"/>
  <system-out/>
  <testcase classname="MTO.Standard_Sku" name="create" time="0.011"/>
  <system-out/>
  <testcase classname="MTO.Standard_Sku" name="create" time="0.034"/>
  <system-out/>
  <testcase classname="MTO.Standard_Sku" name="create" time="0.012"/>
  <system-out/>
  <testcase classname="MTO.Standard_Sku" name="create" time="0.010"/>
  <system-out/>
  <testcase classname="MTO.Standard_Sku" name="create" time="0.010"/>
  <system-out/>
  <testcase classname="MTO.Standard_Sku" name="create" time="0.018"/>
  <system-out/>
  <testcase classname="MTO.Standard_Sku" name="create" time="0.012"/>
  <system-out/>
  <testcase classname="MTO.Standard_Sku" name="create" time="0.012"/>
  <system-out/>
  <testcase classname="MTO.Standard_Sku" name="create" time="0.010"/>
  <system-out/>
  <testcase classname="MTO.Standard_Sku" name="create" time="0.016"/>
  <system-out/>
  <testcase classname="MTO.Standard_Sku" name="create" time="0.011"/>
  <system-out/>
  <testcase classname="MTO.Standard_Sku" name="create" time="0.012"/>
  <system-out/>
  <testcase classname="MTO.Standard_Sku" name="create" time="0.010"/>
  <system-out/>
  <testcase classname="MTO.Standard_Sku" name="create" time="0.010"/>
  <system-out/>
  <testcase classname="MTO.Standard_Sku" name="create" time="0.013"/>
  <system-out/>
  <testcase classname="MTO.Standard_Sku" name="create" time="0.010"/>
  <system-out/>
  <testcase classname="MTO.Standard_Sku" name="create" time="0.011"/>
  <system-out/>
  <testcase classname="MTO.Standard_Sku" name="create" time="0.011"/>
  <system-out/>
  <testcase classname="MTO.Standard_Sku" name="create" time="0.011"/>
  <system-out/>
  <testcase classname="MTO.Standard_Sku" name="create" time="0.014"/>
  <system-out/>
  <testcase classname="MTO.Standard_Sku" name="create" time="0.010"/>
  <system-out/>
  <testcase classname="MTO.Standard_Sku" name="create" time="0.010"/>
  <system-out/>
  <testcase classname="MTO.Standard_Sku" name="create" time="0.009"/>
  <system-out/>
  <testcase classname="MTO.Standard_Sku" name="create" time="0.011"/>
  <system-out/>
  <testcase classname="MTO.Standard_Sku" name="create" time="0.010"/>
  <system-out/>
  <testcase classname="MTO.Standard_Sku" name="create" time="0.011"/>
  <system-out/>
  <testcase classname="MTO.Standard_Sku" name="create" time="0.012"/>
  <system-out/>
  <testcase classname="MTO.Standard_Sku" name="create" time="0.011"/>
  <system-out/>
  <testcase classname="MTO.Standard_Sku" name="create" time="0.011"/>
  <system-out/>
  <testcase classname="MTO.Standard_Sku" name="create" time="0.011"/>
  <system-out/>
  <testcase classname="MTO.Standard_Sku" name="create" time="0.010"/>
  <system-out/>
  <testcase classname="MTO.Standard_Sku" name="create" time="0.010"/>
  <system-out/>
  <testcase classname="MTO.Standard_Sku" name="create" time="0.012"/>
  <system-out/>
  <testcase classname="MTO.Standard_Sku" name="create" time="0.009"/>
  <system-out/>
  <testcase classname="MTO.Standard_Sku" name="create" time="0.011"/>
  <system-out/>
  <testcase classname="MTO.Standard_Sku" name="create" time="0.010"/>
  <system-out/>
  <testcase classname="MTO.Standard_Sku" name="create" time="0.010"/>
  <system-out/>
  <testcase classname="MTO.Standard_Sku" name="create" time="0.012"/>
  <system-out/>
  <testcase classname="MTO.Standard_Sku" name="create" time="0.012"/>
  <system-out/>
  <testcase classname="MTO.Standard_Sku" name="create" time="0.011"/>
  <system-out/>
  <testcase classname="MTO.Standard_Sku" name="create" time="0.017"/>
  <system-out/>
  <testcase classname="MTO.Standard_Sku" name="create" time="0.011"/>
  <system-out/>
  <testcase classname="MTO.Standard_Sku" name="create" time="0.012"/>
  <system-out/>
  <testcase classname="MTO.Standard_Sku" name="create" time="0.013"/>
  <system-out/>
  <testcase classname="MTO.Standard_Sku" name="create" time="0.012"/>
  <system-out/>
  <testcase classname="MTO.Standard_Sku" name="create" time="0.009"/>
  <system-out/>
  <testcase classname="MTO.Standard_Sku" name="create" time="0.024"/>
  <system-out/>
  <testcase classname="MTO.Standard_Sku" name="create" time="0.011"/>
  <system-out/>
  <testcase classname="MTO.Standard_Sku" name="create" time="0.012"/>
  <system-out/>
  <testcase classname="MTO.Standard_Sku" name="create" time="0.017"/>
  <system-out/>
  <testcase classname="MTO.Standard_Sku" name="create" time="0.011"/>
  <system-out/>
  <testcase classname="MTO.Standard_Sku" name="create" time="0.017"/>
  <system-out/>
  <testcase classname="MTO.Standard_Sku" name="create" time="0.014"/>
  <system-out/>
  <testcase classname="MTO.Standard_Sku" name="create" time="0.010"/>
  <system-out/>
  <testcase classname="MTO.Standard_Sku" name="create" time="0.012"/>
  <system-out/>
  <testcase classname="MTO.Standard_Sku" name="create" time="0.011"/>
  <system-out/>
  <testcase classname="MTO.Standard_Sku" name="create" time="0.010"/>
  <system-out/>
  <testcase classname="MTO.Standard_Sku" name="create" time="0.016"/>
  <system-out/>
  <testcase classname="MTO.Standard_Sku" name="create" time="0.012"/>
  <system-out/>
  <testcase classname="MTO.Standard_Sku" name="create" time="0.010"/>
  <system-out/>
  <testcase classname="MTO.Standard_Sku" name="create" time="0.010"/>
  <system-out/>
  <testcase classname="MTO.Standard_Sku" name="create" time="0.011"/>
  <system-out/>
  <testcase classname="MTO.Standard_Sku" name="create" time="0.017"/>
  <system-out/>
  <testcase classname="MTO.Standard_Sku" name="create" time="0.010"/>
  <system-out/>
  <testcase classname="MTO.Standard_Sku" name="create" time="0.012"/>
  <system-out/>
  <testcase classname="MTO.Standard_Sku" name="create" time="0.010"/>
  <system-out/>
  <testcase classname="MTO.Standard_Sku" name="create" time="0.011"/>
  <system-out/>
  <testcase classname="MTO.Standard_Sku" name="create" time="0.015"/>
  <system-out/>
  <testcase classname="MTO.Standard_Sku" name="create" time="0.011"/>
  <system-out/>
  <testcase classname="MTO.Standard_Sku" name="create" time="0.011"/>
  <system-out/>
  <testcase classname="MTO.Standard_Sku" name="create" time="0.012"/>
  <system-out/>
  <testcase classname="MTO.Standard_Sku" name="create" time="0.011"/>
  <system-out/>
  <testcase classname="MTO.Standard_Sku" name="create" time="0.013"/>
  <system-out/>
  <testcase classname="MTO.Standard_Sku" name="create" time="0.010"/>
  <system-out/>
  <testcase classname="MTO.Standard_Sku" name="create" time="0.010"/>
  <system-out/>
  <testcase classname="MTO.Standard_Sku" name="create" time="0.011"/>
  <system-out/>
  <testcase classname="MTO.Standard_Sku" name="create" time="0.011"/>
  <system-out/>
  <testcase classname="MTO.Standard_Sku" name="create" time="0.013"/>
  <system-out/>
  <testcase classname="MTO.Standard_Sku" name="create" time="0.013"/>
  <system-out/>
  <testcase classname="MTO.Standard_Sku" name="create" time="0.011"/>
  <system-out/>
  <testcase classname="MTO.Standard_Sku" name="create" time="0.009"/>
  <system-out/>
  <testcase classname="MTO.Standard_Sku" name="create" time="0.014"/>
  <system-out/>
  <testcase classname="MTO.Standard_Sku" name="create" time="0.012"/>
  <system-out/>
  <testcase classname="MTO.Standard_Sku" name="create" time="0.011"/>
  <system-out/>
  <testcase classname="MTO.Standard_Sku" name="create" time="0.012"/>
  <system-out/>
  <testcase classname="MTO.Standard_Sku" name="create" time="0.011"/>
  <system-out/>
  <testcase classname="MTO.Standard_Sku" name="create" time="0.010"/>
  <system-out/>
  <testcase classname="MTO.Standard_Sku" name="create" time="0.012"/>
  <system-out/>
  <testcase classname="MTO.Standard_Sku" name="create" time="0.010"/>
  <system-out/>
  <testcase classname="MTO.Standard_Sku" name="create" time="0.015"/>
  <system-out/>
  <testcase classname="MTO.Standard_Sku" name="create" time="0.011"/>
  <system-out/>
  <testcase classname="MTO.Standard_Sku" name="create" time="0.011"/>
  <system-out/>
  <testcase classname="MTO.Standard_Sku" name="create" time="0.013"/>
  <system-out/>
  <testcase classname="MTO.Standard_Sku" name="create" time="0.011"/>
  <system-out/>
  <testcase classname="MTO.Standard_Sku" name="create" time="0.012"/>
  <system-out/>
  <testcase classname="MTO.Standard_Sku" name="create" time="0.010"/>
  <system-out/>
  <testcase classname="MTO.Standard_Sku" name="create" time="0.016"/>
  <system-out/>
  <testcase classname="MTO.Standard_Sku" name="create" time="0.012"/>
  <system-out/>
  <testcase classname="MTO.Standard_Sku" name="create" time="0.011"/>
  <system-out/>
  <testcase classname="MTO.Standard_Sku" name="create" time="0.011"/>
  <system-out/>
  <testcase classname="MTO.Standard_Sku" name="create" time="0.012"/>
  <system-out/>
  <testcase classname="MTO.Standard_Sku" name="create" time="0.012"/>
  <system-out/>
  <testcase classname="MTO.Standard_Sku" name="create" time="0.010"/>
  <system-out/>
  <testcase classname="MTO.Standard_Sku" name="create" time="0.010"/>
  <system-out/>
  <testcase classname="MTO.Standard_Sku" name="create" time="0.011"/>
  <system-out/>
  <testcase classname="MTO.Standard_Sku" name="create" time="0.011"/>
  <system-out/>
  <testcase classname="MTO.Standard_Sku" name="create" time="0.011"/>
  <system-out/>
  <testcase classname="MTO.Standard_Sku" name="create" time="0.011"/>
  <system-out/>
  <testcase classname="MTO.Standard_Sku" name="create" time="0.012"/>
  <system-out/>
  <testcase classname="MTO.Standard_Sku" name="create" time="0.011"/>
  <system-out/>
  <testcase classname="MTO.Standard_Sku" name="create" time="0.011"/>
  <system-out/>
  <testcase classname="MTO.Standard_Sku" name="create" time="0.012"/>
  <system-out/>
  <testcase classname="MTO.Standard_Sku" name="create" time="0.010"/>
  <system-out/>
  <testcase classname="MTO.Standard_Sku" name="create" time="0.013"/>
  <system-out/>
  <testcase classname="MTO.Standard_Sku" name="create" time="0.010"/>
  <system-out/>
  <testcase classname="MTO.Standard_Sku" name="create" time="0.012"/>
  <system-out/>
  <testcase classname="MTO.Standard_Sku" name="create" time="0.010"/>
  <system-out/>
  <testcase classname="MTO.Standard_Sku" name="create" time="0.014"/>
  <system-out/>
  <testcase classname="MTO.Standard_Sku" name="create" time="0.010"/>
  <system-out/>
  <testcase classname="MTO.Standard_Sku" name="create" time="0.010"/>
  <system-out/>
  <testcase classname="MTO.Standard_Sku" name="create" time="0.012"/>
  <system-out/>
  <testcase classname="MTO.Standard_Sku" name="create" time="0.010"/>
  <system-out/>
  <testcase classname="MTO.Standard_Sku" name="create" time="0.025"/>
  <system-out/>
  <testcase classname="MTO.Standard_Sku" name="create" time="0.012"/>
  <system-out/>
  <testcase classname="MTO.Standard_Sku" name="create" time="0.019"/>
  <system-out/>
  <testcase classname="MTO.Standard_Sku" name="create" time="0.010"/>
  <system-out/>
  <testcase classname="MTO.Standard_Sku" name="create" time="0.012"/>
  <system-out/>
  <testcase classname="MTO.Standard_Sku" name="create" time="0.016"/>
  <system-out/>
  <testcase classname="MTO.Standard_Sku" name="create" time="0.010"/>
  <system-out/>
  <testcase classname="MTO.Standard_Sku" name="create" time="0.010"/>
  <system-out/>
  <testcase classname="MTO.Standard_Sku" name="create" time="0.011"/>
  <system-out/>
  <testcase classname="MTO.Standard_Sku" name="create" time="0.011"/>
  <system-out/>
  <testcase classname="MTO.Standard_Sku" name="create" time="0.022"/>
  <system-out/>
  <testcase classname="MTO.Standard_Sku" name="create" time="0.011"/>
  <system-out/>
  <testcase classname="MTO.Standard_Sku" name="create" time="0.011"/>
  <system-out/>
  <testcase classname="MTO.Standard_Sku" name="create" time="0.012"/>
  <system-out/>
  <testcase classname="MTO.Standard_Sku" name="create" time="0.014"/>
  <system-out/>
  <testcase classname="MTO.Standard_Sku" name="create" time="0.013"/>
  <system-out/>
  <testcase classname="MTO.Standard_Sku" name="create" time="0.011"/>
  <system-out/>
  <testcase classname="MTO.Standard_Sku" name="create" time="0.013"/>
  <system-out/>
  <testcase classname="MTO.Standard_Sku" name="create" time="0.011"/>
  <system-out/>
  <testcase classname="MTO.Standard_Sku" name="create" time="0.010"/>
  <system-out/>
  <testcase classname="MTO.Standard_Sku" name="create" time="0.022"/>
  <system-out/>
  <testcase classname="MTO.Standard_Sku" name="create" time="0.014"/>
  <system-out/>
  <testcase classname="MTO.Standard_Sku" name="create" time="0.010"/>
  <system-out/>
  <testcase classname="MTO.Standard_Sku" name="create" time="0.009"/>
  <system-out/>
  <testcase classname="MTO.Standard_Sku" name="create" time="0.013"/>
  <system-out/>
  <testcase classname="MTO.Standard_Sku" name="create" time="0.010"/>
  <system-out/>
  <testcase classname="MTO.Standard_Sku" name="create" time="0.012"/>
  <system-out/>
  <testcase classname="MTO.Standard_Sku" name="create" time="0.012"/>
  <system-out/>
  <testcase classname="MTO.Standard_Sku" name="create" time="0.013"/>
  <system-out/>
  <testcase classname="MTO.Standard_Sku" name="create" time="0.011"/>
  <system-out/>
  <testcase classname="MTO.Standard_Sku" name="create" time="0.011"/>
  <system-out/>
  <testcase classname="MTO.Standard_Sku" name="create" time="0.012"/>
  <system-out/>
  <testcase classname="MTO.Standard_Sku" name="create" time="0.011"/>
  <system-out/>
  <testcase classname="MTO.Standard_Sku" name="create" time="0.011"/>
  <system-out/>
  <testcase classname="MTO.Standard_Sku" name="create" time="0.013"/>
  <system-out/>
  <testcase classname="MTO.Standard_Sku" name="create" time="0.013"/>
  <system-out/>
  <testcase classname="MTO.Standard_Sku" name="create" time="0.009"/>
  <system-out/>
  <testcase classname="MTO.Standard_Sku" name="create" time="0.012"/>
  <system-out/>
  <testcase classname="MTO.Standard_Sku" name="create" time="0.010"/>
  <system-out/>
  <testcase classname="MTO.Standard_Sku" name="create" time="0.011"/>
  <system-out/>
  <testcase classname="MTO.Standard_Sku" name="create" time="0.011"/>
  <system-out/>
  <testcase classname="MTO.Standard_Sku" name="create" time="0.012"/>
  <system-out/>
  <testcase classname="MTO.Standard_Sku" name="create" time="0.010"/>
  <system-out/>
  <testcase classname="MTO.Standard_Sku" name="create" time="0.014"/>
  <system-out/>
  <testcase classname="MTO.Standard_Sku" name="create" time="0.011"/>
  <system-out/>
  <testcase classname="MTO.Standard_Sku" name="create" time="0.011"/>
  <system-out/>
  <testcase classname="MTO.Standard_Sku" name="create" time="0.014"/>
  <system-out/>
  <testcase classname="MTO.Standard_Sku" name="create" time="0.011"/>
  <system-out/>
  <testcase classname="MTO.Standard_Sku" name="create" time="0.012"/>
  <system-out/>
  <testcase classname="MTO.Standard_Sku" name="create" time="0.011"/>
  <system-out/>
  <testcase classname="MTO.Standard_Sku" name="create" time="0.018"/>
  <system-out/>
  <testcase classname="MTO.Standard_Sku" name="create" time="0.012"/>
  <system-out/>
  <testcase classname="MTO.Standard_Sku" name="create" time="0.012"/>
  <system-out/>
  <testcase classname="MTO.Standard_Sku" name="create" time="0.013"/>
  <system-out/>
  <testcase classname="MTO.Standard_Sku" name="create" time="0.011"/>
  <system-out/>
  <testcase classname="MTO.Standard_Sku" name="create" time="0.012"/>
  <system-out/>
  <testcase classname="MTO.Standard_Sku" name="create" time="0.010"/>
  <system-out/>
  <testcase classname="MTO.Standard_Sku" name="create" time="0.013"/>
  <system-out/>
  <testcase classname="MTO.Standard_Sku" name="create" time="0.011"/>
  <system-out/>
  <testcase classname="MTO.Standard_Sku" name="create" time="0.011"/>
  <system-out/>
  <testcase classname="MTO.Standard_Sku" name="create" time="0.012"/>
  <system-out/>
  <testcase classname="MTO.Standard_Sku" name="create" time="0.021"/>
  <system-out/>
  <testcase classname="MTO.Standard_Sku" name="create" time="0.013"/>
  <system-out/>
  <testcase classname="MTO.Standard_Sku" name="create" time="0.012"/>
  <system-out/>
  <testcase classname="MTO.Standard_Sku" name="create" time="0.014"/>
  <system-out/>
  <testcase classname="MTO.Standard_Sku" name="create" time="0.011"/>
  <system-out/>
  <testcase classname="MTO.Standard_Sku" name="create" time="0.012"/>
  <system-out/>
  <testcase classname="MTO.Standard_Sku" name="create" time="0.013"/>
  <system-out/>
  <testcase classname="MTO.Standard_Sku" name="create" time="0.014"/>
  <system-out/>
  <testcase classname="MTO.Standard_Sku" name="create" time="0.011"/>
  <system-out/>
  <testcase classname="MTO.Standard_Sku" name="create" time="0.012"/>
  <system-out/>
  <testcase classname="MTO.Standard_Sku" name="create" time="0.014"/>
  <system-out/>
  <testcase classname="MTO.Standard_Sku" name="create" time="0.010"/>
  <system-out/>
  <testcase classname="MTO.Standard_Sku" name="create" time="0.011"/>
  <system-out/>
  <testcase classname="MTO.Standard_Sku" name="create" time="0.013"/>
  <system-out/>
  <testcase classname="MTO.Standard_Sku" name="create" time="0.011"/>
  <system-out/>
  <testcase classname="MTO.Standard_Sku" name="create" time="0.010"/>
  <system-out/>
  <testcase classname="MTO.Standard_Sku" name="create" time="0.014"/>
  <system-out/>
  <testcase classname="MTO.Standard_Sku" name="create" time="0.009"/>
  <system-out/>
  <testcase classname="MTO.Standard_Sku" name="create" time="0.016"/>
  <system-out/>
  <testcase classname="MTO.Standard_Sku" name="create" time="0.014"/>
  <system-out/>
  <testcase classname="MTO.Standard_Sku" name="create" time="0.016"/>
  <system-out/>
  <testcase classname="MTO.Standard_Sku" name="create" time="0.011"/>
  <system-out/>
  <testcase classname="MTO.Standard_Sku" name="create" time="0.020"/>
  <system-out/>
  <testcase classname="MTO.Standard_Sku" name="create" time="0.013"/>
  <system-out/>
  <testcase classname="MTO.Standard_Sku" name="create" time="0.010"/>
  <system-out/>
  <testcase classname="MTO.Standard_Sku" name="create" time="0.011"/>
  <system-out/>
  <testcase classname="MTO.Standard_Sku" name="create" time="0.011"/>
  <system-out/>
  <testcase classname="MTO.Standard_Sku" name="create" time="0.011"/>
  <system-out/>
  <testcase classname="MTO.Standard_Sku" name="create" time="0.010"/>
  <system-out/>
  <testcase classname="MTO.Standard_Sku" name="create" time="0.018"/>
  <system-out/>
  <testcase classname="MTO.Standard_Sku" name="create" time="0.024"/>
  <system-out/>
  <testcase classname="MTO.Standard_Sku" name="create" time="0.016"/>
  <system-out/>
  <testcase classname="MTO.Standard_Sku" name="create" time="0.010"/>
  <system-out/>
  <testcase classname="MTO.Standard_Sku" name="create" time="0.015"/>
  <system-out/>
  <testcase classname="MTO.Standard_Sku" name="create" time="0.011"/>
  <system-out/>
  <testcase classname="MTO.Standard_Sku" name="create" time="0.012"/>
  <system-out/>
  <testcase classname="MTO.Standard_Sku" name="create" time="0.011"/>
  <system-out/>
  <testcase classname="MTO.Standard_Sku" name="create" time="0.012"/>
  <system-out/>
  <testcase classname="MTO.Standard_Sku" name="create" time="0.011"/>
  <system-out/>
  <testcase classname="MTO.Standard_Sku" name="create" time="0.009"/>
  <system-out/>
  <testcase classname="MTO.Standard_Sku" name="create" time="0.018"/>
  <system-out/>
  <testcase classname="MTO.Standard_Sku" name="create" time="0.010"/>
  <system-out/>
  <testcase classname="MTO.Standard_Sku" name="create" time="0.026"/>
  <system-out/>
  <testcase classname="MTO.Standard_Sku" name="create" time="0.040"/>
  <system-out/>
  <testcase classname="MTO.Standard_Sku" name="create" time="0.012"/>
  <system-out/>
  <testcase classname="MTO.Standard_Sku" name="create" time="0.012"/>
  <system-out/>
  <testcase classname="MTO.Standard_Sku" name="create" time="0.011"/>
  <system-out/>
  <testcase classname="MTO.Standard_Sku" name="create" time="0.012"/>
  <system-out/>
  <testcase classname="MTO.Standard_Sku" name="create" time="0.015"/>
  <system-out/>
  <testcase classname="MTO.Standard_Sku" name="create" time="0.009"/>
  <system-out/>
  <testcase classname="MTO.Standard_Sku" name="create" time="0.022"/>
  <system-out/>
  <testcase classname="MTO.Standard_Sku" name="create" time="0.016"/>
  <system-out/>
  <testcase classname="MTO.Standard_Sku" name="create" time="0.012"/>
  <system-out/>
  <testcase classname="MTO.Standard_Sku" name="create" time="0.010"/>
  <system-out/>
  <testcase classname="MTO.Standard_Sku" name="create" time="0.012"/>
  <system-out/>
  <testcase classname="MTO.Standard_Sku" name="create" time="0.017"/>
  <system-out/>
  <testcase classname="MTO.Standard_Sku" name="create" time="0.012"/>
  <system-out/>
  <testcase classname="MTO.Standard_Sku" name="create" time="0.017"/>
  <system-out/>
  <testcase classname="MTO.Standard_Sku" name="create" time="0.013"/>
  <system-out/>
  <testcase classname="MTO.Standard_Sku" name="create" time="0.010"/>
  <system-out/>
  <testcase classname="MTO.Standard_Sku" name="create" time="0.010"/>
  <system-out/>
  <testcase classname="MTO.Standard_Sku" name="create" time="0.011"/>
  <system-out/>
  <testcase classname="MTO.Standard_Sku" name="create" time="0.014"/>
  <system-out/>
  <testcase classname="MTO.Standard_Sku" name="create" time="0.010"/>
  <system-out/>
  <testcase classname="MTO.Standard_Sku" name="create" time="0.014"/>
  <system-out/>
  <testcase classname="MTO.Standard_Sku" name="create" time="0.017"/>
  <system-out/>
  <testcase classname="MTO.Standard_Sku" name="create" time="0.012"/>
  <system-out/>
  <testcase classname="MTO.Standard_Sku" name="create" time="0.011"/>
  <system-out/>
  <testcase classname="MTO.Standard_Sku" name="create" time="0.011"/>
  <system-out/>
  <testcase classname="MTO.Standard_Sku" name="create" time="0.012"/>
  <system-out/>
  <testcase classname="MTO.Standard_Sku" name="create" time="0.018"/>
  <system-out/>
  <testcase classname="MTO.Standard_Sku" name="create" time="0.012"/>
  <system-out/>
  <testcase classname="MTO.Standard_Sku" name="create" time="0.012"/>
  <system-out/>
  <testcase classname="MTO.Standard_Sku" name="create" time="0.011"/>
  <system-out/>
  <testcase classname="MTO.Standard_Sku" name="create" time="0.010"/>
  <system-out/>
  <testcase classname="MTO.Standard_Sku" name="create" time="0.013"/>
  <system-out/>
  <testcase classname="MTO.Standard_Sku" name="create" time="0.010"/>
  <system-out/>
  <testcase classname="MTO.Standard_Sku" name="create" time="0.013"/>
  <system-out/>
  <testcase classname="MTO.Standard_Sku" name="create" time="0.011"/>
  <system-out/>
  <testcase classname="MTO.Standard_Sku" name="create" time="0.014"/>
  <system-out/>
  <testcase classname="MTO.Standard_Sku" name="create" time="0.025"/>
  <system-out/>
  <testcase classname="MTO.Standard_Sku" name="create" time="0.011"/>
  <system-out/>
  <testcase classname="MTO.Standard_Sku" name="create" time="0.010"/>
  <system-out/>
  <testcase classname="MTO.Standard_Sku" name="create" time="0.011"/>
  <system-out/>
  <testcase classname="MTO.Standard_Sku" name="create" time="0.016"/>
  <system-out/>
  <testcase classname="MTO.Standard_Sku" name="create" time="0.018"/>
  <system-out/>
  <testcase classname="MTO.Standard_Sku" name="create" time="0.010"/>
  <system-out/>
  <testcase classname="MTO.Standard_Sku" name="create" time="0.011"/>
  <system-out/>
  <testcase classname="MTO.Standard_Sku" name="create" time="0.012"/>
  <system-out/>
  <testcase classname="MTO.Standard_Sku" name="create" time="0.011"/>
  <system-out/>
  <testcase classname="MTO.Standard_Sku" name="create" time="0.010"/>
  <system-out/>
  <testcase classname="MTO.Standard_Sku" name="create" time="0.011"/>
  <system-out/>
  <testcase classname="MTO.Standard_Sku" name="create" time="0.014"/>
  <system-out/>
  <testcase classname="MTO.Standard_Sku" name="create" time="0.013"/>
  <system-out/>
  <testcase classname="MTO.Standard_Sku" name="create" time="0.010"/>
  <system-out/>
  <testcase classname="MTO.Standard_Sku" name="create" time="0.012"/>
  <system-out/>
  <testcase classname="MTO.Standard_Sku" name="create" time="0.012"/>
  <system-out/>
  <testcase classname="MTO.Standard_Sku" name="create" time="0.020"/>
  <system-out/>
  <testcase classname="MTO.Standard_Sku" name="create" time="0.010"/>
  <system-out/>
  <testcase classname="MTO.Standard_Sku" name="create" time="0.014"/>
  <system-out/>
  <testcase classname="MTO.Standard_Sku" name="create" time="0.012"/>
  <system-out/>
  <testcase classname="MTO.Standard_Sku" name="create" time="0.012"/>
  <system-out/>
  <testcase classname="MTO.Standard_Sku" name="create" time="0.010"/>
  <system-out/>
  <testcase classname="MTO.Standard_Sku" name="create" time="0.010"/>
  <system-out/>
  <testcase classname="MTO.Standard_Sku" name="create" time="0.011"/>
  <system-out/>
  <testcase classname="MTO.Standard_Sku" name="create" time="0.010"/>
  <system-out/>
  <testcase classname="MTO.Standard_Sku" name="create" time="0.027"/>
  <system-out/>
  <testcase classname="MTO.Standard_Sku" name="create" time="0.018"/>
  <system-out/>
  <testcase classname="MTO.Standard_Sku" name="create" time="0.011"/>
  <system-out/>
  <testcase classname="MTO.Standard_Sku" name="create" time="0.009"/>
  <system-out/>
  <testcase classname="MTO.Standard_Sku" name="create" time="0.014"/>
  <system-out/>
  <testcase classname="MTO.Standard_Sku" name="create" time="0.021"/>
  <system-out/>
  <testcase classname="MTO.Standard_Sku" name="create" time="0.010"/>
  <system-out/>
  <testcase classname="MTO.Standard_Sku" name="create" time="0.027"/>
  <system-out/>
  <testcase classname="MTO.Standard_Sku" name="create" time="0.011"/>
  <system-out/>
  <testcase classname="MTO.Standard_Sku" name="create" time="0.011"/>
  <system-out/>
  <testcase classname="MTO.Standard_Sku" name="create" time="0.009"/>
  <system-out/>
  <testcase classname="MTO.Standard_Sku" name="create" time="0.010"/>
  <system-out/>
  <testcase classname="MTO.Standard_Sku" name="create" time="0.011"/>
  <system-out/>
  <testcase classname="MTO.Standard_Sku" name="create" time="0.013"/>
  <system-out/>
  <testcase classname="MTO.Standard_Sku" name="create" time="0.011"/>
  <system-out/>
  <testcase classname="MTO.Standard_Sku" name="create" time="0.011"/>
  <system-out/>
  <testcase classname="MTO.Standard_Sku" name="create" time="0.009"/>
  <system-out/>
  <testcase classname="MTO.Standard_Sku" name="create" time="0.010"/>
  <system-out/>
  <testcase classname="MTO.Standard_Sku" name="create" time="0.010"/>
  <system-out/>
  <testcase classname="MTO.Standard_Sku" name="create" time="0.014"/>
  <system-out/>
  <testcase classname="MTO.Standard_Sku" name="create" time="0.011"/>
  <system-out/>
  <testcase classname="MTO.Standard_Sku" name="create" time="0.011"/>
  <system-out/>
  <testcase classname="MTO.Standard_Sku" name="create" time="0.011"/>
  <system-out/>
  <testcase classname="MTO.Standard_Sku" name="create" time="0.029"/>
  <system-out/>
  <testcase classname="MTO.Standard_Sku" name="create" time="0.015"/>
  <system-out/>
  <testcase classname="MTO.Standard_Sku" name="create" time="0.012"/>
  <system-out/>
  <testcase classname="MTO.Standard_Sku" name="create" time="0.010"/>
  <system-out/>
  <testcase classname="MTO.Standard_Sku" name="create" time="0.011"/>
  <system-out/>
  <testcase classname="MTO.Standard_Sku" name="create" time="0.011"/>
  <system-out/>
  <testcase classname="MTO.Standard_Sku" name="create" time="0.019"/>
  <system-out/>
  <testcase classname="MTO.Standard_Sku" name="create" time="0.010"/>
  <system-out/>
  <testcase classname="MTO.Standard_Sku" name="create" time="0.011"/>
  <system-out/>
  <testcase classname="MTO.Standard_Sku" name="create" time="0.011"/>
  <system-out/>
  <testcase classname="MTO.Standard_Sku" name="create" time="0.011"/>
  <system-out/>
  <testcase classname="MTO.Standard_Sku" name="create" time="0.012"/>
  <system-out/>
  <testcase classname="MTO.Standard_Sku" name="create" time="0.011"/>
  <system-out/>
  <testcase classname="MTO.Standard_Sku" name="create" time="0.011"/>
  <system-out/>
  <testcase classname="MTO.Standard_Sku" name="create" time="0.012"/>
  <system-out/>
  <testcase classname="MTO.Standard_Sku" name="create" time="0.011"/>
  <system-out/>
  <testcase classname="MTO.Standard_Sku" name="create" time="0.011"/>
  <system-out/>
  <testcase classname="MTO.Standard_Sku" name="create" time="0.011"/>
  <system-out/>
  <testcase classname="MTO.Standard_Sku" name="create" time="0.011"/>
  <system-out/>
  <testcase classname="MTO.Standard_Sku" name="create" time="0.012"/>
  <system-out/>
  <testcase classname="MTO.Standard_Sku" name="create" time="0.010"/>
  <system-out/>
  <testcase classname="MTO.Standard_Sku" name="create" time="0.010"/>
  <system-out/>
  <testcase classname="MTO.Standard_Sku" name="create" time="0.011"/>
  <system-out/>
  <testcase classname="MTO.Standard_Sku" name="create" time="0.013"/>
  <system-out/>
  <testcase classname="MTO.Standard_Sku" name="create" time="0.013"/>
  <system-out/>
  <testcase classname="MTO.Standard_Sku" name="create" time="0.011"/>
  <system-out/>
  <testcase classname="MTO.Standard_Sku" name="create" time="0.012"/>
  <system-out/>
  <testcase classname="MTO.Standard_Sku" name="create" time="0.015"/>
  <system-out/>
  <testcase classname="MTO.Standard_Sku" name="create" time="0.011"/>
  <system-out/>
  <testcase classname="MTO.Standard_Sku" name="create" time="0.021"/>
  <system-out/>
  <testcase classname="MTO.Standard_Sku" name="create" time="0.015"/>
  <system-out/>
  <testcase classname="MTO.Standard_Sku" name="create" time="0.010"/>
  <system-out/>
  <testcase classname="MTO.Standard_Sku" name="create" time="0.012"/>
  <system-out/>
  <testcase classname="MTO.Standard_Sku" name="create" time="0.013"/>
  <system-out/>
  <testcase classname="MTO.Standard_Sku" name="create" time="0.018"/>
  <system-out/>
  <testcase classname="MTO.Standard_Sku" name="create" time="0.011"/>
  <system-out/>
  <testcase classname="MTO.Standard_Sku" name="create" time="0.011"/>
  <system-out/>
  <testcase classname="MTO.Standard_Sku" name="create" time="0.011"/>
  <system-out/>
  <testcase classname="MTO.Standard_Sku" name="create" time="0.015"/>
  <system-out/>
  <testcase classname="MTO.Standard_Sku" name="create" time="0.012"/>
  <system-out/>
  <testcase classname="MTO.Standard_Sku" name="create" time="0.009"/>
  <system-out/>
  <testcase classname="MTO.Standard_Sku" name="create" time="0.011"/>
  <system-out/>
  <testcase classname="MTO.Standard_Sku" name="create" time="0.010"/>
  <system-out/>
  <testcase classname="MTO.Standard_Sku" name="create" time="0.012"/>
  <system-out/>
  <testcase classname="MTO.Standard_Sku" name="create" time="0.012"/>
  <system-out/>
  <testcase classname="MTO.Standard_Sku" name="create" time="0.010"/>
  <system-out/>
  <testcase classname="MTO.Standard_Sku" name="create" time="0.010"/>
  <system-out/>
  <testcase classname="MTO.Standard_Sku" name="create" time="0.013"/>
  <system-out/>
  <testcase classname="MTO.Standard_Sku" name="create" time="0.025"/>
  <system-out/>
  <testcase classname="MTO.Standard_Sku" name="create" time="0.011"/>
  <system-out/>
  <testcase classname="MTO.Standard_Sku" name="create" time="0.011"/>
  <system-out/>
  <testcase classname="MTO.Standard_Sku" name="create" time="0.012"/>
  <system-out/>
  <testcase classname="MTO.Standard_Sku" name="create" time="0.011"/>
  <system-out/>
  <testcase classname="MTO.Standard_Sku" name="create" time="0.011"/>
  <system-out/>
  <testcase classname="MTO.Standard_Sku" name="create" time="0.015"/>
  <system-out/>
  <testcase classname="MTO.Standard_Sku" name="create" time="0.016"/>
  <system-out/>
  <testcase classname="MTO.Standard_Sku" name="create" time="0.011"/>
  <system-out/>
  <testcase classname="MTO.Standard_Sku" name="create" time="0.011"/>
  <system-out/>
  <testcase classname="MTO.Standard_Sku" name="create" time="0.011"/>
  <system-out/>
  <testcase classname="MTO.Standard_Sku" name="create" time="0.011"/>
  <system-out/>
  <testcase classname="MTO.Standard_Sku" name="create" time="0.010"/>
  <system-out/>
  <testcase classname="MTO.Standard_Sku" name="create" time="0.014"/>
  <system-out/>
  <testcase classname="MTO.Standard_Sku" name="create" time="0.019"/>
  <system-out/>
  <testcase classname="MTO.Standard_Sku" name="create" time="0.011"/>
  <system-out/>
  <testcase classname="MTO.Standard_Sku" name="create" time="0.013"/>
  <system-out/>
  <testcase classname="MTO.Standard_Sku" name="create" time="0.010"/>
  <system-out/>
  <testcase classname="MTO.Standard_Sku" name="create" time="0.009"/>
  <system-out/>
  <testcase classname="MTO.Standard_Sku" name="create" time="0.012"/>
  <system-out/>
  <testcase classname="MTO.Standard_Sku" name="create" time="0.010"/>
  <system-out/>
  <testcase classname="MTO.Standard_Sku" name="create" time="0.016"/>
  <system-out/>
  <testcase classname="MTO.Standard_Sku" name="create" time="0.011"/>
  <system-out/>
  <testcase classname="MTO.Standard_Sku" name="create" time="0.012"/>
  <system-out/>
  <testcase classname="MTO.Standard_Sku" name="create" time="0.010"/>
  <system-out/>
  <testcase classname="MTO.Standard_Sku" name="create" time="0.010"/>
  <system-out/>
  <testcase classname="MTO.Standard_Sku" name="create" time="0.012"/>
  <system-out/>
  <testcase classname="MTO.Standard_Sku" name="create" time="0.010"/>
  <system-out/>
  <testcase classname="MTO.Standard_Sku" name="create" time="0.014"/>
  <system-out/>
  <testcase classname="MTO.Standard_Sku" name="create" time="0.013"/>
  <system-out/>
  <testcase classname="MTO.Standard_Sku" name="create" time="0.010"/>
  <system-out/>
  <testcase classname="MTO.Standard_Sku" name="create" time="0.016"/>
  <system-out/>
  <testcase classname="MTO.Standard_Sku" name="create" time="0.012"/>
  <system-out/>
  <testcase classname="MTO.Standard_Sku" name="create" time="0.012"/>
  <system-out/>
  <testcase classname="MTO.Standard_Sku" name="create" time="0.014"/>
  <system-out/>
  <testcase classname="MTO.Standard_Sku" name="create" time="0.012"/>
  <system-out/>
  <testcase classname="MTO.Standard_Sku" name="create" time="0.011"/>
  <system-out/>
  <testcase classname="MTO.Standard_Sku" name="create" time="0.011"/>
  <system-out/>
  <testcase classname="MTO.Standard_Sku" name="create" time="0.011"/>
  <system-out/>
  <testcase classname="MTO.Standard_Sku" name="create" time="0.011"/>
  <system-out/>
  <testcase classname="MTO.Standard_Sku" name="create" time="0.014"/>
  <system-out/>
  <testcase classname="MTO.Standard_Sku" name="create" time="0.010"/>
  <system-out/>
  <testcase classname="MTO.Standard_Sku" name="create" time="0.014"/>
  <system-out/>
  <testcase classname="MTO.Standard_Sku" name="create" time="0.010"/>
  <system-out/>
  <testcase classname="MTO.Standard_Sku" name="create" time="0.011"/>
  <system-out/>
  <testcase classname="MTO.Standard_Sku" name="create" time="0.011"/>
  <system-out/>
  <testcase classname="MTO.Standard_Sku" name="create" time="0.073"/>
  <system-out/>
  <testcase classname="MTO.Standard_Sku" name="create" time="0.012"/>
  <system-out/>
  <testcase classname="MTO.Standard_Sku" name="create" time="0.010"/>
  <system-out/>
  <testcase classname="MTO.Standard_Sku" name="create" time="0.011"/>
  <system-out/>
  <testcase classname="MTO.Standard_Sku" name="create" time="0.010"/>
  <system-out/>
  <testcase classname="MTO.Standard_Sku" name="create" time="0.011"/>
  <system-out/>
  <testcase classname="MTO.Standard_Sku" name="create" time="0.012"/>
  <system-out/>
  <testcase classname="MTO.Standard_Sku" name="create" time="0.011"/>
  <system-out/>
  <testcase classname="MTO.Standard_Sku" name="create" time="0.012"/>
  <system-out/>
  <testcase classname="MTO.Standard_Sku" name="create" time="0.011"/>
  <system-out/>
  <testcase classname="MTO.Standard_Sku" name="create" time="0.010"/>
  <system-out/>
  <testcase classname="MTO.Standard_Sku" name="create" time="0.010"/>
  <system-out/>
  <testcase classname="MTO.Standard_Sku" name="create" time="0.011"/>
  <system-out/>
</testsuite> <!-- MTO.Standard_Sku -->
