<?xml version="1.0" encoding="UTF-8"?>
<!-- Generated by org.testng.reporters.JUnitReportReporter -->
<testsuite hostname="radhey" failures="0" tests="1" name="RestAssured.RestAssured.Patch_Put_445ID" time="2.818" errors="0" timestamp="2024-01-27T12:49:22 IST" skipped="0">
  <testcase classname="RestAssured.RestAssured.Patch_Put_445ID" name="test01" time="2.818"/>
  <system-out/>
</testsuite> <!-- RestAssured.RestAssured.Patch_Put_445ID -->
