<?xml version="1.0" encoding="UTF-8"?>
<!-- Generated by org.testng.reporters.JUnitReportReporter -->
<testsuite hostname="radhey" failures="0" tests="1" name="HTTP_Vlaidate.BDD_Velidate" time="2.329" errors="0" timestamp="2024-02-01T20:15:54 IST" skipped="0">
  <testcase classname="HTTP_Vlaidate.BDD_Velidate" name="Test01" time="2.329"/>
  <system-out/>
</testsuite> <!-- HTTP_Vlaidate.BDD_Velidate -->
