<?xml version="1.0" encoding="UTF-8"?>
<!-- Generated by org.testng.reporters.JUnitReportReporter -->
<testsuite hostname="radhey" failures="0" tests="1" name="RestAssured.RestAssured.FirstGetReqst" time="2.088" errors="0" timestamp="2024-01-30T21:26:10 IST" skipped="0">
  <testcase classname="RestAssured.RestAssured.FirstGetReqst" name="test01" time="2.088"/>
  <system-out/>
</testsuite> <!-- RestAssured.RestAssured.FirstGetReqst -->
