<?xml version="1.0" encoding="UTF-8"?>
<!-- Generated by org.testng.reporters.JUnitReportReporter -->
<testsuite hostname="radhey" failures="0" tests="1" name="RestAssured.RestAssured.First_POST" time="2.405" errors="0" timestamp="2024-01-27T11:58:27 IST" skipped="0">
  <testcase classname="RestAssured.RestAssured.First_POST" name="test01" time="2.405"/>
  <system-out/>
</testsuite> <!-- RestAssured.RestAssured.First_POST -->
