<?xml version="1.0" encoding="UTF-8"?>
<!-- Generated by org.testng.reporters.JUnitReportReporter -->
<testsuite hostname="radhey" failures="0" tests="20" name="Correct_Code.SKU_Secndry" time="0.032" errors="0" timestamp="2024-04-02T18:06:05 IST" skipped="0">
  <testcase classname="Correct_Code.SKU_Secndry" name="create" time="0.002"/>
  <system-out/>
  <testcase classname="Correct_Code.SKU_Secndry" name="create" time="0.002"/>
  <system-out/>
  <testcase classname="Correct_Code.SKU_Secndry" name="create" time="0.002"/>
  <system-out/>
  <testcase classname="Correct_Code.SKU_Secndry" name="create" time="0.001"/>
  <system-out/>
  <testcase classname="Correct_Code.SKU_Secndry" name="create" time="0.001"/>
  <system-out/>
  <testcase classname="Correct_Code.SKU_Secndry" name="create" time="0.001"/>
  <system-out/>
  <testcase classname="Correct_Code.SKU_Secndry" name="create" time="0.001"/>
  <system-out/>
  <testcase classname="Correct_Code.SKU_Secndry" name="create" time="0.001"/>
  <system-out/>
  <testcase classname="Correct_Code.SKU_Secndry" name="create" time="0.001"/>
  <system-out/>
  <testcase classname="Correct_Code.SKU_Secndry" name="create" time="0.002"/>
  <system-out/>
  <testcase classname="Correct_Code.SKU_Secndry" name="create" time="0.002"/>
  <system-out/>
  <testcase classname="Correct_Code.SKU_Secndry" name="create" time="0.000"/>
  <system-out/>
  <testcase classname="Correct_Code.SKU_Secndry" name="create" time="0.001"/>
  <system-out/>
  <testcase classname="Correct_Code.SKU_Secndry" name="create" time="0.001"/>
  <system-out/>
  <testcase classname="Correct_Code.SKU_Secndry" name="create" time="0.002"/>
  <system-out/>
  <testcase classname="Correct_Code.SKU_Secndry" name="create" time="0.006"/>
  <system-out/>
  <testcase classname="Correct_Code.SKU_Secndry" name="create" time="0.002"/>
  <system-out/>
  <testcase classname="Correct_Code.SKU_Secndry" name="create" time="0.001"/>
  <system-out/>
  <testcase classname="Correct_Code.SKU_Secndry" name="create" time="0.001"/>
  <system-out/>
  <testcase classname="Correct_Code.SKU_Secndry" name="create" time="0.002"/>
  <system-out/>
</testsuite> <!-- Correct_Code.SKU_Secndry -->
