<?xml version="1.0" encoding="UTF-8"?>
<!-- Generated by org.testng.reporters.JUnitReportReporter -->
<testsuite hostname="radhey" failures="0" tests="11" name="MTO.Standard_Sku" time="3.658" errors="0" timestamp="2024-04-24T15:56:08 IST" skipped="0">
  <testcase classname="MTO.Standard_Sku" name="create" time="1.948"/>
  <system-out/>
  <testcase classname="MTO.Standard_Sku" name="create" time="0.173"/>
  <system-out/>
  <testcase classname="MTO.Standard_Sku" name="create" time="0.150"/>
  <system-out/>
  <testcase classname="MTO.Standard_Sku" name="create" time="0.170"/>
  <system-out/>
  <testcase classname="MTO.Standard_Sku" name="create" time="0.180"/>
  <system-out/>
  <testcase classname="MTO.Standard_Sku" name="create" time="0.159"/>
  <system-out/>
  <testcase classname="MTO.Standard_Sku" name="create" time="0.181"/>
  <system-out/>
  <testcase classname="MTO.Standard_Sku" name="create" time="0.170"/>
  <system-out/>
  <testcase classname="MTO.Standard_Sku" name="create" time="0.196"/>
  <system-out/>
  <testcase classname="MTO.Standard_Sku" name="create" time="0.134"/>
  <system-out/>
  <testcase classname="MTO.Standard_Sku" name="create" time="0.197"/>
  <system-out/>
</testsuite> <!-- MTO.Standard_Sku -->
