<?xml version="1.0" encoding="UTF-8"?>
<!-- Generated by org.testng.reporters.JUnitReportReporter -->
<testsuite hostname="radhey" failures="0" tests="20" name="Correct_Code.CAtalogue_Secndry" time="6.080" errors="0" timestamp="2024-03-09T17:02:16 IST" skipped="0">
  <testcase classname="Correct_Code.CAtalogue_Secndry" name="create" time="0.202"/>
  <system-out/>
  <testcase classname="Correct_Code.CAtalogue_Secndry" name="create" time="0.147"/>
  <system-out/>
  <testcase classname="Correct_Code.CAtalogue_Secndry" name="create" time="0.173"/>
  <system-out/>
  <testcase classname="Correct_Code.CAtalogue_Secndry" name="create" time="2.786"/>
  <system-out/>
  <testcase classname="Correct_Code.CAtalogue_Secndry" name="create" time="0.153"/>
  <system-out/>
  <testcase classname="Correct_Code.CAtalogue_Secndry" name="create" time="0.151"/>
  <system-out/>
  <testcase classname="Correct_Code.CAtalogue_Secndry" name="create" time="0.170"/>
  <system-out/>
  <testcase classname="Correct_Code.CAtalogue_Secndry" name="create" time="0.184"/>
  <system-out/>
  <testcase classname="Correct_Code.CAtalogue_Secndry" name="create" time="0.169"/>
  <system-out/>
  <testcase classname="Correct_Code.CAtalogue_Secndry" name="create" time="0.202"/>
  <system-out/>
  <testcase classname="Correct_Code.CAtalogue_Secndry" name="create" time="0.202"/>
  <system-out/>
  <testcase classname="Correct_Code.CAtalogue_Secndry" name="create" time="0.184"/>
  <system-out/>
  <testcase classname="Correct_Code.CAtalogue_Secndry" name="create" time="0.186"/>
  <system-out/>
  <testcase classname="Correct_Code.CAtalogue_Secndry" name="create" time="0.189"/>
  <system-out/>
  <testcase classname="Correct_Code.CAtalogue_Secndry" name="create" time="0.125"/>
  <system-out/>
  <testcase classname="Correct_Code.CAtalogue_Secndry" name="create" time="0.171"/>
  <system-out/>
  <testcase classname="Correct_Code.CAtalogue_Secndry" name="create" time="0.183"/>
  <system-out/>
  <testcase classname="Correct_Code.CAtalogue_Secndry" name="create" time="0.152"/>
  <system-out/>
  <testcase classname="Correct_Code.CAtalogue_Secndry" name="create" time="0.157"/>
  <system-out/>
  <testcase classname="Correct_Code.CAtalogue_Secndry" name="create" time="0.194"/>
  <system-out/>
</testsuite> <!-- Correct_Code.CAtalogue_Secndry -->
