<?xml version="1.0" encoding="UTF-8"?>
<!-- Generated by org.testng.reporters.JUnitReportReporter -->
<testsuite hostname="radhey" failures="0" tests="1" name="HTTP_Vlaidate.Validte_JSON_BODY" time="3.167" errors="0" timestamp="2024-01-28T14:24:37 IST" skipped="0">
  <testcase classname="HTTP_Vlaidate.Validte_JSON_BODY" name="test01" time="3.167"/>
  <system-out/>
</testsuite> <!-- HTTP_Vlaidate.Validte_JSON_BODY -->
