<?xml version="1.0" encoding="UTF-8"?>
<!-- Generated by org.testng.reporters.JUnitReportReporter -->
<testsuite hostname="radhey" failures="0" tests="1" name="RestAssured.RestAssured.Put_ID_445" time="2.921" errors="0" timestamp="2024-01-27T14:07:26 IST" skipped="0">
  <testcase classname="RestAssured.RestAssured.Put_ID_445" name="test01" time="2.921"/>
  <system-out/>
</testsuite> <!-- RestAssured.RestAssured.Put_ID_445 -->
