<?xml version="1.0" encoding="UTF-8"?>
<!-- Generated by org.testng.reporters.JUnitReportReporter -->
<testsuite hostname="radhey" failures="0" tests="20" name="Correct_Code.SKU_Secndry" time="7.849" errors="0" timestamp="2024-04-29T16:14:30 IST" skipped="0">
  <testcase classname="Correct_Code.SKU_Secndry" name="create" time="0.306"/>
  <system-out/>
  <testcase classname="Correct_Code.SKU_Secndry" name="create" time="0.205"/>
  <system-out/>
  <testcase classname="Correct_Code.SKU_Secndry" name="create" time="0.205"/>
  <system-out/>
  <testcase classname="Correct_Code.SKU_Secndry" name="create" time="0.304"/>
  <system-out/>
  <testcase classname="Correct_Code.SKU_Secndry" name="create" time="0.308"/>
  <system-out/>
  <testcase classname="Correct_Code.SKU_Secndry" name="create" time="0.302"/>
  <system-out/>
  <testcase classname="Correct_Code.SKU_Secndry" name="create" time="0.312"/>
  <system-out/>
  <testcase classname="Correct_Code.SKU_Secndry" name="create" time="0.318"/>
  <system-out/>
  <testcase classname="Correct_Code.SKU_Secndry" name="create" time="0.316"/>
  <system-out/>
  <testcase classname="Correct_Code.SKU_Secndry" name="create" time="0.235"/>
  <system-out/>
  <testcase classname="Correct_Code.SKU_Secndry" name="create" time="0.295"/>
  <system-out/>
  <testcase classname="Correct_Code.SKU_Secndry" name="create" time="0.205"/>
  <system-out/>
  <testcase classname="Correct_Code.SKU_Secndry" name="create" time="0.299"/>
  <system-out/>
  <testcase classname="Correct_Code.SKU_Secndry" name="create" time="0.305"/>
  <system-out/>
  <testcase classname="Correct_Code.SKU_Secndry" name="create" time="0.190"/>
  <system-out/>
  <testcase classname="Correct_Code.SKU_Secndry" name="create" time="2.642"/>
  <system-out/>
  <testcase classname="Correct_Code.SKU_Secndry" name="create" time="0.313"/>
  <system-out/>
  <testcase classname="Correct_Code.SKU_Secndry" name="create" time="0.299"/>
  <system-out/>
  <testcase classname="Correct_Code.SKU_Secndry" name="create" time="0.296"/>
  <system-out/>
  <testcase classname="Correct_Code.SKU_Secndry" name="create" time="0.194"/>
  <system-out/>
</testsuite> <!-- Correct_Code.SKU_Secndry -->
