<?xml version="1.0" encoding="UTF-8"?>
<!-- Generated by org.testng.reporters.JUnitReportReporter -->
<testsuite hostname="radhey" failures="0" tests="1" name="CREAT_UPC_NAME.Nmae_UPC" time="0.015" errors="0" timestamp="2024-04-03T18:21:09 IST" skipped="0">
  <testcase classname="CREAT_UPC_NAME.Nmae_UPC" name="UPC" time="0.015"/>
  <system-out/>
</testsuite> <!-- CREAT_UPC_NAME.Nmae_UPC -->
