<?xml version="1.0" encoding="UTF-8"?>
<!-- Generated by org.testng.reporters.JUnitReportReporter -->
<testsuite hostname="radhey" failures="0" tests="1" name="HTTP_Vlaidate.ValidUsingTable" time="2.570" errors="0" timestamp="2024-01-27T22:40:26 IST" skipped="0">
  <testcase classname="HTTP_Vlaidate.ValidUsingTable" name="test01" time="2.570"/>
  <system-out/>
</testsuite> <!-- HTTP_Vlaidate.ValidUsingTable -->
