<?xml version="1.0" encoding="UTF-8"?>
<!-- Generated by org.testng.reporters.JUnitReportReporter -->
<testsuite hostname="radhey" failures="0" tests="1" name="RestAssured.RestAssured.Delete" time="2.949" errors="0" timestamp="2024-01-27T12:57:46 IST" skipped="0">
  <testcase classname="RestAssured.RestAssured.Delete" name="test01" time="2.949"/>
  <system-out/>
</testsuite> <!-- RestAssured.RestAssured.Delete -->
