<?xml version="1.0" encoding="UTF-8"?>
<!-- Generated by org.testng.reporters.JUnitReportReporter -->
<testsuite hostname="radhey" failures="0" tests="9" name="Correct_Code.Standard_Sku" time="0.017" errors="0" timestamp="2024-04-16T17:38:29 IST" skipped="0">
  <testcase classname="Correct_Code.Standard_Sku" name="create" time="0.004"/>
  <system-out/>
  <testcase classname="Correct_Code.Standard_Sku" name="create" time="0.006"/>
  <system-out/>
  <testcase classname="Correct_Code.Standard_Sku" name="create" time="0.001"/>
  <system-out/>
  <testcase classname="Correct_Code.Standard_Sku" name="create" time="0.001"/>
  <system-out/>
  <testcase classname="Correct_Code.Standard_Sku" name="create" time="0.001"/>
  <system-out/>
  <testcase classname="Correct_Code.Standard_Sku" name="create" time="0.001"/>
  <system-out/>
  <testcase classname="Correct_Code.Standard_Sku" name="create" time="0.001"/>
  <system-out/>
  <testcase classname="Correct_Code.Standard_Sku" name="create" time="0.001"/>
  <system-out/>
  <testcase classname="Correct_Code.Standard_Sku" name="create" time="0.001"/>
  <system-out/>
</testsuite> <!-- Correct_Code.Standard_Sku -->
