<?xml version="1.0" encoding="UTF-8"?>
<!-- Generated by org.testng.reporters.JUnitReportReporter -->
<testsuite hostname="radhey" failures="0" tests="25" name="MTO.MTO_Catalogue" time="6.993" errors="0" timestamp="2024-04-09T18:59:33 IST" skipped="0">
  <testcase classname="MTO.MTO_Catalogue" name="create" time="0.031"/>
  <system-out/>
  <testcase classname="MTO.MTO_Catalogue" name="create" time="0.329"/>
  <system-out/>
  <testcase classname="MTO.MTO_Catalogue" name="create" time="0.218"/>
  <system-out/>
  <testcase classname="MTO.MTO_Catalogue" name="create" time="0.385"/>
  <system-out/>
  <testcase classname="MTO.MTO_Catalogue" name="create" time="0.350"/>
  <system-out/>
  <testcase classname="MTO.MTO_Catalogue" name="create" time="0.415"/>
  <system-out/>
  <testcase classname="MTO.MTO_Catalogue" name="create" time="0.073"/>
  <system-out/>
  <testcase classname="MTO.MTO_Catalogue" name="create" time="0.396"/>
  <system-out/>
  <testcase classname="MTO.MTO_Catalogue" name="create" time="1.599"/>
  <system-out/>
  <testcase classname="MTO.MTO_Catalogue" name="create" time="0.025"/>
  <system-out/>
  <testcase classname="MTO.MTO_Catalogue" name="create" time="0.089"/>
  <system-out/>
  <testcase classname="MTO.MTO_Catalogue" name="create" time="0.263"/>
  <system-out/>
  <testcase classname="MTO.MTO_Catalogue" name="create" time="0.038"/>
  <system-out/>
  <testcase classname="MTO.MTO_Catalogue" name="create" time="0.357"/>
  <system-out/>
  <testcase classname="MTO.MTO_Catalogue" name="create" time="0.081"/>
  <system-out/>
  <testcase classname="MTO.MTO_Catalogue" name="create" time="0.387"/>
  <system-out/>
  <testcase classname="MTO.MTO_Catalogue" name="create" time="0.060"/>
  <system-out/>
  <testcase classname="MTO.MTO_Catalogue" name="create" time="0.165"/>
  <system-out/>
  <testcase classname="MTO.MTO_Catalogue" name="create" time="0.400"/>
  <system-out/>
  <testcase classname="MTO.MTO_Catalogue" name="create" time="0.062"/>
  <system-out/>
  <testcase classname="MTO.MTO_Catalogue" name="create" time="0.040"/>
  <system-out/>
  <testcase classname="MTO.MTO_Catalogue" name="create" time="0.048"/>
  <system-out/>
  <testcase classname="MTO.MTO_Catalogue" name="create" time="0.412"/>
  <system-out/>
  <testcase classname="MTO.MTO_Catalogue" name="create" time="0.399"/>
  <system-out/>
  <testcase classname="MTO.MTO_Catalogue" name="create" time="0.371"/>
  <system-out/>
</testsuite> <!-- MTO.MTO_Catalogue -->
