<?xml version="1.0" encoding="UTF-8"?>
<!-- Generated by org.testng.reporters.JUnitReportReporter -->
<testsuite hostname="radhey" failures="0" tests="1" name="RestAssured.RestAssured.BBD_Type" time="2.861" errors="0" timestamp="2024-01-26T23:08:28 IST" skipped="0">
  <testcase classname="RestAssured.RestAssured.BBD_Type" name="test01" time="2.861"/>
  <system-out/>
</testsuite> <!-- RestAssured.RestAssured.BBD_Type -->
